TN:
SF:crates/conjure_core/src/context.rs
FN:70,<conjure_core::context::Context as core::fmt::Debug>::fmt
FN:70,<conjure_core::context::Context as core::fmt::Debug>::fmt
FN:70,<conjure_core::context::Context as core::fmt::Debug>::fmt
FN:54,<conjure_core::context::Context>::new_ptr
FN:74,<conjure_core::context::Context as core::fmt::Debug>::fmt::{closure#1}
FN:36,<conjure_core::context::Context>::new
FN:73,<conjure_core::context::Context as core::fmt::Debug>::fmt::{closure#0}
FN:54,<conjure_core::context::Context>::new_ptr
FN:36,<conjure_core::context::Context>::new
FN:36,<conjure_core::context::Context>::new
FN:54,<conjure_core::context::Context>::new_ptr
FN:74,<conjure_core::context::Context as core::fmt::Debug>::fmt::{closure#1}
FN:73,<conjure_core::context::Context as core::fmt::Debug>::fmt::{closure#0}
FN:74,<conjure_core::context::Context as core::fmt::Debug>::fmt::{closure#1}
FN:73,<conjure_core::context::Context as core::fmt::Debug>::fmt::{closure#0}
FNDA:0,<conjure_core::context::Context as core::fmt::Debug>::fmt
FNDA:0,<conjure_core::context::Context as core::fmt::Debug>::fmt
FNDA:0,<conjure_core::context::Context as core::fmt::Debug>::fmt
FNDA:0,<conjure_core::context::Context>::new_ptr
FNDA:0,<conjure_core::context::Context as core::fmt::Debug>::fmt::{closure#1}
FNDA:0,<conjure_core::context::Context>::new
FNDA:0,<conjure_core::context::Context as core::fmt::Debug>::fmt::{closure#0}
FNDA:0,<conjure_core::context::Context>::new_ptr
FNDA:0,<conjure_core::context::Context>::new
FNDA:0,<conjure_core::context::Context>::new
FNDA:0,<conjure_core::context::Context>::new_ptr
FNDA:0,<conjure_core::context::Context as core::fmt::Debug>::fmt::{closure#1}
FNDA:0,<conjure_core::context::Context as core::fmt::Debug>::fmt::{closure#0}
FNDA:0,<conjure_core::context::Context as core::fmt::Debug>::fmt::{closure#1}
FNDA:0,<conjure_core::context::Context as core::fmt::Debug>::fmt::{closure#0}
FNF:15
FNH:0
BRF:0
BRH:0
DA:36,0
DA:37,0
DA:38,0
DA:39,0
DA:40,0
DA:41,0
DA:42,0
DA:43,0
DA:44,0
DA:45,0
DA:46,0
DA:47,0
DA:48,0
DA:49,0
DA:50,0
DA:54,0
DA:55,0
DA:56,0
DA:57,0
DA:58,0
DA:59,0
DA:60,0
DA:61,0
DA:62,0
DA:63,0
DA:64,0
DA:65,0
DA:66,0
DA:70,0
DA:71,0
DA:72,0
DA:73,0
DA:74,0
DA:75,0
DA:76,0
DA:77,0
DA:78,0
DA:79,0
DA:80,0
DA:81,0
DA:82,0
DA:83,0
DA:84,0
DA:85,0
DA:86,0
LF:45
LH:0
end_of_record
SF:crates/conjure_core/src/rules/subsitute_lettings.rs
FN:18,conjure_core::rules::subsitute_lettings::CONJURE_GEN_RULE_SUBSTITUTE_VALUE_LETTINGS::__typecheck::{closure#0}::{closure#0}
FN:18,conjure_core::rules::subsitute_lettings::CONJURE_GEN_RULE_SUBSTITUTE_VALUE_LETTINGS::__typecheck::{closure#0}::{closure#0}
FN:31,conjure_core::rules::subsitute_lettings::CONJURE_GEN_RULE_SUBSTITUTE_DOMAIN_LETTINGS::__typecheck::{closure#0}::{closure#0}
FN:32,conjure_core::rules::subsitute_lettings::substitute_domain_lettings
FN:32,conjure_core::rules::subsitute_lettings::substitute_domain_lettings
FN:19,conjure_core::rules::subsitute_lettings::substitute_value_lettings
FN:19,conjure_core::rules::subsitute_lettings::substitute_value_lettings
FN:19,conjure_core::rules::subsitute_lettings::substitute_value_lettings
FN:18,conjure_core::rules::subsitute_lettings::CONJURE_GEN_RULE_SUBSTITUTE_VALUE_LETTINGS::__typecheck::{closure#0}::{closure#0}
FN:31,conjure_core::rules::subsitute_lettings::CONJURE_GEN_RULE_SUBSTITUTE_DOMAIN_LETTINGS::__typecheck::{closure#0}::{closure#0}
FN:32,conjure_core::rules::subsitute_lettings::substitute_domain_lettings
FN:31,conjure_core::rules::subsitute_lettings::CONJURE_GEN_RULE_SUBSTITUTE_DOMAIN_LETTINGS::__typecheck::{closure#0}::{closure#0}
FNDA:0,conjure_core::rules::subsitute_lettings::CONJURE_GEN_RULE_SUBSTITUTE_VALUE_LETTINGS::__typecheck::{closure#0}::{closure#0}
FNDA:0,conjure_core::rules::subsitute_lettings::CONJURE_GEN_RULE_SUBSTITUTE_VALUE_LETTINGS::__typecheck::{closure#0}::{closure#0}
FNDA:0,conjure_core::rules::subsitute_lettings::CONJURE_GEN_RULE_SUBSTITUTE_DOMAIN_LETTINGS::__typecheck::{closure#0}::{closure#0}
FNDA:0,conjure_core::rules::subsitute_lettings::substitute_domain_lettings
FNDA:0,conjure_core::rules::subsitute_lettings::substitute_domain_lettings
FNDA:1,conjure_core::rules::subsitute_lettings::substitute_value_lettings
FNDA:0,conjure_core::rules::subsitute_lettings::substitute_value_lettings
FNDA:0,conjure_core::rules::subsitute_lettings::substitute_value_lettings
FNDA:0,conjure_core::rules::subsitute_lettings::CONJURE_GEN_RULE_SUBSTITUTE_VALUE_LETTINGS::__typecheck::{closure#0}::{closure#0}
FNDA:0,conjure_core::rules::subsitute_lettings::CONJURE_GEN_RULE_SUBSTITUTE_DOMAIN_LETTINGS::__typecheck::{closure#0}::{closure#0}
FNDA:1,conjure_core::rules::subsitute_lettings::substitute_domain_lettings
FNDA:0,conjure_core::rules::subsitute_lettings::CONJURE_GEN_RULE_SUBSTITUTE_DOMAIN_LETTINGS::__typecheck::{closure#0}::{closure#0}
FNF:12
FNH:2
BRF:0
BRH:0
DA:19,646095
DA:20,277856
DA:21,485811
DA:24,160284
DA:25,116337
DA:27,399
DA:28,646095
DA:32,646095
DA:33,646095
DA:34,631674
DA:37,14421
DA:38,14421
DA:40,181564
DA:41,181564
DA:42,5244
DA:45,176320
DA:46,176320
DA:47,176320
DA:48,228
DA:49,228
DA:50,228
DA:51,176092
DA:53,14421
DA:54,171
DA:56,14250
DA:58,646095
LF:26
LH:26
end_of_record
SF:conjure_oxide/src/solve.rs
FN:46,<conjure_oxide::solve::Args as clap_builder::derive::Args>::augment_args_for_update::{closure#0}
FN:46,<conjure_oxide::solve::Args as clap_builder::derive::Args>::augment_args::{closure#0}
FN:137,conjure_oxide::solve::init_context::{closure#6}
FN:47,<conjure_oxide::solve::Args as clap_builder::derive::FromArgMatches>::from_arg_matches_mut::{closure#1}
FN:47,<conjure_oxide::solve::Args as clap_builder::derive::FromArgMatches>::update_from_arg_matches_mut::{closure#1}
FN:46,<conjure_oxide::solve::Args as clap_builder::derive::Args>::augment_args_for_update::{closure#0}
FN:97,conjure_oxide::solve::init_context
FN:50,<conjure_oxide::solve::Args as clap_builder::derive::Args>::augment_args::{closure#1}
FN:50,<conjure_oxide::solve::Args as clap_builder::derive::Args>::augment_args::{closure#1}
FN:50,<conjure_oxide::solve::Args as clap_builder::derive::Args>::augment_args_for_update::{closure#1}
FN:51,<conjure_oxide::solve::Args as clap_builder::derive::FromArgMatches>::update_from_arg_matches_mut::{closure#2}
FN:188,conjure_oxide::solve::parse::{closure#2}
FN:167,conjure_oxide::solve::parse::{closure#1}
FN:141,conjure_oxide::solve::init_context::{closure#1}
FN:51,<conjure_oxide::solve::Args as clap_builder::derive::FromArgMatches>::from_arg_matches_mut::{closure#2}
FN:151,conjure_oxide::solve::parse
FN:192,conjure_oxide::solve::rewrite
FN:47,<conjure_oxide::solve::Args as clap_builder::derive::FromArgMatches>::update_from_arg_matches_mut::{closure#1}
FN:46,<conjure_oxide::solve::Args as clap_builder::derive::Args>::augment_args_for_update::{closure#0}
FN:215,conjure_oxide::solve::run_solver
FN:188,conjure_oxide::solve::parse::{closure#2}
FN:36,<conjure_oxide::solve::Args as clap_builder::derive::FromArgMatches>::update_from_arg_matches_mut::{closure#0}
FN:36,<conjure_oxide::solve::Args as clap_builder::derive::FromArgMatches>::from_arg_matches_mut::{closure#0}
FN:36,<conjure_oxide::solve::Args as clap_builder::derive::FromArgMatches>::from_arg_matches_mut::{closure#0}
FN:67,conjure_oxide::solve::run_solve_command::{closure#0}
FN:51,<conjure_oxide::solve::Args as clap_builder::derive::FromArgMatches>::update_from_arg_matches_mut::{closure#2}
FN:47,<conjure_oxide::solve::Args as clap_builder::derive::FromArgMatches>::update_from_arg_matches_mut::{closure#1}
FN:97,conjure_oxide::solve::init_context
FN:47,<conjure_oxide::solve::Args as clap_builder::derive::FromArgMatches>::from_arg_matches_mut::{closure#1}
FN:167,conjure_oxide::solve::parse::{closure#1}
FN:167,conjure_oxide::solve::parse::{closure#1}
FN:141,conjure_oxide::solve::init_context::{closure#1}
FN:46,<conjure_oxide::solve::Args as clap_builder::derive::Args>::augment_args::{closure#0}
FN:164,conjure_oxide::solve::parse::{closure#0}
FN:192,conjure_oxide::solve::rewrite
FN:151,conjure_oxide::solve::parse
FN:67,conjure_oxide::solve::run_solve_command::{closure#0}
FN:36,<conjure_oxide::solve::Args as clap_builder::derive::FromArgMatches>::from_arg_matches_mut::{closure#0}
FN:46,<conjure_oxide::solve::Args as clap_builder::derive::Args>::augment_args::{closure#0}
FN:36,<conjure_oxide::solve::Args as clap_builder::derive::FromArgMatches>::update_from_arg_matches_mut::{closure#0}
FN:164,conjure_oxide::solve::parse::{closure#0}
FN:122,conjure_oxide::solve::init_context::{closure#0}
FN:122,conjure_oxide::solve::init_context::{closure#0}
FN:58,conjure_oxide::solve::run_solve_command
FN:122,conjure_oxide::solve::init_context::{closure#0}
FN:51,<conjure_oxide::solve::Args as clap_builder::derive::FromArgMatches>::from_arg_matches_mut::{closure#2}
FN:47,<conjure_oxide::solve::Args as clap_builder::derive::FromArgMatches>::from_arg_matches_mut::{closure#1}
FN:36,<conjure_oxide::solve::Args as clap_builder::derive::FromArgMatches>::update_from_arg_matches_mut::{closure#0}
FN:58,conjure_oxide::solve::run_solve_command
FN:151,conjure_oxide::solve::parse
FN:51,<conjure_oxide::solve::Args as clap_builder::derive::FromArgMatches>::update_from_arg_matches_mut::{closure#2}
FN:50,<conjure_oxide::solve::Args as clap_builder::derive::Args>::augment_args::{closure#1}
FN:97,conjure_oxide::solve::init_context
FN:137,conjure_oxide::solve::init_context::{closure#6}
FN:141,conjure_oxide::solve::init_context::{closure#1}
FN:50,<conjure_oxide::solve::Args as clap_builder::derive::Args>::augment_args_for_update::{closure#1}
FN:192,conjure_oxide::solve::rewrite
FN:67,conjure_oxide::solve::run_solve_command::{closure#0}
FN:215,conjure_oxide::solve::run_solver
FN:164,conjure_oxide::solve::parse::{closure#0}
FN:188,conjure_oxide::solve::parse::{closure#2}
FN:51,<conjure_oxide::solve::Args as clap_builder::derive::FromArgMatches>::from_arg_matches_mut::{closure#2}
FN:137,conjure_oxide::solve::init_context::{closure#6}
FN:50,<conjure_oxide::solve::Args as clap_builder::derive::Args>::augment_args_for_update::{closure#1}
FN:58,conjure_oxide::solve::run_solve_command
FN:215,conjure_oxide::solve::run_solver
FNDA:0,<conjure_oxide::solve::Args as clap_builder::derive::Args>::augment_args_for_update::{closure#0}
FNDA:0,<conjure_oxide::solve::Args as clap_builder::derive::Args>::augment_args::{closure#0}
FNDA:0,conjure_oxide::solve::init_context::{closure#6}
FNDA:0,<conjure_oxide::solve::Args as clap_builder::derive::FromArgMatches>::from_arg_matches_mut::{closure#1}
FNDA:0,<conjure_oxide::solve::Args as clap_builder::derive::FromArgMatches>::update_from_arg_matches_mut::{closure#1}
FNDA:0,<conjure_oxide::solve::Args as clap_builder::derive::Args>::augment_args_for_update::{closure#0}
FNDA:0,conjure_oxide::solve::init_context
FNDA:0,<conjure_oxide::solve::Args as clap_builder::derive::Args>::augment_args::{closure#1}
FNDA:0,<conjure_oxide::solve::Args as clap_builder::derive::Args>::augment_args::{closure#1}
FNDA:0,<conjure_oxide::solve::Args as clap_builder::derive::Args>::augment_args_for_update::{closure#1}
FNDA:0,<conjure_oxide::solve::Args as clap_builder::derive::FromArgMatches>::update_from_arg_matches_mut::{closure#2}
FNDA:0,conjure_oxide::solve::parse::{closure#2}
FNDA:0,conjure_oxide::solve::parse::{closure#1}
FNDA:0,conjure_oxide::solve::init_context::{closure#1}
FNDA:0,<conjure_oxide::solve::Args as clap_builder::derive::FromArgMatches>::from_arg_matches_mut::{closure#2}
FNDA:0,conjure_oxide::solve::parse
FNDA:0,conjure_oxide::solve::rewrite
FNDA:0,<conjure_oxide::solve::Args as clap_builder::derive::FromArgMatches>::update_from_arg_matches_mut::{closure#1}
FNDA:0,<conjure_oxide::solve::Args as clap_builder::derive::Args>::augment_args_for_update::{closure#0}
FNDA:0,conjure_oxide::solve::run_solver
FNDA:0,conjure_oxide::solve::parse::{closure#2}
FNDA:0,<conjure_oxide::solve::Args as clap_builder::derive::FromArgMatches>::update_from_arg_matches_mut::{closure#0}
FNDA:0,<conjure_oxide::solve::Args as clap_builder::derive::FromArgMatches>::from_arg_matches_mut::{closure#0}
FNDA:0,<conjure_oxide::solve::Args as clap_builder::derive::FromArgMatches>::from_arg_matches_mut::{closure#0}
FNDA:0,conjure_oxide::solve::run_solve_command::{closure#0}
FNDA:0,<conjure_oxide::solve::Args as clap_builder::derive::FromArgMatches>::update_from_arg_matches_mut::{closure#2}
FNDA:0,<conjure_oxide::solve::Args as clap_builder::derive::FromArgMatches>::update_from_arg_matches_mut::{closure#1}
FNDA:0,conjure_oxide::solve::init_context
FNDA:0,<conjure_oxide::solve::Args as clap_builder::derive::FromArgMatches>::from_arg_matches_mut::{closure#1}
FNDA:0,conjure_oxide::solve::parse::{closure#1}
FNDA:0,conjure_oxide::solve::parse::{closure#1}
FNDA:0,conjure_oxide::solve::init_context::{closure#1}
FNDA:0,<conjure_oxide::solve::Args as clap_builder::derive::Args>::augment_args::{closure#0}
FNDA:0,conjure_oxide::solve::parse::{closure#0}
FNDA:0,conjure_oxide::solve::rewrite
FNDA:0,conjure_oxide::solve::parse
FNDA:0,conjure_oxide::solve::run_solve_command::{closure#0}
FNDA:0,<conjure_oxide::solve::Args as clap_builder::derive::FromArgMatches>::from_arg_matches_mut::{closure#0}
FNDA:0,<conjure_oxide::solve::Args as clap_builder::derive::Args>::augment_args::{closure#0}
FNDA:0,<conjure_oxide::solve::Args as clap_builder::derive::FromArgMatches>::update_from_arg_matches_mut::{closure#0}
FNDA:0,conjure_oxide::solve::parse::{closure#0}
FNDA:0,conjure_oxide::solve::init_context::{closure#0}
FNDA:0,conjure_oxide::solve::init_context::{closure#0}
FNDA:0,conjure_oxide::solve::run_solve_command
FNDA:0,conjure_oxide::solve::init_context::{closure#0}
FNDA:0,<conjure_oxide::solve::Args as clap_builder::derive::FromArgMatches>::from_arg_matches_mut::{closure#2}
FNDA:0,<conjure_oxide::solve::Args as clap_builder::derive::FromArgMatches>::from_arg_matches_mut::{closure#1}
FNDA:0,<conjure_oxide::solve::Args as clap_builder::derive::FromArgMatches>::update_from_arg_matches_mut::{closure#0}
FNDA:0,conjure_oxide::solve::run_solve_command
FNDA:0,conjure_oxide::solve::parse
FNDA:0,<conjure_oxide::solve::Args as clap_builder::derive::FromArgMatches>::update_from_arg_matches_mut::{closure#2}
FNDA:0,<conjure_oxide::solve::Args as clap_builder::derive::Args>::augment_args::{closure#1}
FNDA:0,conjure_oxide::solve::init_context
FNDA:0,conjure_oxide::solve::init_context::{closure#6}
FNDA:0,conjure_oxide::solve::init_context::{closure#1}
FNDA:0,<conjure_oxide::solve::Args as clap_builder::derive::Args>::augment_args_for_update::{closure#1}
FNDA:0,conjure_oxide::solve::rewrite
FNDA:0,conjure_oxide::solve::run_solve_command::{closure#0}
FNDA:0,conjure_oxide::solve::run_solver
FNDA:0,conjure_oxide::solve::parse::{closure#0}
FNDA:0,conjure_oxide::solve::parse::{closure#2}
FNDA:0,<conjure_oxide::solve::Args as clap_builder::derive::FromArgMatches>::from_arg_matches_mut::{closure#2}
FNDA:0,conjure_oxide::solve::init_context::{closure#6}
FNDA:0,<conjure_oxide::solve::Args as clap_builder::derive::Args>::augment_args_for_update::{closure#1}
FNDA:0,conjure_oxide::solve::run_solve_command
FNDA:0,conjure_oxide::solve::run_solver
FNF:66
FNH:0
BRF:0
BRH:0
DA:36,0
DA:46,0
DA:47,0
DA:50,0
DA:51,0
DA:58,0
DA:59,0
DA:60,0
DA:61,0
DA:62,0
DA:63,0
DA:64,0
DA:65,0
DA:66,0
DA:67,0
DA:68,0
DA:69,0
DA:70,0
DA:71,0
DA:72,0
DA:73,0
DA:74,0
DA:76,0
DA:77,0
DA:78,0
DA:80,0
DA:81,0
DA:82,0
DA:83,0
DA:87,0
DA:88,0
DA:89,0
DA:90,0
DA:91,0
DA:92,0
DA:93,0
DA:94,0
DA:97,0
DA:98,0
DA:99,0
DA:100,0
DA:101,0
DA:102,0
DA:103,0
DA:104,0
DA:105,0
DA:107,0
DA:108,0
DA:109,0
DA:112,0
DA:113,0
DA:114,0
DA:115,0
DA:116,0
DA:120,0
DA:121,0
DA:122,0
DA:123,0
DA:124,0
DA:125,0
DA:126,0
DA:127,0
DA:129,0
DA:133,0
DA:134,0
DA:136,0
DA:137,0
DA:139,0
DA:140,0
DA:141,0
DA:142,0
DA:143,0
DA:144,0
DA:145,0
DA:146,0
DA:147,0
DA:148,0
DA:149,0
DA:151,0
DA:152,0
DA:153,0
DA:154,0
DA:155,0
DA:156,0
DA:157,0
DA:158,0
DA:159,0
DA:160,0
DA:161,0
DA:162,0
DA:163,0
DA:164,0
DA:166,0
DA:167,0
DA:169,0
DA:170,0
DA:171,0
DA:172,0
DA:173,0
DA:174,0
DA:176,0
DA:178,0
DA:180,0
DA:182,0
DA:183,0
DA:185,0
DA:188,0
DA:190,0
DA:192,0
DA:193,0
DA:194,0
DA:195,0
DA:196,0
DA:197,0
DA:198,0
DA:200,0
DA:202,0
DA:203,0
DA:204,0
DA:205,0
DA:206,0
DA:207,0
DA:208,0
DA:209,0
DA:211,0
DA:212,0
DA:213,0
DA:215,0
DA:216,0
DA:217,0
DA:218,0
DA:219,0
DA:220,0
DA:221,0
DA:222,0
DA:223,0
DA:227,0
DA:228,0
DA:230,0
DA:231,0
DA:232,0
DA:233,0
DA:234,0
DA:235,0
DA:236,0
DA:237,0
DA:238,0
DA:239,0
DA:240,0
DA:241,0
DA:245,0
DA:246,0
LF:152
LH:0
end_of_record
SF:crates/conjure_core/src/representations/matrix_to_atom.rs
FN:152,<conjure_core::representations::matrix_to_atom::MatrixToAtom as conjure_core::representation::Representation>::value_up::inner::{closure#0}
FN:169,<conjure_core::representations::matrix_to_atom::MatrixToAtom as conjure_core::representation::Representation>::expression_down
FN:31,<conjure_core::representations::matrix_to_atom::MatrixToAtom>::indices_to_name
FN:195,<conjure_core::representations::matrix_to_atom::MatrixToAtom as conjure_core::representation::Representation>::box_clone
FN:191,<conjure_core::representations::matrix_to_atom::MatrixToAtom as conjure_core::representation::Representation>::repr_name
FN:136,<conjure_core::representations::matrix_to_atom::MatrixToAtom as conjure_core::representation::Representation>::value_up
FN:120,<conjure_core::representations::matrix_to_atom::MatrixToAtom as conjure_core::representation::Representation>::value_down
FN:187,<conjure_core::representations::matrix_to_atom::MatrixToAtom as conjure_core::representation::Representation>::declaration_down::{closure#0}
FN:140,<conjure_core::representations::matrix_to_atom::MatrixToAtom as conjure_core::representation::Representation>::value_up::inner
FN:140,<conjure_core::representations::matrix_to_atom::MatrixToAtom as conjure_core::representation::Representation>::value_up::inner
FN:31,<conjure_core::representations::matrix_to_atom::MatrixToAtom>::indices_to_name
FN:120,<conjure_core::representations::matrix_to_atom::MatrixToAtom as conjure_core::representation::Representation>::value_down
FN:191,<conjure_core::representations::matrix_to_atom::MatrixToAtom as conjure_core::representation::Representation>::repr_name
FN:175,<conjure_core::representations::matrix_to_atom::MatrixToAtom as conjure_core::representation::Representation>::expression_down::{closure#0}
FN:136,<conjure_core::representations::matrix_to_atom::MatrixToAtom as conjure_core::representation::Representation>::value_up
FN:152,<conjure_core::representations::matrix_to_atom::MatrixToAtom as conjure_core::representation::Representation>::value_up::inner::{closure#0}
FN:26,<conjure_core::representations::matrix_to_atom::MatrixToAtom>::names
FN:68,<conjure_core::representations::matrix_to_atom::MatrixToAtom>::name_to_indices::{closure#0}
FN:92,<conjure_core::representations::matrix_to_atom::MatrixToAtom as conjure_core::representation::Representation>::init
FN:169,<conjure_core::representations::matrix_to_atom::MatrixToAtom as conjure_core::representation::Representation>::expression_down
FN:152,<conjure_core::representations::matrix_to_atom::MatrixToAtom as conjure_core::representation::Representation>::value_up::inner::{closure#0}
FN:136,<conjure_core::representations::matrix_to_atom::MatrixToAtom as conjure_core::representation::Representation>::value_up
FN:175,<conjure_core::representations::matrix_to_atom::MatrixToAtom as conjure_core::representation::Representation>::expression_down::{closure#0}
FN:26,<conjure_core::representations::matrix_to_atom::MatrixToAtom>::names
FN:41,<conjure_core::representations::matrix_to_atom::MatrixToAtom>::name_to_indices
FN:184,<conjure_core::representations::matrix_to_atom::MatrixToAtom as conjure_core::representation::Representation>::declaration_down
FN:92,<conjure_core::representations::matrix_to_atom::MatrixToAtom as conjure_core::representation::Representation>::init
FN:120,<conjure_core::representations::matrix_to_atom::MatrixToAtom as conjure_core::representation::Representation>::value_down
FN:184,<conjure_core::representations::matrix_to_atom::MatrixToAtom as conjure_core::representation::Representation>::declaration_down
FN:68,<conjure_core::representations::matrix_to_atom::MatrixToAtom>::name_to_indices::{closure#0}
FN:41,<conjure_core::representations::matrix_to_atom::MatrixToAtom>::name_to_indices
FN:184,<conjure_core::representations::matrix_to_atom::MatrixToAtom as conjure_core::representation::Representation>::declaration_down
FN:31,<conjure_core::representations::matrix_to_atom::MatrixToAtom>::indices_to_name
FN:116,<conjure_core::representations::matrix_to_atom::MatrixToAtom as conjure_core::representation::Representation>::variable_name
FN:195,<conjure_core::representations::matrix_to_atom::MatrixToAtom as conjure_core::representation::Representation>::box_clone
FN:175,<conjure_core::representations::matrix_to_atom::MatrixToAtom as conjure_core::representation::Representation>::expression_down::{closure#0}
FN:169,<conjure_core::representations::matrix_to_atom::MatrixToAtom as conjure_core::representation::Representation>::expression_down
FN:27,<conjure_core::representations::matrix_to_atom::MatrixToAtom>::names::{closure#0}
FN:116,<conjure_core::representations::matrix_to_atom::MatrixToAtom as conjure_core::representation::Representation>::variable_name
FN:27,<conjure_core::representations::matrix_to_atom::MatrixToAtom>::names::{closure#0}
FN:187,<conjure_core::representations::matrix_to_atom::MatrixToAtom as conjure_core::representation::Representation>::declaration_down::{closure#0}
FN:92,<conjure_core::representations::matrix_to_atom::MatrixToAtom as conjure_core::representation::Representation>::init
FN:68,<conjure_core::representations::matrix_to_atom::MatrixToAtom>::name_to_indices::{closure#0}
FN:27,<conjure_core::representations::matrix_to_atom::MatrixToAtom>::names::{closure#0}
FN:41,<conjure_core::representations::matrix_to_atom::MatrixToAtom>::name_to_indices
FN:187,<conjure_core::representations::matrix_to_atom::MatrixToAtom as conjure_core::representation::Representation>::declaration_down::{closure#0}
FN:140,<conjure_core::representations::matrix_to_atom::MatrixToAtom as conjure_core::representation::Representation>::value_up::inner
FN:26,<conjure_core::representations::matrix_to_atom::MatrixToAtom>::names
FN:191,<conjure_core::representations::matrix_to_atom::MatrixToAtom as conjure_core::representation::Representation>::repr_name
FN:116,<conjure_core::representations::matrix_to_atom::MatrixToAtom as conjure_core::representation::Representation>::variable_name
FN:195,<conjure_core::representations::matrix_to_atom::MatrixToAtom as conjure_core::representation::Representation>::box_clone
FNDA:1,<conjure_core::representations::matrix_to_atom::MatrixToAtom as conjure_core::representation::Representation>::value_up::inner::{closure#0}
FNDA:0,<conjure_core::representations::matrix_to_atom::MatrixToAtom as conjure_core::representation::Representation>::expression_down
FNDA:1,<conjure_core::representations::matrix_to_atom::MatrixToAtom>::indices_to_name
FNDA:0,<conjure_core::representations::matrix_to_atom::MatrixToAtom as conjure_core::representation::Representation>::box_clone
FNDA:0,<conjure_core::representations::matrix_to_atom::MatrixToAtom as conjure_core::representation::Representation>::repr_name
FNDA:0,<conjure_core::representations::matrix_to_atom::MatrixToAtom as conjure_core::representation::Representation>::value_up
FNDA:0,<conjure_core::representations::matrix_to_atom::MatrixToAtom as conjure_core::representation::Representation>::value_down
FNDA:0,<conjure_core::representations::matrix_to_atom::MatrixToAtom as conjure_core::representation::Representation>::declaration_down::{closure#0}
FNDA:0,<conjure_core::representations::matrix_to_atom::MatrixToAtom as conjure_core::representation::Representation>::value_up::inner
FNDA:0,<conjure_core::representations::matrix_to_atom::MatrixToAtom as conjure_core::representation::Representation>::value_up::inner
FNDA:0,<conjure_core::representations::matrix_to_atom::MatrixToAtom>::indices_to_name
FNDA:0,<conjure_core::representations::matrix_to_atom::MatrixToAtom as conjure_core::representation::Representation>::value_down
FNDA:1,<conjure_core::representations::matrix_to_atom::MatrixToAtom as conjure_core::representation::Representation>::repr_name
FNDA:0,<conjure_core::representations::matrix_to_atom::MatrixToAtom as conjure_core::representation::Representation>::expression_down::{closure#0}
FNDA:1,<conjure_core::representations::matrix_to_atom::MatrixToAtom as conjure_core::representation::Representation>::value_up
FNDA:0,<conjure_core::representations::matrix_to_atom::MatrixToAtom as conjure_core::representation::Representation>::value_up::inner::{closure#0}
FNDA:1,<conjure_core::representations::matrix_to_atom::MatrixToAtom>::names
FNDA:0,<conjure_core::representations::matrix_to_atom::MatrixToAtom>::name_to_indices::{closure#0}
FNDA:0,<conjure_core::representations::matrix_to_atom::MatrixToAtom as conjure_core::representation::Representation>::init
FNDA:0,<conjure_core::representations::matrix_to_atom::MatrixToAtom as conjure_core::representation::Representation>::expression_down
FNDA:0,<conjure_core::representations::matrix_to_atom::MatrixToAtom as conjure_core::representation::Representation>::value_up::inner::{closure#0}
FNDA:0,<conjure_core::representations::matrix_to_atom::MatrixToAtom as conjure_core::representation::Representation>::value_up
FNDA:0,<conjure_core::representations::matrix_to_atom::MatrixToAtom as conjure_core::representation::Representation>::expression_down::{closure#0}
FNDA:0,<conjure_core::representations::matrix_to_atom::MatrixToAtom>::names
FNDA:0,<conjure_core::representations::matrix_to_atom::MatrixToAtom>::name_to_indices
FNDA:1,<conjure_core::representations::matrix_to_atom::MatrixToAtom as conjure_core::representation::Representation>::declaration_down
FNDA:1,<conjure_core::representations::matrix_to_atom::MatrixToAtom as conjure_core::representation::Representation>::init
FNDA:0,<conjure_core::representations::matrix_to_atom::MatrixToAtom as conjure_core::representation::Representation>::value_down
FNDA:0,<conjure_core::representations::matrix_to_atom::MatrixToAtom as conjure_core::representation::Representation>::declaration_down
FNDA:0,<conjure_core::representations::matrix_to_atom::MatrixToAtom>::name_to_indices::{closure#0}
FNDA:0,<conjure_core::representations::matrix_to_atom::MatrixToAtom>::name_to_indices
FNDA:0,<conjure_core::representations::matrix_to_atom::MatrixToAtom as conjure_core::representation::Representation>::declaration_down
FNDA:0,<conjure_core::representations::matrix_to_atom::MatrixToAtom>::indices_to_name
FNDA:0,<conjure_core::representations::matrix_to_atom::MatrixToAtom as conjure_core::representation::Representation>::variable_name
FNDA:1,<conjure_core::representations::matrix_to_atom::MatrixToAtom as conjure_core::representation::Representation>::box_clone
FNDA:1,<conjure_core::representations::matrix_to_atom::MatrixToAtom as conjure_core::representation::Representation>::expression_down::{closure#0}
FNDA:1,<conjure_core::representations::matrix_to_atom::MatrixToAtom as conjure_core::representation::Representation>::expression_down
FNDA:1,<conjure_core::representations::matrix_to_atom::MatrixToAtom>::names::{closure#0}
FNDA:0,<conjure_core::representations::matrix_to_atom::MatrixToAtom as conjure_core::representation::Representation>::variable_name
FNDA:0,<conjure_core::representations::matrix_to_atom::MatrixToAtom>::names::{closure#0}
FNDA:0,<conjure_core::representations::matrix_to_atom::MatrixToAtom as conjure_core::representation::Representation>::declaration_down::{closure#0}
FNDA:0,<conjure_core::representations::matrix_to_atom::MatrixToAtom as conjure_core::representation::Representation>::init
FNDA:0,<conjure_core::representations::matrix_to_atom::MatrixToAtom>::name_to_indices::{closure#0}
FNDA:0,<conjure_core::representations::matrix_to_atom::MatrixToAtom>::names::{closure#0}
FNDA:0,<conjure_core::representations::matrix_to_atom::MatrixToAtom>::name_to_indices
FNDA:1,<conjure_core::representations::matrix_to_atom::MatrixToAtom as conjure_core::representation::Representation>::declaration_down::{closure#0}
FNDA:1,<conjure_core::representations::matrix_to_atom::MatrixToAtom as conjure_core::representation::Representation>::value_up::inner
FNDA:0,<conjure_core::representations::matrix_to_atom::MatrixToAtom>::names
FNDA:0,<conjure_core::representations::matrix_to_atom::MatrixToAtom as conjure_core::representation::Representation>::repr_name
FNDA:0,<conjure_core::representations::matrix_to_atom::MatrixToAtom as conjure_core::representation::Representation>::variable_name
FNDA:0,<conjure_core::representations::matrix_to_atom::MatrixToAtom as conjure_core::representation::Representation>::box_clone
FNF:51
FNH:13
BRF:0
BRH:0
DA:26,2337
DA:27,14953
DA:28,2337
DA:31,89490
DA:32,89490
DA:33,89490
DA:34,89490
DA:35,89490
DA:36,89490
DA:37,89490
DA:41,0
DA:42,0
DA:46,0
DA:47,0
DA:48,0
DA:49,0
DA:51,0
DA:52,0
DA:53,0
DA:54,0
DA:59,0
DA:60,0
DA:61,0
DA:62,0
DA:63,0
DA:66,0
DA:67,0
DA:68,0
DA:69,0
DA:70,0
DA:71,0
DA:72,0
DA:73,0
DA:74,0
DA:75,0
DA:79,0
DA:80,0
DA:81,0
DA:82,0
DA:83,0
DA:84,0
DA:87,0
DA:88,0
DA:92,342
DA:93,342
DA:95,342
DA:96,342
DA:97,342
DA:99,0
DA:100,342
DA:102,342
DA:103,0
DA:106,342
DA:107,342
DA:108,342
DA:109,342
DA:110,342
DA:111,342
DA:112,342
DA:113,342
DA:114,342
DA:116,0
DA:117,0
DA:118,0
DA:120,0
DA:121,0
DA:122,0
DA:125,0
DA:126,0
DA:129,0
DA:130,0
DA:131,0
DA:132,0
DA:133,0
DA:134,0
DA:136,11571
DA:137,11571
DA:138,11571
DA:139,11571
DA:140,87476
DA:141,87476
DA:142,87476
DA:143,87476
DA:144,87476
DA:145,87476
DA:146,87476
DA:147,87476
DA:148,12939
DA:149,12939
DA:150,12939
DA:151,12939
DA:152,75905
DA:153,75905
DA:154,75905
DA:155,75905
DA:156,75905
DA:157,12939
DA:159,74537
DA:160,74537
DA:161,74537
DA:162,74537
DA:164,87476
DA:166,11571
DA:167,11571
DA:169,1995
DA:170,1995
DA:171,1995
DA:172,1995
DA:173,1995
DA:174,1995
DA:175,12958
DA:176,12958
DA:177,12958
DA:178,12958
DA:179,12958
DA:180,12958
DA:181,1995
DA:182,1995
DA:184,342
DA:185,342
DA:186,342
DA:187,1995
DA:188,342
DA:189,342
DA:191,95722
DA:192,95722
DA:193,95722
DA:195,63745
DA:196,63745
DA:197,63745
LF:130
LH:81
end_of_record
SF:crates/conjure_core/src/stats/rewriter_stats.rs
FN:76,<conjure_core::stats::rewriter_stats::RewriterStats>::new
FN:76,<conjure_core::stats::rewriter_stats::RewriterStats>::new
FN:76,<conjure_core::stats::rewriter_stats::RewriterStats>::new
FNDA:1,<conjure_core::stats::rewriter_stats::RewriterStats>::new
FNDA:0,<conjure_core::stats::rewriter_stats::RewriterStats>::new
FNDA:0,<conjure_core::stats::rewriter_stats::RewriterStats>::new
FNF:3
FNH:1
BRF:0
BRH:0
DA:76,2166
DA:77,2166
DA:78,2166
DA:79,2166
DA:80,2166
DA:81,2166
DA:82,2166
DA:83,2166
LF:8
LH:8
end_of_record
SF:crates/conjure_core/src/ast/declaration.rs
FN:92,<conjure_core::ast::declaration::Declaration>::name
FN:92,<conjure_core::ast::declaration::Declaration>::name
FN:38,<conjure_core::ast::declaration::DeclarationKind as uniplate::traits::Biplate<conjure_core::ast::declaration::Declaration>>::biplate
FN:193,<conjure_core::ast::declaration::Declaration as conjure_core::ast::types::Typeable>::return_type
FN:62,<conjure_core::ast::declaration::Declaration>::new_var
FN:167,<conjure_core::ast::declaration::Declaration as conjure_core::ast::serde::HasId>::id
FN:167,<conjure_core::ast::declaration::Declaration as conjure_core::ast::serde::HasId>::id
FN:121,<conjure_core::ast::declaration::Declaration>::as_var_mut
FN:102,<conjure_core::ast::declaration::Declaration>::domain
FN:38,<conjure_core::ast::declaration::DeclarationKind as uniplate::traits::Biplate<conjure_core::ast::declaration::Declaration>>::biplate
FN:56,<conjure_core::ast::declaration::Declaration>::new
FN:92,<conjure_core::ast::declaration::Declaration>::name
FN:112,<conjure_core::ast::declaration::Declaration>::as_var
FN:157,<conjure_core::ast::declaration::Declaration>::as_value_letting_mut
FN:82,<conjure_core::ast::declaration::Declaration>::new_value_letting
FN:38,<conjure_core::ast::declaration::DeclarationKind as uniplate::traits::Biplate<conjure_core::ast::declaration::Declaration>>::biplate
FN:72,<conjure_core::ast::declaration::Declaration>::new_domain_letting
FN:112,<conjure_core::ast::declaration::Declaration>::as_var
FN:40,<conjure_core::ast::declaration::DeclarationKind as uniplate::traits::Biplate<conjure_core::ast::declaration::Declaration>>::biplate::{closure#0}
FN:183,<conjure_core::ast::declaration::Declaration as core::clone::Clone>::clone
FN:112,<conjure_core::ast::declaration::Declaration>::as_var
FN:139,<conjure_core::ast::declaration::Declaration>::as_domain_letting_mut
FN:62,<conjure_core::ast::declaration::Declaration>::new_var
FN:97,<conjure_core::ast::declaration::Declaration>::kind
FN:82,<conjure_core::ast::declaration::Declaration>::new_value_letting
FN:40,<conjure_core::ast::declaration::DeclarationKind as uniplate::traits::Biplate<conjure_core::ast::declaration::Declaration>>::biplate::{closure#0}
FN:130,<conjure_core::ast::declaration::Declaration>::as_domain_letting
FN:157,<conjure_core::ast::declaration::Declaration>::as_value_letting_mut
FN:72,<conjure_core::ast::declaration::Declaration>::new_domain_letting
FN:193,<conjure_core::ast::declaration::Declaration as conjure_core::ast::types::Typeable>::return_type
FN:121,<conjure_core::ast::declaration::Declaration>::as_var_mut
FN:148,<conjure_core::ast::declaration::Declaration>::as_value_letting
FN:130,<conjure_core::ast::declaration::Declaration>::as_domain_letting
FN:148,<conjure_core::ast::declaration::Declaration>::as_value_letting
FN:102,<conjure_core::ast::declaration::Declaration>::domain
FN:102,<conjure_core::ast::declaration::Declaration>::domain
FN:139,<conjure_core::ast::declaration::Declaration>::as_domain_letting_mut
FN:62,<conjure_core::ast::declaration::Declaration>::new_var
FN:139,<conjure_core::ast::declaration::Declaration>::as_domain_letting_mut
FN:56,<conjure_core::ast::declaration::Declaration>::new
FN:193,<conjure_core::ast::declaration::Declaration as conjure_core::ast::types::Typeable>::return_type
FN:173,<conjure_core::ast::declaration::Declaration as conjure_core::ast::serde::DefaultWithId>::default_with_id
FN:82,<conjure_core::ast::declaration::Declaration>::new_value_letting
FN:97,<conjure_core::ast::declaration::Declaration>::kind
FN:97,<conjure_core::ast::declaration::Declaration>::kind
FN:121,<conjure_core::ast::declaration::Declaration>::as_var_mut
FN:72,<conjure_core::ast::declaration::Declaration>::new_domain_letting
FN:157,<conjure_core::ast::declaration::Declaration>::as_value_letting_mut
FN:183,<conjure_core::ast::declaration::Declaration as core::clone::Clone>::clone
FN:148,<conjure_core::ast::declaration::Declaration>::as_value_letting
FN:167,<conjure_core::ast::declaration::Declaration as conjure_core::ast::serde::HasId>::id
FN:173,<conjure_core::ast::declaration::Declaration as conjure_core::ast::serde::DefaultWithId>::default_with_id
FN:40,<conjure_core::ast::declaration::DeclarationKind as uniplate::traits::Biplate<conjure_core::ast::declaration::Declaration>>::biplate::{closure#0}
FN:56,<conjure_core::ast::declaration::Declaration>::new
FN:173,<conjure_core::ast::declaration::Declaration as conjure_core::ast::serde::DefaultWithId>::default_with_id
FN:183,<conjure_core::ast::declaration::Declaration as core::clone::Clone>::clone
FN:130,<conjure_core::ast::declaration::Declaration>::as_domain_letting
FNDA:0,<conjure_core::ast::declaration::Declaration>::name
FNDA:1,<conjure_core::ast::declaration::Declaration>::name
FNDA:0,<conjure_core::ast::declaration::DeclarationKind as uniplate::traits::Biplate<conjure_core::ast::declaration::Declaration>>::biplate
FNDA:0,<conjure_core::ast::declaration::Declaration as conjure_core::ast::types::Typeable>::return_type
FNDA:1,<conjure_core::ast::declaration::Declaration>::new_var
FNDA:0,<conjure_core::ast::declaration::Declaration as conjure_core::ast::serde::HasId>::id
FNDA:0,<conjure_core::ast::declaration::Declaration as conjure_core::ast::serde::HasId>::id
FNDA:0,<conjure_core::ast::declaration::Declaration>::as_var_mut
FNDA:0,<conjure_core::ast::declaration::Declaration>::domain
FNDA:0,<conjure_core::ast::declaration::DeclarationKind as uniplate::traits::Biplate<conjure_core::ast::declaration::Declaration>>::biplate
FNDA:0,<conjure_core::ast::declaration::Declaration>::new
FNDA:1,<conjure_core::ast::declaration::Declaration>::name
FNDA:0,<conjure_core::ast::declaration::Declaration>::as_var
FNDA:0,<conjure_core::ast::declaration::Declaration>::as_value_letting_mut
FNDA:0,<conjure_core::ast::declaration::Declaration>::new_value_letting
FNDA:0,<conjure_core::ast::declaration::DeclarationKind as uniplate::traits::Biplate<conjure_core::ast::declaration::Declaration>>::biplate
FNDA:0,<conjure_core::ast::declaration::Declaration>::new_domain_letting
FNDA:1,<conjure_core::ast::declaration::Declaration>::as_var
FNDA:0,<conjure_core::ast::declaration::DeclarationKind as uniplate::traits::Biplate<conjure_core::ast::declaration::Declaration>>::biplate::{closure#0}
FNDA:0,<conjure_core::ast::declaration::Declaration as core::clone::Clone>::clone
FNDA:0,<conjure_core::ast::declaration::Declaration>::as_var
FNDA:0,<conjure_core::ast::declaration::Declaration>::as_domain_letting_mut
FNDA:0,<conjure_core::ast::declaration::Declaration>::new_var
FNDA:0,<conjure_core::ast::declaration::Declaration>::kind
FNDA:1,<conjure_core::ast::declaration::Declaration>::new_value_letting
FNDA:0,<conjure_core::ast::declaration::DeclarationKind as uniplate::traits::Biplate<conjure_core::ast::declaration::Declaration>>::biplate::{closure#0}
FNDA:1,<conjure_core::ast::declaration::Declaration>::as_domain_letting
FNDA:0,<conjure_core::ast::declaration::Declaration>::as_value_letting_mut
FNDA:1,<conjure_core::ast::declaration::Declaration>::new_domain_letting
FNDA:0,<conjure_core::ast::declaration::Declaration as conjure_core::ast::types::Typeable>::return_type
FNDA:1,<conjure_core::ast::declaration::Declaration>::as_var_mut
FNDA:1,<conjure_core::ast::declaration::Declaration>::as_value_letting
FNDA:0,<conjure_core::ast::declaration::Declaration>::as_domain_letting
FNDA:0,<conjure_core::ast::declaration::Declaration>::as_value_letting
FNDA:1,<conjure_core::ast::declaration::Declaration>::domain
FNDA:1,<conjure_core::ast::declaration::Declaration>::domain
FNDA:0,<conjure_core::ast::declaration::Declaration>::as_domain_letting_mut
FNDA:1,<conjure_core::ast::declaration::Declaration>::new_var
FNDA:0,<conjure_core::ast::declaration::Declaration>::as_domain_letting_mut
FNDA:0,<conjure_core::ast::declaration::Declaration>::new
FNDA:0,<conjure_core::ast::declaration::Declaration as conjure_core::ast::types::Typeable>::return_type
FNDA:0,<conjure_core::ast::declaration::Declaration as conjure_core::ast::serde::DefaultWithId>::default_with_id
FNDA:0,<conjure_core::ast::declaration::Declaration>::new_value_letting
FNDA:1,<conjure_core::ast::declaration::Declaration>::kind
FNDA:1,<conjure_core::ast::declaration::Declaration>::kind
FNDA:0,<conjure_core::ast::declaration::Declaration>::as_var_mut
FNDA:0,<conjure_core::ast::declaration::Declaration>::new_domain_letting
FNDA:0,<conjure_core::ast::declaration::Declaration>::as_value_letting_mut
FNDA:1,<conjure_core::ast::declaration::Declaration as core::clone::Clone>::clone
FNDA:0,<conjure_core::ast::declaration::Declaration>::as_value_letting
FNDA:0,<conjure_core::ast::declaration::Declaration as conjure_core::ast::serde::HasId>::id
FNDA:0,<conjure_core::ast::declaration::Declaration as conjure_core::ast::serde::DefaultWithId>::default_with_id
FNDA:0,<conjure_core::ast::declaration::DeclarationKind as uniplate::traits::Biplate<conjure_core::ast::declaration::Declaration>>::biplate::{closure#0}
FNDA:0,<conjure_core::ast::declaration::Declaration>::new
FNDA:0,<conjure_core::ast::declaration::Declaration as conjure_core::ast::serde::DefaultWithId>::default_with_id
FNDA:0,<conjure_core::ast::declaration::Declaration as core::clone::Clone>::clone
FNDA:0,<conjure_core::ast::declaration::Declaration>::as_domain_letting
FNF:57
FNH:15
BRF:0
BRH:0
DA:38,0
DA:39,0
DA:40,0
DA:41,0
DA:56,0
DA:57,0
DA:58,0
DA:59,0
DA:62,17616
DA:63,17616
DA:64,17616
DA:65,17616
DA:66,17616
DA:67,17616
DA:68,17616
DA:69,17616
DA:72,152
DA:73,152
DA:74,152
DA:75,152
DA:76,152
DA:77,152
DA:78,152
DA:79,152
DA:82,323
DA:83,323
DA:84,323
DA:85,323
DA:86,323
DA:87,323
DA:88,323
DA:89,323
DA:92,18699
DA:93,18699
DA:94,18699
DA:97,547186
DA:98,547186
DA:99,547186
DA:102,157990
DA:103,157990
DA:104,155273
DA:106,874
DA:107,1843
DA:109,157990
DA:112,373027
DA:113,373027
DA:114,364268
DA:116,8759
DA:118,373027
DA:121,608
DA:122,608
DA:123,608
DA:125,0
DA:127,608
DA:130,304
DA:131,304
DA:132,304
DA:134,0
DA:136,304
DA:139,0
DA:140,0
DA:141,0
DA:143,0
DA:145,0
DA:148,116793
DA:149,116793
DA:150,855
DA:152,115938
DA:154,116793
DA:157,0
DA:158,0
DA:159,0
DA:161,0
DA:163,0
DA:167,0
DA:168,0
DA:169,0
DA:173,0
DA:174,0
DA:175,0
DA:176,0
DA:177,0
DA:178,0
DA:179,0
DA:183,2603
DA:184,2603
DA:185,2603
DA:186,2603
DA:187,2603
DA:188,2603
DA:189,2603
DA:193,0
DA:194,0
DA:195,0
DA:196,0
DA:197,0
DA:199,0
LF:97
LH:61
end_of_record
SF:crates/conjure_core/src/rules/partial_eval.rs
FN:395,conjure_core::rules::partial_eval::check_pairwise_or_tautologies
FN:15,conjure_core::rules::partial_eval::partial_evaluator
FN:395,conjure_core::rules::partial_eval::check_pairwise_or_tautologies
FN:395,conjure_core::rules::partial_eval::check_pairwise_or_tautologies
FN:15,conjure_core::rules::partial_eval::partial_evaluator
FN:15,conjure_core::rules::partial_eval::partial_evaluator
FN:14,conjure_core::rules::partial_eval::CONJURE_GEN_RULE_PARTIAL_EVALUATOR::__typecheck::{closure#0}::{closure#0}
FN:14,conjure_core::rules::partial_eval::CONJURE_GEN_RULE_PARTIAL_EVALUATOR::__typecheck::{closure#0}::{closure#0}
FN:14,conjure_core::rules::partial_eval::CONJURE_GEN_RULE_PARTIAL_EVALUATOR::__typecheck::{closure#0}::{closure#0}
FNDA:1,conjure_core::rules::partial_eval::check_pairwise_or_tautologies
FNDA:1,conjure_core::rules::partial_eval::partial_evaluator
FNDA:0,conjure_core::rules::partial_eval::check_pairwise_or_tautologies
FNDA:0,conjure_core::rules::partial_eval::check_pairwise_or_tautologies
FNDA:0,conjure_core::rules::partial_eval::partial_evaluator
FNDA:0,conjure_core::rules::partial_eval::partial_evaluator
FNDA:0,conjure_core::rules::partial_eval::CONJURE_GEN_RULE_PARTIAL_EVALUATOR::__typecheck::{closure#0}::{closure#0}
FNDA:0,conjure_core::rules::partial_eval::CONJURE_GEN_RULE_PARTIAL_EVALUATOR::__typecheck::{closure#0}::{closure#0}
FNDA:0,conjure_core::rules::partial_eval::CONJURE_GEN_RULE_PARTIAL_EVALUATOR::__typecheck::{closure#0}::{closure#0}
FNF:9
FNH:2
BRF:0
BRH:0
DA:15,1954625
DA:22,1954625
DA:23,154869
DA:24,1159
DA:25,0
DA:26,0
DA:27,96577
DA:28,5149
DA:29,115102
DA:30,5168
DA:31,2489
DA:32,8265
DA:33,898871
DA:34,0
DA:35,1178
DA:36,38
DA:37,1140
DA:39,85595
DA:40,85595
DA:41,36632
DA:42,36632
DA:43,36632
DA:44,114361
DA:45,35169
DA:46,35169
DA:47,35169
DA:48,42560
DA:49,42560
DA:50,42560
DA:52,36632
DA:53,30495
DA:54,30495
DA:56,36632
DA:57,36461
DA:59,171
DA:60,171
DA:61,171
DA:62,171
DA:66,9367
DA:67,9367
DA:68,9367
DA:69,9367
DA:70,28652
DA:71,4028
DA:72,4028
DA:73,4028
DA:74,15257
DA:75,15257
DA:76,15257
DA:79,9367
DA:80,5396
DA:81,3971
DA:82,3971
DA:83,3971
DA:84,3971
DA:85,3971
DA:86,3971
DA:89,0
DA:90,0
DA:91,0
DA:92,0
DA:93,0
DA:95,0
DA:97,3971
DA:99,3933
DA:102,38
DA:106,285
DA:107,285
DA:108,171
DA:110,114
DA:111,114
DA:112,114
DA:113,342
DA:114,0
DA:115,0
DA:116,0
DA:117,0
DA:118,0
DA:119,0
DA:121,0
DA:124,0
DA:126,228
DA:127,228
DA:128,228
DA:131,114
DA:132,0
DA:133,114
DA:135,114
DA:136,114
DA:138,0
DA:139,0
DA:140,0
DA:141,0
DA:145,228
DA:146,228
DA:147,171
DA:150,57
DA:151,57
DA:152,57
DA:153,171
DA:154,19
DA:155,19
DA:156,19
DA:157,0
DA:158,0
DA:159,0
DA:161,0
DA:164,19
DA:166,95
DA:167,95
DA:168,95
DA:171,57
DA:172,19
DA:173,38
DA:175,57
DA:176,57
DA:178,0
DA:179,0
DA:180,0
DA:181,0
DA:184,9614
DA:185,25935
DA:186,25935
DA:187,22420
DA:190,3515
DA:191,3515
DA:192,3515
DA:193,3515
DA:194,11134
DA:195,171
DA:196,171
DA:197,171
DA:198,171
DA:199,171
DA:200,171
DA:201,133
DA:202,38
DA:203,7581
DA:204,7581
DA:205,7581
DA:209,3382
DA:210,0
DA:211,3382
DA:212,3382
DA:213,3382
DA:214,3382
DA:215,0
DA:216,3382
DA:217,3382
DA:218,3382
DA:219,3344
DA:220,38
DA:221,38
DA:222,38
DA:223,38
DA:224,38
DA:225,38
DA:227,44574
DA:228,44574
DA:229,39178
DA:231,5396
DA:232,5396
DA:233,13167
DA:234,1083
DA:235,1083
DA:236,1083
DA:237,0
DA:238,0
DA:239,0
DA:240,0
DA:241,1083
DA:242,6688
DA:243,6688
DA:244,6688
DA:247,5396
DA:248,4313
DA:250,1083
DA:251,1083
DA:252,1083
DA:253,1083
DA:258,38950
DA:259,38950
DA:260,38950
DA:262,38950
DA:264,7315
DA:265,30685
DA:266,7315
DA:268,31635
DA:269,31635
DA:270,343330
DA:271,311733
DA:272,1767
DA:273,1767
DA:274,1767
DA:275,1767
DA:277,38
DA:278,38
DA:279,38
DA:280,38
DA:281,1729
DA:286,48298
DA:287,4465
DA:288,4465
DA:289,4465
DA:290,4465
DA:291,43833
DA:293,261668
DA:297,31597
DA:298,25593
DA:300,6004
DA:301,0
DA:302,6004
DA:303,6004
DA:306,33022
DA:307,38
DA:308,38
DA:310,38
DA:313,0
DA:315,32984
DA:316,32984
DA:317,32984
DA:318,32984
DA:319,32984
DA:320,32984
DA:321,32984
DA:322,32984
DA:323,32984
DA:324,38
DA:325,32946
DA:326,32946
DA:327,32946
DA:329,170696
DA:330,8341
DA:331,1596
DA:332,32167
DA:333,57
DA:334,2546
DA:335,9937
DA:336,5130
DA:337,11343
DA:338,11343
DA:339,11020
DA:342,323
DA:345,1520
DA:346,0
DA:347,0
DA:348,0
DA:349,0
DA:350,1197
DA:354,323
DA:356,4636
DA:357,31673
DA:358,4066
DA:359,12179
DA:360,1026
DA:361,3040
DA:362,893
DA:366,20178
DA:367,323
DA:368,13604
DA:369,817
DA:370,133
DA:371,17518
DA:372,17632
DA:373,1463
DA:374,665
DA:375,589
DA:376,3439
DA:377,6327
DA:378,513
DA:379,19000
DA:380,15447
DA:381,1140
DA:382,114
DA:384,1954625
DA:395,3382
DA:396,3382
DA:397,3382
DA:398,3382
DA:399,3382
DA:400,3382
DA:401,3382
DA:402,3382
DA:403,3382
DA:405,7448
DA:406,7448
DA:410,0
DA:411,0
DA:412,0
DA:413,0
DA:414,0
DA:415,7448
DA:419,3382
DA:420,0
DA:421,0
DA:422,0
DA:426,3382
DA:427,0
DA:428,0
DA:429,0
DA:432,3382
DA:433,3382
LF:302
LH:249
end_of_record
SF:conjure_oxide/src/utils/json.rs
FN:53,conjure_oxide::utils::json::sort_json_object::{closure#0}
FN:62,conjure_oxide::utils::json::sort_json_object::{closure#1}
FN:7,conjure_oxide::utils::json::json_value_cmp
FN:7,conjure_oxide::utils::json::json_value_cmp
FN:62,conjure_oxide::utils::json::sort_json_object::{closure#1}
FN:32,conjure_oxide::utils::json::sort_json_variables
FN:68,conjure_oxide::utils::json::sort_json_object::{closure#2}
FN:32,conjure_oxide::utils::json::sort_json_variables
FN:7,conjure_oxide::utils::json::json_value_cmp
FN:68,conjure_oxide::utils::json::sort_json_object::{closure#2}
FN:48,conjure_oxide::utils::json::sort_json_object
FN:53,conjure_oxide::utils::json::sort_json_object::{closure#0}
FN:48,conjure_oxide::utils::json::sort_json_object
FN:62,conjure_oxide::utils::json::sort_json_object::{closure#1}
FN:48,conjure_oxide::utils::json::sort_json_object
FN:53,conjure_oxide::utils::json::sort_json_object::{closure#0}
FN:32,conjure_oxide::utils::json::sort_json_variables
FN:68,conjure_oxide::utils::json::sort_json_object::{closure#2}
FNDA:0,conjure_oxide::utils::json::sort_json_object::{closure#0}
FNDA:1,conjure_oxide::utils::json::sort_json_object::{closure#1}
FNDA:1,conjure_oxide::utils::json::json_value_cmp
FNDA:0,conjure_oxide::utils::json::json_value_cmp
FNDA:0,conjure_oxide::utils::json::sort_json_object::{closure#1}
FNDA:0,conjure_oxide::utils::json::sort_json_variables
FNDA:0,conjure_oxide::utils::json::sort_json_object::{closure#2}
FNDA:0,conjure_oxide::utils::json::sort_json_variables
FNDA:0,conjure_oxide::utils::json::json_value_cmp
FNDA:1,conjure_oxide::utils::json::sort_json_object::{closure#2}
FNDA:0,conjure_oxide::utils::json::sort_json_object
FNDA:0,conjure_oxide::utils::json::sort_json_object::{closure#0}
FNDA:1,conjure_oxide::utils::json::sort_json_object
FNDA:0,conjure_oxide::utils::json::sort_json_object::{closure#1}
FNDA:0,conjure_oxide::utils::json::sort_json_object
FNDA:1,conjure_oxide::utils::json::sort_json_object::{closure#0}
FNDA:0,conjure_oxide::utils::json::sort_json_variables
FNDA:0,conjure_oxide::utils::json::sort_json_object::{closure#2}
FNF:18
FNH:5
BRF:0
BRH:0
DA:7,521325
DA:8,521325
DA:9,0
DA:10,0
DA:11,0
DA:12,0
DA:13,0
DA:14,0
DA:15,0
DA:17,0
DA:18,0
DA:19,0
DA:20,0
DA:21,0
DA:22,0
DA:24,0
DA:26,521325
DA:28,521325
DA:32,0
DA:33,0
DA:34,0
DA:35,0
DA:36,0
DA:37,0
DA:39,0
DA:41,0
DA:48,1906702
DA:49,1906702
DA:50,974043
DA:51,974043
DA:52,974043
DA:53,1591212
DA:54,1591212
DA:55,0
DA:57,1591212
DA:59,1591212
DA:60,974043
DA:61,974043
DA:62,1511370
DA:63,974043
DA:65,95613
DA:66,95613
DA:67,95613
DA:68,310835
DA:69,95613
DA:70,95613
DA:71,95613
DA:72,45213
DA:73,50400
DA:75,95613
DA:77,837046
DA:79,1906702
LF:52
LH:29
end_of_record
SF:crates/conjure_core/src/ast/matrix.rs
FN:87,conjure_core::ast::matrix::flatten_enumerate
FN:96,conjure_core::ast::matrix::flatten_enumerate::{closure#0}
FN:44,conjure_core::ast::matrix::enumerate_indices::{closure#0}
FN:44,conjure_core::ast::matrix::enumerate_indices::{closure#0}
FN:41,conjure_core::ast::matrix::enumerate_indices
FN:118,conjure_core::ast::matrix::index_domains
FN:60,conjure_core::ast::matrix::flatten
FN:87,conjure_core::ast::matrix::flatten_enumerate
FN:96,conjure_core::ast::matrix::flatten_enumerate::{closure#0}
FN:60,conjure_core::ast::matrix::flatten
FN:96,conjure_core::ast::matrix::flatten_enumerate::{closure#0}
FN:124,conjure_core::ast::matrix::index_domains::{closure#0}
FN:69,conjure_core::ast::matrix::flatten_1::{closure#0}
FN:118,conjure_core::ast::matrix::index_domains
FN:68,conjure_core::ast::matrix::flatten_1
FN:44,conjure_core::ast::matrix::enumerate_indices::{closure#0}
FN:41,conjure_core::ast::matrix::enumerate_indices
FN:68,conjure_core::ast::matrix::flatten_1
FN:118,conjure_core::ast::matrix::index_domains
FN:27,rust_out::main
FN:68,conjure_core::ast::matrix::flatten_1
FN:124,conjure_core::ast::matrix::index_domains::{closure#0}
FN:87,conjure_core::ast::matrix::flatten_enumerate
FN:69,conjure_core::ast::matrix::flatten_1::{closure#0}
FN:41,conjure_core::ast::matrix::enumerate_indices
FN:69,conjure_core::ast::matrix::flatten_1::{closure#0}
FN:60,conjure_core::ast::matrix::flatten
FN:124,conjure_core::ast::matrix::index_domains::{closure#0}
FN:27,rust_out::main::_doctest_main_crates_conjure_core_src_ast_matrix_rs_26_0
FNDA:0,conjure_core::ast::matrix::flatten_enumerate
FNDA:1,conjure_core::ast::matrix::flatten_enumerate::{closure#0}
FNDA:0,conjure_core::ast::matrix::enumerate_indices::{closure#0}
FNDA:1,conjure_core::ast::matrix::enumerate_indices::{closure#0}
FNDA:0,conjure_core::ast::matrix::enumerate_indices
FNDA:0,conjure_core::ast::matrix::index_domains
FNDA:0,conjure_core::ast::matrix::flatten
FNDA:1,conjure_core::ast::matrix::flatten_enumerate
FNDA:0,conjure_core::ast::matrix::flatten_enumerate::{closure#0}
FNDA:0,conjure_core::ast::matrix::flatten
FNDA:0,conjure_core::ast::matrix::flatten_enumerate::{closure#0}
FNDA:0,conjure_core::ast::matrix::index_domains::{closure#0}
FNDA:0,conjure_core::ast::matrix::flatten_1::{closure#0}
FNDA:1,conjure_core::ast::matrix::index_domains
FNDA:1,conjure_core::ast::matrix::flatten_1
FNDA:0,conjure_core::ast::matrix::enumerate_indices::{closure#0}
FNDA:1,conjure_core::ast::matrix::enumerate_indices
FNDA:0,conjure_core::ast::matrix::flatten_1
FNDA:0,conjure_core::ast::matrix::index_domains
FNDA:1,rust_out::main
FNDA:0,conjure_core::ast::matrix::flatten_1
FNDA:1,conjure_core::ast::matrix::index_domains::{closure#0}
FNDA:0,conjure_core::ast::matrix::flatten_enumerate
FNDA:0,conjure_core::ast::matrix::flatten_1::{closure#0}
FNDA:0,conjure_core::ast::matrix::enumerate_indices
FNDA:1,conjure_core::ast::matrix::flatten_1::{closure#0}
FNDA:1,conjure_core::ast::matrix::flatten
FNDA:0,conjure_core::ast::matrix::index_domains::{closure#0}
FNDA:1,rust_out::main::_doctest_main_crates_conjure_core_src_ast_matrix_rs_26_0
FNF:29
FNH:11
BRF:0
BRH:0
DA:27,1
DA:29,1
DA:30,1
DA:31,1
DA:32,1
DA:33,1
DA:34,1
DA:35,1
DA:36,1
DA:37,1
DA:38,1
DA:39,1
DA:40,1
DA:41,757
DA:42,798
DA:43,798
DA:44,1026
DA:45,1026
DA:46,1026
DA:47,1026
DA:48,798
DA:49,798
DA:60,133
DA:61,133
DA:62,0
DA:65,133
DA:66,133
DA:68,456
DA:69,1349
DA:70,133
DA:71,133
DA:73,1216
DA:75,1349
DA:76,456
DA:87,323
DA:88,323
DA:89,323
DA:90,323
DA:91,0
DA:94,323
DA:95,323
DA:96,380
DA:97,380
DA:98,380
DA:99,342
DA:100,0
DA:101,342
DA:102,342
DA:104,38
DA:105,380
DA:106,323
DA:107,323
DA:108,323
DA:109,323
DA:118,342
DA:119,342
DA:120,0
DA:123,342
DA:124,570
DA:125,570
DA:126,570
DA:127,0
DA:130,570
DA:131,570
DA:132,0
DA:133,570
DA:134,570
DA:135,570
DA:136,570
DA:139,570
DA:140,342
DA:141,342
LF:72
LH:66
end_of_record
SF:crates/conjure_core/src/ast/pretty.rs
FN:56,conjure_core::ast::pretty::pretty_vec::<conjure_core::ast::atom::Atom>::{closure#0}
FN:56,conjure_core::ast::pretty::pretty_vec::<conjure_core::ast::expressions::Expression>::{closure#0}
FN:56,conjure_core::ast::pretty::pretty_vec::<&conjure_core::ast::domains::Domain>::{closure#0}
FN:56,conjure_core::ast::pretty::pretty_vec::<&conjure_core::ast::domains::Domain>::{closure#0}
FN:56,conjure_core::ast::pretty::pretty_vec::<&conjure_core::ast::domains::Domain>::{closure#0}
FN:55,conjure_core::ast::pretty::pretty_vec::<conjure_core::ast::expressions::Expression>
FN:55,conjure_core::ast::pretty::pretty_vec::<conjure_core::ast::literals::Literal>
FN:88,conjure_core::ast::pretty::pretty_value_letting_declaration
FN:72,conjure_core::ast::pretty::pretty_variable_declaration
FN:37,conjure_core::ast::pretty::pretty_expressions_as_conjunction
FN:55,conjure_core::ast::pretty::pretty_vec::<conjure_core::ast::atom::Atom>
FN:25,conjure_core::ast::pretty::pretty_expressions_as_top_level::{closure#0}
FN:55,conjure_core::ast::pretty::pretty_vec::<&conjure_core::ast::domains::Domain>
FN:38,conjure_core::ast::pretty::pretty_expressions_as_conjunction::{closure#0}
FN:55,conjure_core::ast::pretty::pretty_vec::<conjure_core::ast::atom::Atom>
FN:56,conjure_core::ast::pretty::pretty_vec::<conjure_core::ast::atom::Atom>::{closure#0}
FN:55,conjure_core::ast::pretty::pretty_vec::<conjure_core::ast::literals::Literal>
FN:24,conjure_core::ast::pretty::pretty_expressions_as_top_level
FN:24,conjure_core::ast::pretty::pretty_expressions_as_top_level
FN:56,conjure_core::ast::pretty::pretty_vec::<conjure_core::ast::expressions::Expression>::{closure#0}
FN:37,conjure_core::ast::pretty::pretty_expressions_as_conjunction
FN:55,conjure_core::ast::pretty::pretty_vec::<conjure_core::ast::literals::Literal>
FN:56,conjure_core::ast::pretty::pretty_vec::<conjure_core::ast::expressions::Expression>::{closure#0}
FN:72,conjure_core::ast::pretty::pretty_variable_declaration
FN:38,conjure_core::ast::pretty::pretty_expressions_as_conjunction::{closure#0}
FN:56,conjure_core::ast::pretty::pretty_vec::<conjure_core::ast::literals::Literal>::{closure#0}
FN:103,conjure_core::ast::pretty::pretty_domain_letting_declaration
FN:88,conjure_core::ast::pretty::pretty_value_letting_declaration
FN:38,conjure_core::ast::pretty::pretty_expressions_as_conjunction::{closure#0}
FN:56,conjure_core::ast::pretty::pretty_vec::<conjure_core::ast::atom::Atom>::{closure#0}
FN:56,conjure_core::ast::pretty::pretty_vec::<conjure_core::ast::literals::Literal>::{closure#0}
FN:37,conjure_core::ast::pretty::pretty_expressions_as_conjunction
FN:25,conjure_core::ast::pretty::pretty_expressions_as_top_level::{closure#0}
FN:103,conjure_core::ast::pretty::pretty_domain_letting_declaration
FN:55,conjure_core::ast::pretty::pretty_vec::<&conjure_core::ast::domains::Domain>
FN:55,conjure_core::ast::pretty::pretty_vec::<conjure_core::ast::expressions::Expression>
FN:72,conjure_core::ast::pretty::pretty_variable_declaration
FN:103,conjure_core::ast::pretty::pretty_domain_letting_declaration
FN:55,conjure_core::ast::pretty::pretty_vec::<conjure_core::ast::atom::Atom>
FN:55,conjure_core::ast::pretty::pretty_vec::<&conjure_core::ast::domains::Domain>
FN:24,conjure_core::ast::pretty::pretty_expressions_as_top_level
FN:55,conjure_core::ast::pretty::pretty_vec::<conjure_core::ast::expressions::Expression>
FN:88,conjure_core::ast::pretty::pretty_value_letting_declaration
FN:56,conjure_core::ast::pretty::pretty_vec::<conjure_core::ast::literals::Literal>::{closure#0}
FN:25,conjure_core::ast::pretty::pretty_expressions_as_top_level::{closure#0}
FNDA:1,conjure_core::ast::pretty::pretty_vec::<conjure_core::ast::atom::Atom>::{closure#0}
FNDA:0,conjure_core::ast::pretty::pretty_vec::<conjure_core::ast::expressions::Expression>::{closure#0}
FNDA:1,conjure_core::ast::pretty::pretty_vec::<&conjure_core::ast::domains::Domain>::{closure#0}
FNDA:0,conjure_core::ast::pretty::pretty_vec::<&conjure_core::ast::domains::Domain>::{closure#0}
FNDA:0,conjure_core::ast::pretty::pretty_vec::<&conjure_core::ast::domains::Domain>::{closure#0}
FNDA:1,conjure_core::ast::pretty::pretty_vec::<conjure_core::ast::expressions::Expression>
FNDA:0,conjure_core::ast::pretty::pretty_vec::<conjure_core::ast::literals::Literal>
FNDA:0,conjure_core::ast::pretty::pretty_value_letting_declaration
FNDA:0,conjure_core::ast::pretty::pretty_variable_declaration
FNDA:0,conjure_core::ast::pretty::pretty_expressions_as_conjunction
FNDA:1,conjure_core::ast::pretty::pretty_vec::<conjure_core::ast::atom::Atom>
FNDA:1,conjure_core::ast::pretty::pretty_expressions_as_top_level::{closure#0}
FNDA:0,conjure_core::ast::pretty::pretty_vec::<&conjure_core::ast::domains::Domain>
FNDA:0,conjure_core::ast::pretty::pretty_expressions_as_conjunction::{closure#0}
FNDA:0,conjure_core::ast::pretty::pretty_vec::<conjure_core::ast::atom::Atom>
FNDA:0,conjure_core::ast::pretty::pretty_vec::<conjure_core::ast::atom::Atom>::{closure#0}
FNDA:1,conjure_core::ast::pretty::pretty_vec::<conjure_core::ast::literals::Literal>
FNDA:0,conjure_core::ast::pretty::pretty_expressions_as_top_level
FNDA:1,conjure_core::ast::pretty::pretty_expressions_as_top_level
FNDA:0,conjure_core::ast::pretty::pretty_vec::<conjure_core::ast::expressions::Expression>::{closure#0}
FNDA:0,conjure_core::ast::pretty::pretty_expressions_as_conjunction
FNDA:0,conjure_core::ast::pretty::pretty_vec::<conjure_core::ast::literals::Literal>
FNDA:1,conjure_core::ast::pretty::pretty_vec::<conjure_core::ast::expressions::Expression>::{closure#0}
FNDA:0,conjure_core::ast::pretty::pretty_variable_declaration
FNDA:0,conjure_core::ast::pretty::pretty_expressions_as_conjunction::{closure#0}
FNDA:1,conjure_core::ast::pretty::pretty_vec::<conjure_core::ast::literals::Literal>::{closure#0}
FNDA:1,conjure_core::ast::pretty::pretty_domain_letting_declaration
FNDA:0,conjure_core::ast::pretty::pretty_value_letting_declaration
FNDA:0,conjure_core::ast::pretty::pretty_expressions_as_conjunction::{closure#0}
FNDA:0,conjure_core::ast::pretty::pretty_vec::<conjure_core::ast::atom::Atom>::{closure#0}
FNDA:0,conjure_core::ast::pretty::pretty_vec::<conjure_core::ast::literals::Literal>::{closure#0}
FNDA:0,conjure_core::ast::pretty::pretty_expressions_as_conjunction
FNDA:0,conjure_core::ast::pretty::pretty_expressions_as_top_level::{closure#0}
FNDA:0,conjure_core::ast::pretty::pretty_domain_letting_declaration
FNDA:0,conjure_core::ast::pretty::pretty_vec::<&conjure_core::ast::domains::Domain>
FNDA:0,conjure_core::ast::pretty::pretty_vec::<conjure_core::ast::expressions::Expression>
FNDA:1,conjure_core::ast::pretty::pretty_variable_declaration
FNDA:0,conjure_core::ast::pretty::pretty_domain_letting_declaration
FNDA:0,conjure_core::ast::pretty::pretty_vec::<conjure_core::ast::atom::Atom>
FNDA:1,conjure_core::ast::pretty::pretty_vec::<&conjure_core::ast::domains::Domain>
FNDA:0,conjure_core::ast::pretty::pretty_expressions_as_top_level
FNDA:0,conjure_core::ast::pretty::pretty_vec::<conjure_core::ast::expressions::Expression>
FNDA:1,conjure_core::ast::pretty::pretty_value_letting_declaration
FNDA:0,conjure_core::ast::pretty::pretty_vec::<conjure_core::ast::literals::Literal>::{closure#0}
FNDA:0,conjure_core::ast::pretty::pretty_expressions_as_top_level::{closure#0}
FNF:45
FNH:13
BRF:0
BRH:0
DA:24,16720
DA:25,110371
DA:26,16720
DA:37,0
DA:38,0
DA:39,0
DA:40,0
DA:41,0
DA:42,0
DA:43,0
DA:44,0
DA:55,510492
DA:56,780482
DA:57,510492
DA:58,510492
DA:59,510492
DA:60,510492
DA:61,510492
DA:72,19684
DA:73,19684
DA:74,19684
DA:75,19684
DA:76,19684
DA:77,19684
DA:88,456
DA:89,456
DA:90,456
DA:91,456
DA:92,456
DA:103,304
DA:104,304
DA:105,304
DA:106,304
DA:107,304
DA:108,304
DA:109,304
DA:110,304
LF:37
LH:29
end_of_record
SF:crates/conjure_core/src/rule_engine/resolve_rules.rs
FN:33,<conjure_core::rule_engine::resolve_rules::RuleData as core::cmp::PartialEq>::eq
FN:115,conjure_core::rule_engine::resolve_rules::get_rules
FN:77,conjure_core::rule_engine::resolve_rules::get_rule_set
FN:19,<conjure_core::rule_engine::resolve_rules::RuleData as core::fmt::Display>::fmt
FN:115,conjure_core::rule_engine::resolve_rules::get_rules
FN:165,conjure_core::rule_engine::resolve_rules::resolve_rule_sets
FN:42,<conjure_core::rule_engine::resolve_rules::RuleData as core::cmp::PartialOrd>::partial_cmp
FN:63,<conjure_core::rule_engine::resolve_rules::ResolveRulesError as core::fmt::Display>::fmt
FN:151,conjure_core::rule_engine::resolve_rules::get_rules_grouped::{closure#1}
FN:115,conjure_core::rule_engine::resolve_rules::get_rules
FN:165,conjure_core::rule_engine::resolve_rules::resolve_rule_sets
FN:93,conjure_core::rule_engine::resolve_rules::rule_sets_by_names
FN:77,conjure_core::rule_engine::resolve_rules::get_rule_set
FN:142,conjure_core::rule_engine::resolve_rules::get_rules_grouped
FN:33,<conjure_core::rule_engine::resolve_rules::RuleData as core::cmp::PartialEq>::eq
FN:151,conjure_core::rule_engine::resolve_rules::get_rules_grouped::{closure#1}
FN:63,<conjure_core::rule_engine::resolve_rules::ResolveRulesError as core::fmt::Display>::fmt
FN:148,conjure_core::rule_engine::resolve_rules::get_rules_grouped::{closure#0}
FN:77,conjure_core::rule_engine::resolve_rules::get_rule_set
FN:42,<conjure_core::rule_engine::resolve_rules::RuleData as core::cmp::PartialOrd>::partial_cmp
FN:33,<conjure_core::rule_engine::resolve_rules::RuleData as core::cmp::PartialEq>::eq
FN:93,conjure_core::rule_engine::resolve_rules::rule_sets_by_names
FN:151,conjure_core::rule_engine::resolve_rules::get_rules_grouped::{closure#1}
FN:19,<conjure_core::rule_engine::resolve_rules::RuleData as core::fmt::Display>::fmt
FN:142,conjure_core::rule_engine::resolve_rules::get_rules_grouped
FN:165,conjure_core::rule_engine::resolve_rules::resolve_rule_sets
FN:63,<conjure_core::rule_engine::resolve_rules::ResolveRulesError as core::fmt::Display>::fmt
FN:148,conjure_core::rule_engine::resolve_rules::get_rules_grouped::{closure#0}
FN:48,<conjure_core::rule_engine::resolve_rules::RuleData as core::cmp::Ord>::cmp
FN:19,<conjure_core::rule_engine::resolve_rules::RuleData as core::fmt::Display>::fmt
FN:142,conjure_core::rule_engine::resolve_rules::get_rules_grouped
FN:48,<conjure_core::rule_engine::resolve_rules::RuleData as core::cmp::Ord>::cmp
FN:148,conjure_core::rule_engine::resolve_rules::get_rules_grouped::{closure#0}
FN:93,conjure_core::rule_engine::resolve_rules::rule_sets_by_names
FN:48,<conjure_core::rule_engine::resolve_rules::RuleData as core::cmp::Ord>::cmp
FN:42,<conjure_core::rule_engine::resolve_rules::RuleData as core::cmp::PartialOrd>::partial_cmp
FNDA:0,<conjure_core::rule_engine::resolve_rules::RuleData as core::cmp::PartialEq>::eq
FNDA:1,conjure_core::rule_engine::resolve_rules::get_rules
FNDA:0,conjure_core::rule_engine::resolve_rules::get_rule_set
FNDA:0,<conjure_core::rule_engine::resolve_rules::RuleData as core::fmt::Display>::fmt
FNDA:0,conjure_core::rule_engine::resolve_rules::get_rules
FNDA:0,conjure_core::rule_engine::resolve_rules::resolve_rule_sets
FNDA:0,<conjure_core::rule_engine::resolve_rules::RuleData as core::cmp::PartialOrd>::partial_cmp
FNDA:0,<conjure_core::rule_engine::resolve_rules::ResolveRulesError as core::fmt::Display>::fmt
FNDA:1,conjure_core::rule_engine::resolve_rules::get_rules_grouped::{closure#1}
FNDA:0,conjure_core::rule_engine::resolve_rules::get_rules
FNDA:1,conjure_core::rule_engine::resolve_rules::resolve_rule_sets
FNDA:0,conjure_core::rule_engine::resolve_rules::rule_sets_by_names
FNDA:1,conjure_core::rule_engine::resolve_rules::get_rule_set
FNDA:1,conjure_core::rule_engine::resolve_rules::get_rules_grouped
FNDA:0,<conjure_core::rule_engine::resolve_rules::RuleData as core::cmp::PartialEq>::eq
FNDA:0,conjure_core::rule_engine::resolve_rules::get_rules_grouped::{closure#1}
FNDA:0,<conjure_core::rule_engine::resolve_rules::ResolveRulesError as core::fmt::Display>::fmt
FNDA:0,conjure_core::rule_engine::resolve_rules::get_rules_grouped::{closure#0}
FNDA:0,conjure_core::rule_engine::resolve_rules::get_rule_set
FNDA:0,<conjure_core::rule_engine::resolve_rules::RuleData as core::cmp::PartialOrd>::partial_cmp
FNDA:0,<conjure_core::rule_engine::resolve_rules::RuleData as core::cmp::PartialEq>::eq
FNDA:0,conjure_core::rule_engine::resolve_rules::rule_sets_by_names
FNDA:0,conjure_core::rule_engine::resolve_rules::get_rules_grouped::{closure#1}
FNDA:0,<conjure_core::rule_engine::resolve_rules::RuleData as core::fmt::Display>::fmt
FNDA:0,conjure_core::rule_engine::resolve_rules::get_rules_grouped
FNDA:0,conjure_core::rule_engine::resolve_rules::resolve_rule_sets
FNDA:0,<conjure_core::rule_engine::resolve_rules::ResolveRulesError as core::fmt::Display>::fmt
FNDA:0,conjure_core::rule_engine::resolve_rules::get_rules_grouped::{closure#0}
FNDA:0,<conjure_core::rule_engine::resolve_rules::RuleData as core::cmp::Ord>::cmp
FNDA:0,<conjure_core::rule_engine::resolve_rules::RuleData as core::fmt::Display>::fmt
FNDA:0,conjure_core::rule_engine::resolve_rules::get_rules_grouped
FNDA:1,<conjure_core::rule_engine::resolve_rules::RuleData as core::cmp::Ord>::cmp
FNDA:1,conjure_core::rule_engine::resolve_rules::get_rules_grouped::{closure#0}
FNDA:1,conjure_core::rule_engine::resolve_rules::rule_sets_by_names
FNDA:0,<conjure_core::rule_engine::resolve_rules::RuleData as core::cmp::Ord>::cmp
FNDA:0,<conjure_core::rule_engine::resolve_rules::RuleData as core::cmp::PartialOrd>::partial_cmp
FNF:36
FNH:8
BRF:0
BRH:0
DA:19,0
DA:20,0
DA:21,0
DA:22,0
DA:23,0
DA:24,0
DA:25,0
DA:33,0
DA:34,0
DA:35,0
DA:42,0
DA:43,0
DA:44,0
DA:48,928188
DA:49,928188
DA:50,258153
DA:51,670035
DA:53,928188
DA:63,0
DA:64,0
DA:65,0
DA:66,0
DA:67,0
DA:77,6422
DA:78,6422
DA:79,6422
DA:80,0
DA:82,6422
DA:93,2204
DA:94,2204
DA:95,2204
DA:96,2204
DA:98,8626
DA:99,6422
DA:100,6422
DA:101,6422
DA:102,6422
DA:105,2204
DA:106,2204
DA:115,2166
DA:116,2166
DA:117,2166
DA:118,2166
DA:119,2166
DA:120,2166
DA:122,10773
DA:123,142557
DA:124,142557
DA:125,142557
DA:126,142557
DA:127,142557
DA:128,142557
DA:129,142557
DA:132,2166
DA:133,2166
DA:142,2166
DA:143,2166
DA:144,2166
DA:145,2166
DA:146,2166
DA:147,2166
DA:148,142557
DA:149,2166
DA:150,2166
DA:151,36822
DA:152,2166
DA:153,2166
DA:154,2166
DA:165,2204
DA:166,2204
DA:167,2204
DA:168,2204
DA:169,2204
DA:170,2204
DA:171,2204
DA:173,2204
DA:174,2204
DA:175,2204
DA:177,2204
DA:178,2204
DA:179,2204
LF:81
LH:62
end_of_record
SF:crates/tree_morph/src/commands.rs
FN:65,<tree_morph::commands::Commands<shapes::Shape, ()>>::new
FN:65,<tree_morph::commands::Commands<rule_groups::Expr, ()>>::new
FN:85,<tree_morph::commands::Commands<rust_out::main::_doctest_main_crates_tree_morph_src_engine_rs_32_0::Expr, i32>>::mut_meta
FN:85,<tree_morph::commands::Commands<enum_rules::Expr, enum_rules::Meta>>::mut_meta
FN:65,<tree_morph::commands::Commands<_, _>>::new
FN:65,<tree_morph::commands::Commands<mixed_fn_rules::Expr, ()>>::new
FN:42,rust_out::main::_doctest_main_crates_tree_morph_src_commands_rs_28_0::rule::{closure#0}
FN:95,<tree_morph::commands::Commands<rust_out::main::_doctest_main_crates_tree_morph_src_engine_rs_32_0::Expr, i32>>::apply
FN:78,<tree_morph::commands::Commands<rust_out::main::_doctest_main_crates_tree_morph_src_commands_rs_28_0::Expr, bool>>::transform
FN:85,<tree_morph::commands::Commands<lambda_calc::Expr, u32>>::mut_meta
FN:95,<tree_morph::commands::Commands<conjure_core::ast::expressions::Expression, conjure_core::ast::symbol_table::SymbolTable>>::apply
FN:65,<tree_morph::commands::Commands<rust_out::main::_doctest_main_crates_tree_morph_src_rule_rs_111_0::Foo, ()>>::new
FN:65,<tree_morph::commands::Commands<rust_out::main::_doctest_main_crates_tree_morph_src_rule_rs_38_0::Term, ()>>::new
FN:78,<tree_morph::commands::Commands<conjure_core::ast::expressions::Expression, conjure_core::ast::symbol_table::SymbolTable>>::transform
FN:65,<tree_morph::commands::Commands<rust_out::main::_doctest_main_crates_tree_morph_src_engine_rs_32_0::Expr, i32>>::new
FN:78,<tree_morph::commands::Commands<conjure_core::ast::expressions::Expression, conjure_core::ast::symbol_table::SymbolTable>>::transform
FN:29,rust_out::main::_doctest_main_crates_tree_morph_src_commands_rs_28_0
FN:65,<tree_morph::commands::Commands<enum_rules::Expr, enum_rules::Meta>>::new
FN:41,rust_out::main::_doctest_main_crates_tree_morph_src_commands_rs_28_0::rule
FN:85,<tree_morph::commands::Commands<conjure_core::ast::expressions::Expression, conjure_core::ast::symbol_table::SymbolTable>>::mut_meta
FN:95,<tree_morph::commands::Commands<mixed_fn_rules::Expr, ()>>::apply
FN:95,<tree_morph::commands::Commands<rule_groups::Expr, ()>>::apply
FN:95,<tree_morph::commands::Commands<rust_out::main::_doctest_main_crates_tree_morph_src_rule_rs_111_0::Foo, ()>>::apply
FN:46,rust_out::main::_doctest_main_crates_tree_morph_src_commands_rs_28_0::rule::{closure#1}
FN:78,<tree_morph::commands::Commands<_, _>>::transform
FN:95,<tree_morph::commands::Commands<shapes::Shape, ()>>::apply
FN:85,<tree_morph::commands::Commands<conjure_core::ast::expressions::Expression, conjure_core::ast::symbol_table::SymbolTable>>::mut_meta
FN:95,<tree_morph::commands::Commands<rust_out::main::_doctest_main_crates_tree_morph_src_rule_rs_38_0::Term, ()>>::apply
FN:95,<tree_morph::commands::Commands<rust_out::main::_doctest_main_crates_tree_morph_src_commands_rs_28_0::Expr, bool>>::apply
FN:85,<tree_morph::commands::Commands<rust_out::main::_doctest_main_crates_tree_morph_src_commands_rs_28_0::Expr, bool>>::mut_meta
FN:29,rust_out::main
FN:95,<tree_morph::commands::Commands<enum_rules::Expr, enum_rules::Meta>>::apply
FN:90,<tree_morph::commands::Commands<_, _>>::clear
FN:65,<tree_morph::commands::Commands<rust_out::main::_doctest_main_crates_tree_morph_src_commands_rs_28_0::Expr, bool>>::new
FN:65,<tree_morph::commands::Commands<lambda_calc::Expr, u32>>::new
FN:65,<tree_morph::commands::Commands<conjure_core::ast::expressions::Expression, conjure_core::ast::symbol_table::SymbolTable>>::new
FN:85,<tree_morph::commands::Commands<_, _>>::mut_meta
FN:95,<tree_morph::commands::Commands<lambda_calc::Expr, u32>>::apply
FN:95,<tree_morph::commands::Commands<_, _>>::apply
FNDA:1,<tree_morph::commands::Commands<shapes::Shape, ()>>::new
FNDA:1,<tree_morph::commands::Commands<rule_groups::Expr, ()>>::new
FNDA:1,<tree_morph::commands::Commands<rust_out::main::_doctest_main_crates_tree_morph_src_engine_rs_32_0::Expr, i32>>::mut_meta
FNDA:1,<tree_morph::commands::Commands<enum_rules::Expr, enum_rules::Meta>>::mut_meta
FNDA:0,<tree_morph::commands::Commands<_, _>>::new
FNDA:1,<tree_morph::commands::Commands<mixed_fn_rules::Expr, ()>>::new
FNDA:1,rust_out::main::_doctest_main_crates_tree_morph_src_commands_rs_28_0::rule::{closure#0}
FNDA:1,<tree_morph::commands::Commands<rust_out::main::_doctest_main_crates_tree_morph_src_engine_rs_32_0::Expr, i32>>::apply
FNDA:1,<tree_morph::commands::Commands<rust_out::main::_doctest_main_crates_tree_morph_src_commands_rs_28_0::Expr, bool>>::transform
FNDA:1,<tree_morph::commands::Commands<lambda_calc::Expr, u32>>::mut_meta
FNDA:0,<tree_morph::commands::Commands<conjure_core::ast::expressions::Expression, conjure_core::ast::symbol_table::SymbolTable>>::apply
FNDA:1,<tree_morph::commands::Commands<rust_out::main::_doctest_main_crates_tree_morph_src_rule_rs_111_0::Foo, ()>>::new
FNDA:1,<tree_morph::commands::Commands<rust_out::main::_doctest_main_crates_tree_morph_src_rule_rs_38_0::Term, ()>>::new
FNDA:0,<tree_morph::commands::Commands<conjure_core::ast::expressions::Expression, conjure_core::ast::symbol_table::SymbolTable>>::transform
FNDA:1,<tree_morph::commands::Commands<rust_out::main::_doctest_main_crates_tree_morph_src_engine_rs_32_0::Expr, i32>>::new
FNDA:0,<tree_morph::commands::Commands<conjure_core::ast::expressions::Expression, conjure_core::ast::symbol_table::SymbolTable>>::transform
FNDA:1,rust_out::main::_doctest_main_crates_tree_morph_src_commands_rs_28_0
FNDA:1,<tree_morph::commands::Commands<enum_rules::Expr, enum_rules::Meta>>::new
FNDA:1,rust_out::main::_doctest_main_crates_tree_morph_src_commands_rs_28_0::rule
FNDA:0,<tree_morph::commands::Commands<conjure_core::ast::expressions::Expression, conjure_core::ast::symbol_table::SymbolTable>>::mut_meta
FNDA:1,<tree_morph::commands::Commands<mixed_fn_rules::Expr, ()>>::apply
FNDA:1,<tree_morph::commands::Commands<rule_groups::Expr, ()>>::apply
FNDA:0,<tree_morph::commands::Commands<rust_out::main::_doctest_main_crates_tree_morph_src_rule_rs_111_0::Foo, ()>>::apply
FNDA:1,rust_out::main::_doctest_main_crates_tree_morph_src_commands_rs_28_0::rule::{closure#1}
FNDA:0,<tree_morph::commands::Commands<_, _>>::transform
FNDA:1,<tree_morph::commands::Commands<shapes::Shape, ()>>::apply
FNDA:0,<tree_morph::commands::Commands<conjure_core::ast::expressions::Expression, conjure_core::ast::symbol_table::SymbolTable>>::mut_meta
FNDA:1,<tree_morph::commands::Commands<rust_out::main::_doctest_main_crates_tree_morph_src_rule_rs_38_0::Term, ()>>::apply
FNDA:1,<tree_morph::commands::Commands<rust_out::main::_doctest_main_crates_tree_morph_src_commands_rs_28_0::Expr, bool>>::apply
FNDA:1,<tree_morph::commands::Commands<rust_out::main::_doctest_main_crates_tree_morph_src_commands_rs_28_0::Expr, bool>>::mut_meta
FNDA:1,rust_out::main
FNDA:1,<tree_morph::commands::Commands<enum_rules::Expr, enum_rules::Meta>>::apply
FNDA:0,<tree_morph::commands::Commands<_, _>>::clear
FNDA:1,<tree_morph::commands::Commands<rust_out::main::_doctest_main_crates_tree_morph_src_commands_rs_28_0::Expr, bool>>::new
FNDA:1,<tree_morph::commands::Commands<lambda_calc::Expr, u32>>::new
FNDA:0,<tree_morph::commands::Commands<conjure_core::ast::expressions::Expression, conjure_core::ast::symbol_table::SymbolTable>>::new
FNDA:0,<tree_morph::commands::Commands<_, _>>::mut_meta
FNDA:1,<tree_morph::commands::Commands<lambda_calc::Expr, u32>>::apply
FNDA:0,<tree_morph::commands::Commands<_, _>>::apply
FNF:39
FNH:27
BRF:0
BRH:0
DA:29,1
DA:41,2
DA:42,2
DA:43,1
DA:44,0
DA:45,2
DA:46,2
DA:47,2
DA:48,2
DA:49,1
DA:50,1
DA:52,2
DA:55,1
DA:56,1
DA:57,1
DA:58,1
DA:59,1
DA:60,1
DA:65,114
DA:66,114
DA:67,114
DA:68,114
DA:69,114
DA:78,2
DA:79,2
DA:80,2
DA:85,56
DA:86,56
DA:87,56
DA:90,0
DA:91,0
DA:92,0
DA:95,32
DA:96,54
DA:97,22
DA:98,1
DA:99,21
DA:102,32
DA:103,32
LF:39
LH:35
end_of_record
SF:crates/conjure_core/src/ast/variables.rs
FN:45,<conjure_core::ast::variables::DecisionVariable>::new
FN:60,<conjure_core::ast::variables::DecisionVariable as core::fmt::Display>::fmt
FN:54,<conjure_core::ast::variables::DecisionVariable as conjure_core::ast::types::Typeable>::return_type
FN:32,<conjure_core::ast::variables::DecisionVariable as core::hash::Hash>::hash::<_>
FN:45,<conjure_core::ast::variables::DecisionVariable>::new
FN:60,<conjure_core::ast::variables::DecisionVariable as core::fmt::Display>::fmt
FN:45,<conjure_core::ast::variables::DecisionVariable>::new
FN:60,<conjure_core::ast::variables::DecisionVariable as core::fmt::Display>::fmt
FN:32,<conjure_core::ast::variables::DecisionVariable as core::hash::Hash>::hash::<_>
FN:54,<conjure_core::ast::variables::DecisionVariable as conjure_core::ast::types::Typeable>::return_type
FN:54,<conjure_core::ast::variables::DecisionVariable as conjure_core::ast::types::Typeable>::return_type
FN:32,<conjure_core::ast::variables::DecisionVariable as core::hash::Hash>::hash::<_>
FNDA:1,<conjure_core::ast::variables::DecisionVariable>::new
FNDA:0,<conjure_core::ast::variables::DecisionVariable as core::fmt::Display>::fmt
FNDA:0,<conjure_core::ast::variables::DecisionVariable as conjure_core::ast::types::Typeable>::return_type
FNDA:0,<conjure_core::ast::variables::DecisionVariable as core::hash::Hash>::hash::<_>
FNDA:1,<conjure_core::ast::variables::DecisionVariable>::new
FNDA:0,<conjure_core::ast::variables::DecisionVariable as core::fmt::Display>::fmt
FNDA:0,<conjure_core::ast::variables::DecisionVariable>::new
FNDA:0,<conjure_core::ast::variables::DecisionVariable as core::fmt::Display>::fmt
FNDA:0,<conjure_core::ast::variables::DecisionVariable as core::hash::Hash>::hash::<_>
FNDA:0,<conjure_core::ast::variables::DecisionVariable as conjure_core::ast::types::Typeable>::return_type
FNDA:0,<conjure_core::ast::variables::DecisionVariable as conjure_core::ast::types::Typeable>::return_type
FNDA:0,<conjure_core::ast::variables::DecisionVariable as core::hash::Hash>::hash::<_>
FNF:12
FNH:2
BRF:0
BRH:0
DA:32,0
DA:45,17616
DA:46,17616
DA:47,17616
DA:48,17616
DA:49,17616
DA:50,17616
DA:54,0
DA:55,0
DA:60,0
DA:61,0
DA:62,0
LF:12
LH:6
end_of_record
SF:solvers/minion/src/error.rs
FN:47,<minion_rs::error::RuntimeError as core::convert::From<u32>>::from
FN:47,<minion_rs::error::RuntimeError as core::convert::From<u32>>::from
FNDA:0,<minion_rs::error::RuntimeError as core::convert::From<u32>>::from
FNDA:0,<minion_rs::error::RuntimeError as core::convert::From<u32>>::from
FNF:2
FNH:0
BRF:0
BRH:0
DA:47,0
DA:48,0
DA:50,0
DA:51,0
DA:53,0
LF:5
LH:0
end_of_record
SF:crates/conjure_core/src/ast/symbol_table.rs
FN:127,<conjure_core::ast::symbol_table::SymbolTable>::lookup::{closure#0}
FN:119,<conjure_core::ast::symbol_table::SymbolTable>::lookup_local
FN:197,<conjure_core::ast::symbol_table::SymbolTable>::extend
FN:80,<<conjure_core::ast::symbol_table::SymbolTable as serde::de::Deserialize>::deserialize::__Visitor as serde::de::Visitor>::visit_seq::<&mut serde::de::value::SeqDeserializer<alloc::vec::into_iter::IntoIter<serde::__private::de::content::Content>, serde_json::error::Error>>::{closure#1}
FN:160,<conjure_core::ast::symbol_table::SymbolTable>::return_type_local::{closure#0}
FN:159,<conjure_core::ast::symbol_table::SymbolTable>::return_type_local
FN:185,<conjure_core::ast::symbol_table::SymbolTable>::resolve_domain::{closure#0}
FN:265,<conjure_core::ast::symbol_table::SymbolTable>::representations_for
FN:439,<conjure_core::ast::symbol_table::SymbolTable as uniplate::traits::Biplate<conjure_core::ast::expressions::Expression>>::biplate::{closure#1}
FN:296,<conjure_core::ast::symbol_table::SymbolTable>::get_or_add_representation::{closure#0}::{closure#0}
FN:286,<conjure_core::ast::symbol_table::SymbolTable>::get_or_add_representation
FN:407,<conjure_core::ast::symbol_table::SymbolTable as core::clone::Clone>::clone::{closure#0}
FN:107,<conjure_core::ast::symbol_table::SymbolTable>::new_inner::{closure#0}
FN:439,<conjure_core::ast::symbol_table::SymbolTable as uniplate::traits::Biplate<conjure_core::ast::expressions::Expression>>::biplate::{closure#1}
FN:439,<conjure_core::ast::symbol_table::SymbolTable as uniplate::traits::Biplate<conjure_core::ast::expressions::Expression>>::biplate::{closure#1}
FN:460,<conjure_core::ast::symbol_table::SymbolTable as uniplate::traits::Biplate<conjure_core::ast::comprehension::Comprehension>>::biplate
FN:421,<conjure_core::ast::symbol_table::SymbolTable as uniplate::traits::Uniplate>::uniplate
FN:159,<conjure_core::ast::symbol_table::SymbolTable>::return_type_local
FN:185,<conjure_core::ast::symbol_table::SymbolTable>::resolve_domain::{closure#0}
FN:130,<conjure_core::ast::symbol_table::SymbolTable>::lookup::{closure#0}::{closure#0}
FN:350,<conjure_core::ast::symbol_table::LocalIntoIter as core::iter::traits::iterator::Iterator>::next
[...]
FNDA:0,<conjure_core::metadata::Metadata as core::fmt::Display>::fmt
FNDA:1,<conjure_core::metadata::Metadata>::clone_dirty
FNDA:0,<conjure_core::metadata::Metadata>::clone_dirty
FNDA:1,<conjure_core::metadata::Metadata>::new
FNDA:0,<conjure_core::metadata::Metadata>::clone_dirty
FNDA:0,<conjure_core::metadata::Metadata as core::fmt::Display>::fmt
FNF:9
FNH:3
BRF:0
BRH:0
DA:15,147781
DA:16,147781
DA:17,147781
DA:18,147781
DA:19,147781
DA:20,147781
DA:22,2793
DA:23,2793
DA:24,2793
DA:25,2793
DA:26,2793
DA:27,2793
DA:31,0
DA:32,0
DA:33,0
LF:15
LH:12
end_of_record
SF:conjure_oxide/src/utils/testing.rs
FN:231,conjure_oxide::utils::testing::normalize_solutions_for_comparison::{closure#0}
FN:144,conjure_oxide::utils::testing::save_minion_solutions_json
FN:89,conjure_oxide::utils::testing::read_model_json
FN:255,conjure_oxide::utils::testing::normalize_solutions_for_comparison::{closure#1}::{closure#0}
FN:231,conjure_oxide::utils::testing::normalize_solutions_for_comparison::{closure#0}
FN:46,conjure_oxide::utils::testing::serialise_model
FN:207,conjure_oxide::utils::testing::read_human_rule_trace
FN:105,conjure_oxide::utils::testing::minion_solutions_from_json
FN:59,conjure_oxide::utils::testing::save_model_json
FN:255,conjure_oxide::utils::testing::normalize_solutions_for_comparison::{closure#1}::{closure#0}
FN:89,conjure_oxide::utils::testing::read_model_json
FN:105,conjure_oxide::utils::testing::minion_solutions_from_json
FN:174,conjure_oxide::utils::testing::read_rule_trace
FN:46,conjure_oxide::utils::testing::serialise_model
FN:158,conjure_oxide::utils::testing::read_minion_solutions_json
FN:158,conjure_oxide::utils::testing::read_minion_solutions_json
FN:222,conjure_oxide::utils::testing::normalize_solutions_for_comparison
FN:25,conjure_oxide::utils::testing::assert_eq_any_order::<_>
FN:71,conjure_oxide::utils::testing::save_stats_json
FN:89,conjure_oxide::utils::testing::read_model_json
FN:71,conjure_oxide::utils::testing::save_stats_json
FN:105,conjure_oxide::utils::testing::minion_solutions_from_json
FN:174,conjure_oxide::utils::testing::read_rule_trace
FN:144,conjure_oxide::utils::testing::save_minion_solutions_json
FN:207,conjure_oxide::utils::testing::read_human_rule_trace
FN:222,conjure_oxide::utils::testing::normalize_solutions_for_comparison
FN:251,conjure_oxide::utils::testing::normalize_solutions_for_comparison::{closure#1}
FN:174,conjure_oxide::utils::testing::read_rule_trace
FN:158,conjure_oxide::utils::testing::read_minion_solutions_json
FN:59,conjure_oxide::utils::testing::save_model_json
FN:144,conjure_oxide::utils::testing::save_minion_solutions_json
FN:46,conjure_oxide::utils::testing::serialise_model
FN:222,conjure_oxide::utils::testing::normalize_solutions_for_comparison
FN:25,conjure_oxide::utils::testing::assert_eq_any_order::<_>
FN:231,conjure_oxide::utils::testing::normalize_solutions_for_comparison::{closure#0}
FN:251,conjure_oxide::utils::testing::normalize_solutions_for_comparison::{closure#1}
FN:25,conjure_oxide::utils::testing::assert_eq_any_order::<_>
FN:59,conjure_oxide::utils::testing::save_model_json
FN:255,conjure_oxide::utils::testing::normalize_solutions_for_comparison::{closure#1}::{closure#0}
FN:251,conjure_oxide::utils::testing::normalize_solutions_for_comparison::{closure#1}
FN:71,conjure_oxide::utils::testing::save_stats_json
FN:207,conjure_oxide::utils::testing::read_human_rule_trace
FNDA:0,conjure_oxide::utils::testing::normalize_solutions_for_comparison::{closure#0}
FNDA:0,conjure_oxide::utils::testing::save_minion_solutions_json
FNDA:0,conjure_oxide::utils::testing::read_model_json
FNDA:0,conjure_oxide::utils::testing::normalize_solutions_for_comparison::{closure#1}::{closure#0}
FNDA:0,conjure_oxide::utils::testing::normalize_solutions_for_comparison::{closure#0}
FNDA:0,conjure_oxide::utils::testing::serialise_model
FNDA:0,conjure_oxide::utils::testing::read_human_rule_trace
FNDA:0,conjure_oxide::utils::testing::minion_solutions_from_json
FNDA:0,conjure_oxide::utils::testing::save_model_json
FNDA:0,conjure_oxide::utils::testing::normalize_solutions_for_comparison::{closure#1}::{closure#0}
FNDA:1,conjure_oxide::utils::testing::read_model_json
FNDA:0,conjure_oxide::utils::testing::minion_solutions_from_json
FNDA:0,conjure_oxide::utils::testing::read_rule_trace
FNDA:0,conjure_oxide::utils::testing::serialise_model
FNDA:0,conjure_oxide::utils::testing::read_minion_solutions_json
FNDA:1,conjure_oxide::utils::testing::read_minion_solutions_json
FNDA:0,conjure_oxide::utils::testing::normalize_solutions_for_comparison
FNDA:0,conjure_oxide::utils::testing::assert_eq_any_order::<_>
FNDA:0,conjure_oxide::utils::testing::save_stats_json
FNDA:0,conjure_oxide::utils::testing::read_model_json
FNDA:1,conjure_oxide::utils::testing::save_stats_json
FNDA:0,conjure_oxide::utils::testing::minion_solutions_from_json
FNDA:0,conjure_oxide::utils::testing::read_rule_trace
FNDA:0,conjure_oxide::utils::testing::save_minion_solutions_json
FNDA:0,conjure_oxide::utils::testing::read_human_rule_trace
FNDA:0,conjure_oxide::utils::testing::normalize_solutions_for_comparison
FNDA:0,conjure_oxide::utils::testing::normalize_solutions_for_comparison::{closure#1}
FNDA:0,conjure_oxide::utils::testing::read_rule_trace
FNDA:0,conjure_oxide::utils::testing::read_minion_solutions_json
FNDA:1,conjure_oxide::utils::testing::save_model_json
FNDA:1,conjure_oxide::utils::testing::save_minion_solutions_json
FNDA:1,conjure_oxide::utils::testing::serialise_model
FNDA:0,conjure_oxide::utils::testing::normalize_solutions_for_comparison
FNDA:0,conjure_oxide::utils::testing::assert_eq_any_order::<_>
FNDA:0,conjure_oxide::utils::testing::normalize_solutions_for_comparison::{closure#0}
FNDA:0,conjure_oxide::utils::testing::normalize_solutions_for_comparison::{closure#1}
FNDA:0,conjure_oxide::utils::testing::assert_eq_any_order::<_>
FNDA:0,conjure_oxide::utils::testing::save_model_json
FNDA:0,conjure_oxide::utils::testing::normalize_solutions_for_comparison::{closure#1}::{closure#0}
FNDA:0,conjure_oxide::utils::testing::normalize_solutions_for_comparison::{closure#1}
FNDA:0,conjure_oxide::utils::testing::save_stats_json
FNDA:0,conjure_oxide::utils::testing::read_human_rule_trace
FNF:42
FNH:6
BRF:0
BRH:0
DA:25,0
DA:26,0
DA:28,0
DA:29,0
DA:30,0
DA:31,0
DA:32,0
DA:34,0
DA:35,0
DA:36,0
DA:37,0
DA:38,0
DA:40,0
DA:41,0
DA:42,0
DA:44,0
DA:46,1561
DA:47,1561
DA:48,1561
DA:49,1561
DA:50,1561
DA:51,1561
DA:54,1561
DA:56,1561
DA:57,1561
DA:59,1561
DA:60,1561
DA:61,1561
DA:62,1561
DA:63,1561
DA:64,1561
DA:65,1561
DA:66,1561
DA:67,1561
DA:68,1561
DA:69,1561
DA:71,784
DA:72,784
DA:73,784
DA:74,784
DA:75,784
DA:76,784
DA:77,784
DA:78,784
DA:81,784
DA:83,784
DA:84,784
DA:86,784
DA:87,784
DA:89,2345
DA:90,2345
DA:91,2345
DA:92,2345
DA:93,2345
DA:94,2345
DA:95,2345
DA:96,2345
DA:97,2345
DA:98,2345
DA:99,2345
DA:100,2345
DA:102,2345
DA:103,2345
DA:105,0
DA:106,0
DA:107,0
DA:108,0
DA:110,0
DA:111,0
DA:112,0
DA:114,0
DA:116,0
DA:117,0
DA:118,0
DA:119,0
DA:120,0
DA:122,0
DA:123,0
DA:124,0
DA:125,0
DA:126,0
DA:127,0
DA:128,0
DA:130,0
DA:131,0
DA:134,0
DA:137,0
DA:140,0
DA:141,0
DA:144,770
DA:145,770
DA:146,770
DA:147,770
DA:148,770
DA:149,770
DA:150,770
DA:152,770
DA:153,770
DA:155,770
DA:156,770
DA:158,770
DA:159,770
DA:160,770
DA:161,770
DA:162,770
DA:163,770
DA:164,770
DA:166,770
DA:167,770
DA:169,770
DA:170,770
DA:174,0
DA:175,0
DA:176,0
DA:177,0
DA:178,0
DA:179,0
DA:180,0
DA:181,0
DA:182,0
DA:183,0
DA:184,0
DA:185,0
DA:186,0
DA:187,0
DA:188,0
DA:189,0
DA:190,0
DA:191,0
DA:192,0
DA:193,0
DA:196,0
DA:197,0
DA:198,0
DA:199,0
DA:200,0
DA:201,0
DA:203,0
DA:204,0
DA:207,0
DA:208,0
DA:209,0
DA:210,0
DA:211,0
DA:212,0
DA:213,0
DA:214,0
DA:215,0
DA:216,0
DA:217,0
DA:218,0
DA:219,0
DA:222,0
DA:223,0
DA:224,0
DA:225,0
DA:227,0
DA:229,0
DA:230,0
DA:231,0
DA:232,0
DA:233,0
DA:234,0
DA:235,0
DA:236,0
DA:238,0
DA:239,0
DA:240,0
DA:241,0
DA:242,0
DA:243,0
DA:244,0
DA:245,0
DA:246,0
DA:247,0
DA:248,0
DA:249,0
DA:250,0
DA:251,0
DA:252,0
DA:253,0
DA:254,0
DA:255,0
DA:256,0
DA:257,0
DA:258,0
DA:259,0
DA:260,0
DA:261,0
DA:262,0
DA:264,0
DA:265,0
DA:266,0
DA:267,0
DA:268,0
DA:269,0
DA:271,0
DA:274,0
DA:275,0
DA:276,0
DA:280,0
DA:281,0
DA:282,0
LF:203
LH:69
end_of_record
SF:crates/tree_morph/tests/enum_rules.rs
FN:69,enum_rules::add_zero
FN:101,enum_rules::eval_add
FN:40,<enum_rules::MyRule as tree_morph::rule::Rule<enum_rules::Expr, enum_rules::Meta>>::apply
FN:53,enum_rules::single_var
FN:85,enum_rules::mul_one
FN:41,<enum_rules::MyRule as tree_morph::rule::Rule<enum_rules::Expr, enum_rules::Meta>>::apply::{closure#0}
FN:117,enum_rules::eval_nested
FN:24,enum_rules::rule_eval_mul
FN:14,enum_rules::rule_eval_add
FNDA:1,enum_rules::add_zero
FNDA:1,enum_rules::eval_add
FNDA:1,<enum_rules::MyRule as tree_morph::rule::Rule<enum_rules::Expr, enum_rules::Meta>>::apply
FNDA:1,enum_rules::single_var
FNDA:1,enum_rules::mul_one
FNDA:1,<enum_rules::MyRule as tree_morph::rule::Rule<enum_rules::Expr, enum_rules::Meta>>::apply::{closure#0}
FNDA:1,enum_rules::eval_nested
FNDA:1,enum_rules::rule_eval_mul
FNDA:1,enum_rules::rule_eval_add
FNF:9
FNH:9
BRF:0
BRH:0
DA:14,11
DA:15,11
DA:16,3
DA:17,3
DA:18,0
DA:20,8
DA:22,11
DA:24,11
DA:25,11
DA:26,3
DA:27,2
DA:28,1
DA:30,8
DA:32,11
DA:40,22
DA:41,22
DA:42,22
DA:43,11
DA:44,11
DA:46,22
DA:53,1
DA:54,1
DA:55,1
DA:56,1
DA:57,1
DA:58,1
DA:59,1
DA:60,1
DA:61,1
DA:62,1
DA:63,1
DA:64,1
DA:65,1
DA:66,1
DA:69,1
DA:70,1
DA:71,1
DA:72,1
DA:73,1
DA:74,1
DA:75,1
DA:76,1
DA:77,1
DA:78,1
DA:79,1
DA:80,1
DA:81,1
DA:82,1
DA:85,1
DA:86,1
DA:87,1
DA:88,1
DA:89,1
DA:90,1
DA:91,1
DA:92,1
DA:93,1
DA:94,1
DA:95,1
DA:96,1
DA:97,1
DA:98,1
DA:101,1
DA:102,1
DA:103,1
DA:104,1
DA:105,1
DA:106,1
DA:107,1
DA:108,1
DA:109,1
DA:110,1
DA:111,1
DA:112,1
DA:113,1
DA:114,1
DA:117,1
DA:118,1
DA:119,1
DA:120,1
DA:121,1
DA:122,1
DA:123,1
DA:124,1
DA:125,1
DA:126,1
DA:127,1
DA:128,1
DA:129,1
DA:130,1
DA:131,1
DA:132,1
DA:133,1
LF:93
LH:92
end_of_record
SF:crates/conjure_core/src/ast/domains.rs
FN:185,<conjure_core::ast::domains::Domain>::apply_i32
FN:90,<conjure_core::ast::domains::Domain>::contains::{closure#0}
FN:157,<conjure_core::ast::domains::Domain>::values
FN:185,<conjure_core::ast::domains::Domain>::apply_i32
FN:175,<conjure_core::ast::domains::Domain>::length
FN:39,<conjure_core::ast::domains::Range<i32> as core::fmt::Display>::fmt
FN:39,<conjure_core::ast::domains::Range<i32> as core::fmt::Display>::fmt
FN:157,<conjure_core::ast::domains::Domain>::values
FN:264,<conjure_core::ast::domains::Domain as core::fmt::Display>::fmt::{closure#0}
FN:162,<conjure_core::ast::domains::Domain>::values::{closure#0}
FN:288,<conjure_core::ast::domains::Domain as conjure_core::ast::types::Typeable>::return_type
FN:321,conjure_core::ast::domains::tests::test_negative_div::{closure#0}
FN:264,<conjure_core::ast::domains::Domain as core::fmt::Display>::fmt::{closure#0}
FN:185,<conjure_core::ast::domains::Domain>::apply_i32
FN:162,<conjure_core::ast::domains::Domain>::values::{closure#0}
FN:211,<conjure_core::ast::domains::Domain>::is_finite::{closure#0}
FN:90,<conjure_core::ast::domains::Domain>::contains::{closure#0}
FN:162,<conjure_core::ast::domains::Domain>::values::{closure#0}::{closure#0}
FN:175,<conjure_core::ast::domains::Domain>::length
FN:136,<conjure_core::ast::domains::Domain>::values_i32
FN:157,<conjure_core::ast::domains::Domain>::values
FN:264,<conjure_core::ast::domains::Domain as core::fmt::Display>::fmt::{closure#0}
FN:176,<conjure_core::ast::domains::Domain>::length::{closure#0}
FN:28,<conjure_core::ast::domains::Range<i32>>::contains
FN:162,<conjure_core::ast::domains::Domain>::values::{closure#0}::{closure#0}
FN:141,<conjure_core::ast::domains::Domain>::values_i32::{closure#0}
FN:80,<conjure_core::ast::domains::Domain>::contains
FN:141,<conjure_core::ast::domains::Domain>::values_i32::{closure#0}
FN:297,conjure_core::ast::domains::tests::test_negative_product
FN:232,<conjure_core::ast::domains::Domain>::resolve
FN:202,<conjure_core::ast::domains::Domain>::is_finite
FN:162,<conjure_core::ast::domains::Domain>::values::{closure#0}::{closure#0}
FN:258,<conjure_core::ast::domains::Domain as core::fmt::Display>::fmt
FN:80,<conjure_core::ast::domains::Domain>::contains
FN:258,<conjure_core::ast::domains::Domain as core::fmt::Display>::fmt
FN:232,<conjure_core::ast::domains::Domain>::resolve
FN:202,<conjure_core::ast::domains::Domain>::is_finite
FN:80,<conjure_core::ast::domains::Domain>::contains
FN:90,<conjure_core::ast::domains::Domain>::contains::{closure#0}
FN:176,<conjure_core::ast::domains::Domain>::length::{closure#0}
FN:28,<conjure_core::ast::domains::Range<i32>>::contains
FN:136,<conjure_core::ast::domains::Domain>::values_i32
FN:288,<conjure_core::ast::domains::Domain as conjure_core::ast::types::Typeable>::return_type
FN:288,<conjure_core::ast::domains::Domain as conjure_core::ast::types::Typeable>::return_type
FN:162,<conjure_core::ast::domains::Domain>::values::{closure#0}
FN:39,<conjure_core::ast::domains::Range<i32> as core::fmt::Display>::fmt
FN:232,<conjure_core::ast::domains::Domain>::resolve
FN:176,<conjure_core::ast::domains::Domain>::length::{closure#0}
FN:300,conjure_core::ast::domains::tests::test_negative_product::{closure#0}
FN:202,<conjure_core::ast::domains::Domain>::is_finite
FN:141,<conjure_core::ast::domains::Domain>::values_i32::{closure#0}
FN:175,<conjure_core::ast::domains::Domain>::length
FN:211,<conjure_core::ast::domains::Domain>::is_finite::{closure#0}
FN:136,<conjure_core::ast::domains::Domain>::values_i32
FN:211,<conjure_core::ast::domains::Domain>::is_finite::{closure#0}
FN:28,<conjure_core::ast::domains::Range<i32>>::contains
FN:317,conjure_core::ast::domains::tests::test_negative_div
FN:258,<conjure_core::ast::domains::Domain as core::fmt::Display>::fmt
FNDA:1,<conjure_core::ast::domains::Domain>::apply_i32
FNDA:1,<conjure_core::ast::domains::Domain>::contains::{closure#0}
FNDA:1,<conjure_core::ast::domains::Domain>::values
FNDA:0,<conjure_core::ast::domains::Domain>::apply_i32
FNDA:0,<conjure_core::ast::domains::Domain>::length
FNDA:0,<conjure_core::ast::domains::Range<i32> as core::fmt::Display>::fmt
FNDA:0,<conjure_core::ast::domains::Range<i32> as core::fmt::Display>::fmt
FNDA:0,<conjure_core::ast::domains::Domain>::values
FNDA:0,<conjure_core::ast::domains::Domain as core::fmt::Display>::fmt::{closure#0}
FNDA:0,<conjure_core::ast::domains::Domain>::values::{closure#0}
FNDA:0,<conjure_core::ast::domains::Domain as conjure_core::ast::types::Typeable>::return_type
FNDA:1,conjure_core::ast::domains::tests::test_negative_div::{closure#0}
FNDA:0,<conjure_core::ast::domains::Domain as core::fmt::Display>::fmt::{closure#0}
FNDA:1,<conjure_core::ast::domains::Domain>::apply_i32
FNDA:0,<conjure_core::ast::domains::Domain>::values::{closure#0}
FNDA:1,<conjure_core::ast::domains::Domain>::is_finite::{closure#0}
FNDA:0,<conjure_core::ast::domains::Domain>::contains::{closure#0}
FNDA:0,<conjure_core::ast::domains::Domain>::values::{closure#0}::{closure#0}
FNDA:0,<conjure_core::ast::domains::Domain>::length
FNDA:0,<conjure_core::ast::domains::Domain>::values_i32
FNDA:0,<conjure_core::ast::domains::Domain>::values
FNDA:1,<conjure_core::ast::domains::Domain as core::fmt::Display>::fmt::{closure#0}
FNDA:0,<conjure_core::ast::domains::Domain>::length::{closure#0}
FNDA:1,<conjure_core::ast::domains::Range<i32>>::contains
FNDA:1,<conjure_core::ast::domains::Domain>::values::{closure#0}::{closure#0}
FNDA:1,<conjure_core::ast::domains::Domain>::values_i32::{closure#0}
FNDA:0,<conjure_core::ast::domains::Domain>::contains
FNDA:0,<conjure_core::ast::domains::Domain>::values_i32::{closure#0}
FNDA:1,conjure_core::ast::domains::tests::test_negative_product
FNDA:1,<conjure_core::ast::domains::Domain>::resolve
FNDA:1,<conjure_core::ast::domains::Domain>::is_finite
FNDA:0,<conjure_core::ast::domains::Domain>::values::{closure#0}::{closure#0}
FNDA:1,<conjure_core::ast::domains::Domain as core::fmt::Display>::fmt
FNDA:0,<conjure_core::ast::domains::Domain>::contains
FNDA:0,<conjure_core::ast::domains::Domain as core::fmt::Display>::fmt
FNDA:1,<conjure_core::ast::domains::Domain>::resolve
FNDA:0,<conjure_core::ast::domains::Domain>::is_finite
FNDA:1,<conjure_core::ast::domains::Domain>::contains
FNDA:0,<conjure_core::ast::domains::Domain>::contains::{closure#0}
FNDA:0,<conjure_core::ast::domains::Domain>::length::{closure#0}
FNDA:0,<conjure_core::ast::domains::Range<i32>>::contains
FNDA:1,<conjure_core::ast::domains::Domain>::values_i32
FNDA:0,<conjure_core::ast::domains::Domain as conjure_core::ast::types::Typeable>::return_type
FNDA:0,<conjure_core::ast::domains::Domain as conjure_core::ast::types::Typeable>::return_type
FNDA:1,<conjure_core::ast::domains::Domain>::values::{closure#0}
FNDA:1,<conjure_core::ast::domains::Range<i32> as core::fmt::Display>::fmt
FNDA:0,<conjure_core::ast::domains::Domain>::resolve
FNDA:0,<conjure_core::ast::domains::Domain>::length::{closure#0}
FNDA:1,conjure_core::ast::domains::tests::test_negative_product::{closure#0}
FNDA:0,<conjure_core::ast::domains::Domain>::is_finite
FNDA:1,<conjure_core::ast::domains::Domain>::values_i32::{closure#0}
FNDA:0,<conjure_core::ast::domains::Domain>::length
FNDA:0,<conjure_core::ast::domains::Domain>::is_finite::{closure#0}
FNDA:1,<conjure_core::ast::domains::Domain>::values_i32
FNDA:0,<conjure_core::ast::domains::Domain>::is_finite::{closure#0}
FNDA:0,<conjure_core::ast::domains::Range<i32>>::contains
FNDA:1,conjure_core::ast::domains::tests::test_negative_div
FNDA:0,<conjure_core::ast::domains::Domain as core::fmt::Display>::fmt
FNF:58
FNH:23
BRF:0
BRH:0
DA:28,2375
DA:29,2375
DA:30,0
DA:31,2375
DA:32,0
DA:33,0
DA:35,2375
DA:39,290453
DA:40,290453
DA:41,1406
DA:42,186067
DA:43,102980
DA:44,0
DA:46,290453
DA:80,2375
DA:81,2375
DA:82,2375
DA:83,2375
DA:84,2375
DA:85,2375
DA:86,2375
DA:87,0
DA:88,2375
DA:89,2375
DA:90,2375
DA:92,0
DA:93,0
DA:94,0
DA:95,0
DA:98,0
DA:99,0
DA:100,0
DA:101,0
DA:102,0
DA:103,0
DA:104,0
DA:105,0
DA:107,0
DA:108,0
DA:112,0
DA:113,0
DA:115,0
DA:118,0
DA:119,0
DA:120,0
DA:121,0
DA:124,0
DA:126,0
DA:128,0
DA:130,0
DA:132,2375
DA:136,19563
DA:137,19563
DA:138,19562
DA:139,19562
DA:140,19562
DA:141,21386
DA:142,3026
DA:143,18360
DA:144,0
DA:145,0
DA:146,21386
DA:147,19562
DA:148,19562
DA:149,19562
DA:150,19562
DA:151,1
DA:153,19563
DA:157,14174
DA:158,14174
DA:159,19
DA:160,14155
DA:161,14155
DA:162,81016
DA:166,0
DA:167,0
DA:168,0
DA:170,14174
DA:175,0
DA:176,0
DA:177,0
DA:185,2704
DA:186,2704
DA:188,2703
DA:189,78755
DA:190,78755
DA:191,73241
DA:192,5514
DA:194,2703
DA:195,1
DA:196,1
DA:197,2704
DA:202,342
DA:203,1140
DA:204,1140
DA:205,779
DA:206,0
DA:207,779
DA:208,779
DA:209,779
DA:210,779
DA:211,779
DA:213,0
DA:214,779
DA:215,361
DA:216,0
DA:217,361
DA:219,342
DA:220,342
DA:232,332885
DA:233,332885
DA:234,332885
DA:235,332885
DA:236,332885
DA:237,332885
DA:238,332885
DA:239,332885
DA:240,332885
DA:241,667518
DA:242,334633
DA:243,398435
DA:244,398435
DA:245,1843
DA:246,1843
DA:247,1843
DA:248,1843
DA:249,1843
DA:250,396592
DA:253,332885
DA:254,332885
DA:258,294196
DA:259,294196
DA:261,3059
DA:263,289769
DA:264,290453
DA:265,289769
DA:266,289769
DA:267,0
DA:269,289769
DA:272,627
DA:273,0
DA:274,0
DA:276,741
DA:277,741
DA:278,741
DA:279,741
DA:280,741
DA:281,741
DA:284,294196
DA:288,0
DA:289,0
DA:297,1
DA:298,1
DA:299,1
DA:300,16
DA:301,1
DA:302,1
DA:303,1
DA:304,1
DA:305,1
DA:306,1
DA:307,1
DA:308,1
DA:309,1
DA:310,1
DA:311,1
DA:312,1
DA:313,0
DA:314,1
DA:317,1
DA:318,1
DA:319,1
DA:320,1
DA:321,16
DA:322,1
DA:323,1
DA:324,1
DA:325,1
DA:326,1
DA:327,1
DA:328,1
DA:329,1
DA:330,1
DA:331,1
DA:332,1
DA:333,1
DA:334,1
DA:335,0
DA:336,1
LF:189
LH:141
end_of_record
SF:conjure_oxide/tests/model_tests.rs
FN:9,mod::model_tests::modify_domain
FN:9,model_tests::modify_domain
FNDA:1,mod::model_tests::modify_domain
FNDA:1,model_tests::modify_domain
FNF:2
FNH:2
BRF:0
BRH:0
DA:9,2
DA:10,2
DA:11,2
DA:12,2
DA:13,2
DA:14,2
DA:15,2
DA:16,2
DA:17,2
DA:18,2
DA:19,2
DA:20,2
DA:21,2
DA:22,2
DA:23,2
DA:25,2
DA:26,2
DA:27,2
DA:28,2
DA:29,2
DA:30,2
DA:31,2
DA:32,2
LF:23
LH:23
end_of_record
