TN:
SF:crates/conjure_core/src/context.rs
FN:73,<conjure_core::context::Context as core::fmt::Debug>::fmt::{closure#0}
FN:36,<conjure_core::context::Context>::new
FN:70,<conjure_core::context::Context as core::fmt::Debug>::fmt
FN:70,<conjure_core::context::Context as core::fmt::Debug>::fmt
FN:54,<conjure_core::context::Context>::new_ptr
FN:74,<conjure_core::context::Context as core::fmt::Debug>::fmt::{closure#1}
FN:74,<conjure_core::context::Context as core::fmt::Debug>::fmt::{closure#1}
FN:36,<conjure_core::context::Context>::new
FN:73,<conjure_core::context::Context as core::fmt::Debug>::fmt::{closure#0}
FN:54,<conjure_core::context::Context>::new_ptr
FNDA:0,<conjure_core::context::Context as core::fmt::Debug>::fmt::{closure#0}
FNDA:0,<conjure_core::context::Context>::new
FNDA:0,<conjure_core::context::Context as core::fmt::Debug>::fmt
FNDA:0,<conjure_core::context::Context as core::fmt::Debug>::fmt
FNDA:0,<conjure_core::context::Context>::new_ptr
FNDA:0,<conjure_core::context::Context as core::fmt::Debug>::fmt::{closure#1}
FNDA:0,<conjure_core::context::Context as core::fmt::Debug>::fmt::{closure#1}
FNDA:0,<conjure_core::context::Context>::new
FNDA:0,<conjure_core::context::Context as core::fmt::Debug>::fmt::{closure#0}
FNDA:0,<conjure_core::context::Context>::new_ptr
FNF:10
FNH:0
BRF:0
BRH:0
DA:36,0
DA:37,0
DA:38,0
DA:39,0
DA:40,0
DA:41,0
DA:42,0
DA:43,0
DA:44,0
DA:45,0
DA:46,0
DA:47,0
DA:48,0
DA:49,0
DA:50,0
DA:54,0
DA:55,0
DA:56,0
DA:57,0
DA:58,0
DA:59,0
DA:60,0
DA:61,0
DA:62,0
DA:63,0
DA:64,0
DA:65,0
DA:66,0
DA:70,0
DA:71,0
DA:72,0
DA:73,0
DA:74,0
DA:75,0
DA:76,0
DA:77,0
DA:78,0
DA:79,0
DA:80,0
DA:81,0
DA:82,0
DA:83,0
DA:84,0
DA:85,0
DA:86,0
LF:45
LH:0
end_of_record
SF:crates/conjure_core/src/rules/subsitute_lettings.rs
FN:18,conjure_core::rules::subsitute_lettings::CONJURE_GEN_RULE_SUBSTITUTE_VALUE_LETTINGS::__typecheck::{closure#0}::{closure#0}
FN:18,conjure_core::rules::subsitute_lettings::CONJURE_GEN_RULE_SUBSTITUTE_VALUE_LETTINGS::__typecheck::{closure#0}::{closure#0}
FN:31,conjure_core::rules::subsitute_lettings::CONJURE_GEN_RULE_SUBSTITUTE_DOMAIN_LETTINGS::__typecheck::{closure#0}::{closure#0}
FN:32,conjure_core::rules::subsitute_lettings::substitute_domain_lettings
FN:19,conjure_core::rules::subsitute_lettings::substitute_value_lettings
FN:19,conjure_core::rules::subsitute_lettings::substitute_value_lettings
FN:32,conjure_core::rules::subsitute_lettings::substitute_domain_lettings
FN:31,conjure_core::rules::subsitute_lettings::CONJURE_GEN_RULE_SUBSTITUTE_DOMAIN_LETTINGS::__typecheck::{closure#0}::{closure#0}
FNDA:0,conjure_core::rules::subsitute_lettings::CONJURE_GEN_RULE_SUBSTITUTE_VALUE_LETTINGS::__typecheck::{closure#0}::{closure#0}
FNDA:0,conjure_core::rules::subsitute_lettings::CONJURE_GEN_RULE_SUBSTITUTE_VALUE_LETTINGS::__typecheck::{closure#0}::{closure#0}
FNDA:0,conjure_core::rules::subsitute_lettings::CONJURE_GEN_RULE_SUBSTITUTE_DOMAIN_LETTINGS::__typecheck::{closure#0}::{closure#0}
FNDA:0,conjure_core::rules::subsitute_lettings::substitute_domain_lettings
FNDA:0,conjure_core::rules::subsitute_lettings::substitute_value_lettings
FNDA:0,conjure_core::rules::subsitute_lettings::substitute_value_lettings
FNDA:0,conjure_core::rules::subsitute_lettings::substitute_domain_lettings
FNDA:0,conjure_core::rules::subsitute_lettings::CONJURE_GEN_RULE_SUBSTITUTE_DOMAIN_LETTINGS::__typecheck::{closure#0}::{closure#0}
FNF:8
FNH:0
BRF:0
BRH:0
DA:19,0
DA:20,0
DA:21,0
DA:24,0
DA:25,0
DA:27,0
DA:28,0
DA:32,0
DA:33,0
DA:34,0
DA:37,0
DA:38,0
DA:40,0
DA:41,0
DA:42,0
DA:45,0
DA:46,0
DA:47,0
DA:48,0
DA:49,0
DA:50,0
DA:51,0
DA:53,0
DA:54,0
DA:56,0
DA:58,0
LF:26
LH:0
end_of_record
SF:crates/conjure_core/src/representations/matrix_to_atom.rs
FN:152,<conjure_core::representations::matrix_to_atom::MatrixToAtom as conjure_core::representation::Representation>::value_up::inner::{closure#0}
FN:169,<conjure_core::representations::matrix_to_atom::MatrixToAtom as conjure_core::representation::Representation>::expression_down
FN:31,<conjure_core::representations::matrix_to_atom::MatrixToAtom>::indices_to_name
FN:195,<conjure_core::representations::matrix_to_atom::MatrixToAtom as conjure_core::representation::Representation>::box_clone
FN:191,<conjure_core::representations::matrix_to_atom::MatrixToAtom as conjure_core::representation::Representation>::repr_name
FN:187,<conjure_core::representations::matrix_to_atom::MatrixToAtom as conjure_core::representation::Representation>::declaration_down::{closure#0}
FN:140,<conjure_core::representations::matrix_to_atom::MatrixToAtom as conjure_core::representation::Representation>::value_up::inner
FN:31,<conjure_core::representations::matrix_to_atom::MatrixToAtom>::indices_to_name
FN:120,<conjure_core::representations::matrix_to_atom::MatrixToAtom as conjure_core::representation::Representation>::value_down
FN:191,<conjure_core::representations::matrix_to_atom::MatrixToAtom as conjure_core::representation::Representation>::repr_name
FN:136,<conjure_core::representations::matrix_to_atom::MatrixToAtom as conjure_core::representation::Representation>::value_up
FN:26,<conjure_core::representations::matrix_to_atom::MatrixToAtom>::names
FN:68,<conjure_core::representations::matrix_to_atom::MatrixToAtom>::name_to_indices::{closure#0}
FN:152,<conjure_core::representations::matrix_to_atom::MatrixToAtom as conjure_core::representation::Representation>::value_up::inner::{closure#0}
FN:136,<conjure_core::representations::matrix_to_atom::MatrixToAtom as conjure_core::representation::Representation>::value_up
FN:175,<conjure_core::representations::matrix_to_atom::MatrixToAtom as conjure_core::representation::Representation>::expression_down::{closure#0}
FN:26,<conjure_core::representations::matrix_to_atom::MatrixToAtom>::names
FN:41,<conjure_core::representations::matrix_to_atom::MatrixToAtom>::name_to_indices
FN:184,<conjure_core::representations::matrix_to_atom::MatrixToAtom as conjure_core::representation::Representation>::declaration_down
FN:92,<conjure_core::representations::matrix_to_atom::MatrixToAtom as conjure_core::representation::Representation>::init
FN:120,<conjure_core::representations::matrix_to_atom::MatrixToAtom as conjure_core::representation::Representation>::value_down
FN:41,<conjure_core::representations::matrix_to_atom::MatrixToAtom>::name_to_indices
FN:184,<conjure_core::representations::matrix_to_atom::MatrixToAtom as conjure_core::representation::Representation>::declaration_down
FN:116,<conjure_core::representations::matrix_to_atom::MatrixToAtom as conjure_core::representation::Representation>::variable_name
FN:195,<conjure_core::representations::matrix_to_atom::MatrixToAtom as conjure_core::representation::Representation>::box_clone
FN:175,<conjure_core::representations::matrix_to_atom::MatrixToAtom as conjure_core::representation::Representation>::expression_down::{closure#0}
FN:169,<conjure_core::representations::matrix_to_atom::MatrixToAtom as conjure_core::representation::Representation>::expression_down
FN:27,<conjure_core::representations::matrix_to_atom::MatrixToAtom>::names::{closure#0}
FN:27,<conjure_core::representations::matrix_to_atom::MatrixToAtom>::names::{closure#0}
FN:92,<conjure_core::representations::matrix_to_atom::MatrixToAtom as conjure_core::representation::Representation>::init
FN:68,<conjure_core::representations::matrix_to_atom::MatrixToAtom>::name_to_indices::{closure#0}
FN:187,<conjure_core::representations::matrix_to_atom::MatrixToAtom as conjure_core::representation::Representation>::declaration_down::{closure#0}
FN:140,<conjure_core::representations::matrix_to_atom::MatrixToAtom as conjure_core::representation::Representation>::value_up::inner
FN:116,<conjure_core::representations::matrix_to_atom::MatrixToAtom as conjure_core::representation::Representation>::variable_name
FNDA:0,<conjure_core::representations::matrix_to_atom::MatrixToAtom as conjure_core::representation::Representation>::value_up::inner::{closure#0}
FNDA:0,<conjure_core::representations::matrix_to_atom::MatrixToAtom as conjure_core::representation::Representation>::expression_down
FNDA:0,<conjure_core::representations::matrix_to_atom::MatrixToAtom>::indices_to_name
FNDA:0,<conjure_core::representations::matrix_to_atom::MatrixToAtom as conjure_core::representation::Representation>::box_clone
FNDA:0,<conjure_core::representations::matrix_to_atom::MatrixToAtom as conjure_core::representation::Representation>::repr_name
FNDA:0,<conjure_core::representations::matrix_to_atom::MatrixToAtom as conjure_core::representation::Representation>::declaration_down::{closure#0}
FNDA:0,<conjure_core::representations::matrix_to_atom::MatrixToAtom as conjure_core::representation::Representation>::value_up::inner
FNDA:0,<conjure_core::representations::matrix_to_atom::MatrixToAtom>::indices_to_name
FNDA:0,<conjure_core::representations::matrix_to_atom::MatrixToAtom as conjure_core::representation::Representation>::value_down
FNDA:0,<conjure_core::representations::matrix_to_atom::MatrixToAtom as conjure_core::representation::Representation>::repr_name
FNDA:0,<conjure_core::representations::matrix_to_atom::MatrixToAtom as conjure_core::representation::Representation>::value_up
FNDA:0,<conjure_core::representations::matrix_to_atom::MatrixToAtom>::names
FNDA:0,<conjure_core::representations::matrix_to_atom::MatrixToAtom>::name_to_indices::{closure#0}
FNDA:0,<conjure_core::representations::matrix_to_atom::MatrixToAtom as conjure_core::representation::Representation>::value_up::inner::{closure#0}
FNDA:0,<conjure_core::representations::matrix_to_atom::MatrixToAtom as conjure_core::representation::Representation>::value_up
FNDA:0,<conjure_core::representations::matrix_to_atom::MatrixToAtom as conjure_core::representation::Representation>::expression_down::{closure#0}
FNDA:0,<conjure_core::representations::matrix_to_atom::MatrixToAtom>::names
FNDA:0,<conjure_core::representations::matrix_to_atom::MatrixToAtom>::name_to_indices
FNDA:0,<conjure_core::representations::matrix_to_atom::MatrixToAtom as conjure_core::representation::Representation>::declaration_down
FNDA:0,<conjure_core::representations::matrix_to_atom::MatrixToAtom as conjure_core::representation::Representation>::init
FNDA:0,<conjure_core::representations::matrix_to_atom::MatrixToAtom as conjure_core::representation::Representation>::value_down
FNDA:0,<conjure_core::representations::matrix_to_atom::MatrixToAtom>::name_to_indices
FNDA:0,<conjure_core::representations::matrix_to_atom::MatrixToAtom as conjure_core::representation::Representation>::declaration_down
FNDA:0,<conjure_core::representations::matrix_to_atom::MatrixToAtom as conjure_core::representation::Representation>::variable_name
FNDA:0,<conjure_core::representations::matrix_to_atom::MatrixToAtom as conjure_core::representation::Representation>::box_clone
FNDA:0,<conjure_core::representations::matrix_to_atom::MatrixToAtom as conjure_core::representation::Representation>::expression_down::{closure#0}
FNDA:0,<conjure_core::representations::matrix_to_atom::MatrixToAtom as conjure_core::representation::Representation>::expression_down
FNDA:0,<conjure_core::representations::matrix_to_atom::MatrixToAtom>::names::{closure#0}
FNDA:0,<conjure_core::representations::matrix_to_atom::MatrixToAtom>::names::{closure#0}
FNDA:0,<conjure_core::representations::matrix_to_atom::MatrixToAtom as conjure_core::representation::Representation>::init
FNDA:0,<conjure_core::representations::matrix_to_atom::MatrixToAtom>::name_to_indices::{closure#0}
FNDA:0,<conjure_core::representations::matrix_to_atom::MatrixToAtom as conjure_core::representation::Representation>::declaration_down::{closure#0}
FNDA:0,<conjure_core::representations::matrix_to_atom::MatrixToAtom as conjure_core::representation::Representation>::value_up::inner
FNDA:0,<conjure_core::representations::matrix_to_atom::MatrixToAtom as conjure_core::representation::Representation>::variable_name
FNF:34
FNH:0
BRF:0
BRH:0
DA:26,0
DA:27,0
DA:28,0
DA:31,0
DA:32,0
DA:33,0
DA:34,0
DA:35,0
DA:36,0
DA:37,0
DA:41,0
DA:42,0
DA:46,0
DA:47,0
DA:48,0
DA:49,0
DA:51,0
DA:52,0
DA:53,0
DA:54,0
DA:59,0
DA:60,0
DA:61,0
DA:62,0
DA:63,0
DA:66,0
DA:67,0
DA:68,0
DA:69,0
DA:70,0
DA:71,0
DA:72,0
DA:73,0
DA:74,0
DA:75,0
DA:79,0
DA:80,0
DA:81,0
DA:82,0
DA:83,0
DA:84,0
DA:87,0
DA:88,0
DA:92,0
DA:93,0
DA:95,0
DA:96,0
DA:97,0
DA:99,0
DA:100,0
DA:102,0
DA:103,0
DA:106,0
DA:107,0
DA:108,0
DA:109,0
DA:110,0
DA:111,0
DA:112,0
DA:113,0
DA:114,0
DA:116,0
DA:117,0
DA:118,0
DA:120,0
DA:121,0
DA:122,0
DA:125,0
DA:126,0
DA:129,0
DA:130,0
DA:131,0
DA:132,0
DA:133,0
DA:134,0
DA:136,0
DA:137,0
DA:138,0
DA:139,0
DA:140,0
DA:141,0
DA:142,0
DA:143,0
DA:144,0
DA:145,0
DA:146,0
DA:147,0
DA:148,0
DA:149,0
DA:150,0
DA:151,0
DA:152,0
DA:153,0
DA:154,0
DA:155,0
DA:156,0
DA:157,0
DA:159,0
DA:160,0
DA:161,0
DA:162,0
DA:164,0
DA:166,0
DA:167,0
DA:169,0
DA:170,0
DA:171,0
DA:172,0
DA:173,0
DA:174,0
DA:175,0
DA:176,0
DA:177,0
DA:178,0
DA:179,0
DA:180,0
DA:181,0
DA:182,0
DA:184,0
DA:185,0
DA:186,0
DA:187,0
DA:188,0
DA:189,0
DA:191,0
DA:192,0
DA:193,0
DA:195,0
DA:196,0
DA:197,0
LF:130
LH:0
end_of_record
SF:crates/conjure_core/src/stats/rewriter_stats.rs
FN:76,<conjure_core::stats::rewriter_stats::RewriterStats>::new
FN:76,<conjure_core::stats::rewriter_stats::RewriterStats>::new
FNDA:0,<conjure_core::stats::rewriter_stats::RewriterStats>::new
FNDA:0,<conjure_core::stats::rewriter_stats::RewriterStats>::new
FNF:2
FNH:0
BRF:0
BRH:0
DA:76,0
DA:77,0
DA:78,0
DA:79,0
DA:80,0
DA:81,0
DA:82,0
DA:83,0
LF:8
LH:0
end_of_record
SF:crates/conjure_core/src/ast/declaration.rs
FN:82,<conjure_core::ast::declaration::Declaration>::new_value_letting
FN:40,<conjure_core::ast::declaration::DeclarationKind as uniplate::traits::Biplate<conjure_core::ast::declaration::Declaration>>::biplate::{closure#0}
FN:130,<conjure_core::ast::declaration::Declaration>::as_domain_letting
FN:157,<conjure_core::ast::declaration::Declaration>::as_value_letting_mut
FN:72,<conjure_core::ast::declaration::Declaration>::new_domain_letting
FN:92,<conjure_core::ast::declaration::Declaration>::name
FN:62,<conjure_core::ast::declaration::Declaration>::new_var
FN:167,<conjure_core::ast::declaration::Declaration as conjure_core::ast::serde::HasId>::id
FN:38,<conjure_core::ast::declaration::DeclarationKind as uniplate::traits::Biplate<conjure_core::ast::declaration::Declaration>>::biplate
FN:121,<conjure_core::ast::declaration::Declaration>::as_var_mut
FN:193,<conjure_core::ast::declaration::Declaration as conjure_core::ast::types::Typeable>::return_type
FN:121,<conjure_core::ast::declaration::Declaration>::as_var_mut
FN:148,<conjure_core::ast::declaration::Declaration>::as_value_letting
FN:38,<conjure_core::ast::declaration::DeclarationKind as uniplate::traits::Biplate<conjure_core::ast::declaration::Declaration>>::biplate
FN:102,<conjure_core::ast::declaration::Declaration>::domain
FN:56,<conjure_core::ast::declaration::Declaration>::new
FN:102,<conjure_core::ast::declaration::Declaration>::domain
FN:92,<conjure_core::ast::declaration::Declaration>::name
FN:139,<conjure_core::ast::declaration::Declaration>::as_domain_letting_mut
FN:62,<conjure_core::ast::declaration::Declaration>::new_var
FN:56,<conjure_core::ast::declaration::Declaration>::new
FN:157,<conjure_core::ast::declaration::Declaration>::as_value_letting_mut
FN:193,<conjure_core::ast::declaration::Declaration as conjure_core::ast::types::Typeable>::return_type
FN:72,<conjure_core::ast::declaration::Declaration>::new_domain_letting
FN:173,<conjure_core::ast::declaration::Declaration as conjure_core::ast::serde::DefaultWithId>::default_with_id
FN:82,<conjure_core::ast::declaration::Declaration>::new_value_letting
FN:97,<conjure_core::ast::declaration::Declaration>::kind
FN:97,<conjure_core::ast::declaration::Declaration>::kind
FN:112,<conjure_core::ast::declaration::Declaration>::as_var
FN:183,<conjure_core::ast::declaration::Declaration as core::clone::Clone>::clone
FN:148,<conjure_core::ast::declaration::Declaration>::as_value_letting
FN:167,<conjure_core::ast::declaration::Declaration as conjure_core::ast::serde::HasId>::id
FN:40,<conjure_core::ast::declaration::DeclarationKind as uniplate::traits::Biplate<conjure_core::ast::declaration::Declaration>>::biplate::{closure#0}
FN:173,<conjure_core::ast::declaration::Declaration as conjure_core::ast::serde::DefaultWithId>::default_with_id
FN:112,<conjure_core::ast::declaration::Declaration>::as_var
FN:183,<conjure_core::ast::declaration::Declaration as core::clone::Clone>::clone
FN:139,<conjure_core::ast::declaration::Declaration>::as_domain_letting_mut
FN:130,<conjure_core::ast::declaration::Declaration>::as_domain_letting
FNDA:0,<conjure_core::ast::declaration::Declaration>::new_value_letting
FNDA:0,<conjure_core::ast::declaration::DeclarationKind as uniplate::traits::Biplate<conjure_core::ast::declaration::Declaration>>::biplate::{closure#0}
FNDA:0,<conjure_core::ast::declaration::Declaration>::as_domain_letting
FNDA:0,<conjure_core::ast::declaration::Declaration>::as_value_letting_mut
FNDA:0,<conjure_core::ast::declaration::Declaration>::new_domain_letting
FNDA:0,<conjure_core::ast::declaration::Declaration>::name
FNDA:0,<conjure_core::ast::declaration::Declaration>::new_var
FNDA:0,<conjure_core::ast::declaration::Declaration as conjure_core::ast::serde::HasId>::id
FNDA:0,<conjure_core::ast::declaration::DeclarationKind as uniplate::traits::Biplate<conjure_core::ast::declaration::Declaration>>::biplate
FNDA:0,<conjure_core::ast::declaration::Declaration>::as_var_mut
FNDA:0,<conjure_core::ast::declaration::Declaration as conjure_core::ast::types::Typeable>::return_type
FNDA:0,<conjure_core::ast::declaration::Declaration>::as_var_mut
FNDA:0,<conjure_core::ast::declaration::Declaration>::as_value_letting
FNDA:0,<conjure_core::ast::declaration::DeclarationKind as uniplate::traits::Biplate<conjure_core::ast::declaration::Declaration>>::biplate
FNDA:0,<conjure_core::ast::declaration::Declaration>::domain
FNDA:0,<conjure_core::ast::declaration::Declaration>::new
FNDA:0,<conjure_core::ast::declaration::Declaration>::domain
FNDA:0,<conjure_core::ast::declaration::Declaration>::name
FNDA:0,<conjure_core::ast::declaration::Declaration>::as_domain_letting_mut
FNDA:0,<conjure_core::ast::declaration::Declaration>::new_var
FNDA:0,<conjure_core::ast::declaration::Declaration>::new
FNDA:0,<conjure_core::ast::declaration::Declaration>::as_value_letting_mut
FNDA:0,<conjure_core::ast::declaration::Declaration as conjure_core::ast::types::Typeable>::return_type
FNDA:0,<conjure_core::ast::declaration::Declaration>::new_domain_letting
FNDA:0,<conjure_core::ast::declaration::Declaration as conjure_core::ast::serde::DefaultWithId>::default_with_id
FNDA:0,<conjure_core::ast::declaration::Declaration>::new_value_letting
FNDA:0,<conjure_core::ast::declaration::Declaration>::kind
FNDA:0,<conjure_core::ast::declaration::Declaration>::kind
FNDA:0,<conjure_core::ast::declaration::Declaration>::as_var
FNDA:0,<conjure_core::ast::declaration::Declaration as core::clone::Clone>::clone
FNDA:0,<conjure_core::ast::declaration::Declaration>::as_value_letting
FNDA:0,<conjure_core::ast::declaration::Declaration as conjure_core::ast::serde::HasId>::id
FNDA:0,<conjure_core::ast::declaration::DeclarationKind as uniplate::traits::Biplate<conjure_core::ast::declaration::Declaration>>::biplate::{closure#0}
FNDA:0,<conjure_core::ast::declaration::Declaration as conjure_core::ast::serde::DefaultWithId>::default_with_id
FNDA:0,<conjure_core::ast::declaration::Declaration>::as_var
FNDA:0,<conjure_core::ast::declaration::Declaration as core::clone::Clone>::clone
FNDA:0,<conjure_core::ast::declaration::Declaration>::as_domain_letting_mut
FNDA:0,<conjure_core::ast::declaration::Declaration>::as_domain_letting
FNF:38
FNH:0
BRF:0
BRH:0
DA:38,0
DA:39,0
DA:40,0
DA:41,0
DA:56,0
DA:57,0
DA:58,0
DA:59,0
DA:62,0
DA:63,0
DA:64,0
DA:65,0
DA:66,0
DA:67,0
DA:68,0
DA:69,0
DA:72,0
DA:73,0
DA:74,0
DA:75,0
DA:76,0
DA:77,0
DA:78,0
DA:79,0
DA:82,0
DA:83,0
DA:84,0
DA:85,0
DA:86,0
DA:87,0
DA:88,0
DA:89,0
DA:92,0
DA:93,0
DA:94,0
DA:97,0
DA:98,0
DA:99,0
DA:102,0
DA:103,0
DA:104,0
DA:106,0
DA:107,0
DA:109,0
DA:112,0
DA:113,0
DA:114,0
DA:116,0
DA:118,0
DA:121,0
DA:122,0
DA:123,0
DA:125,0
DA:127,0
DA:130,0
DA:131,0
DA:132,0
DA:134,0
DA:136,0
DA:139,0
DA:140,0
DA:141,0
DA:143,0
DA:145,0
DA:148,0
DA:149,0
DA:150,0
DA:152,0
DA:154,0
DA:157,0
DA:158,0
DA:159,0
DA:161,0
DA:163,0
DA:167,0
DA:168,0
DA:169,0
DA:173,0
DA:174,0
DA:175,0
DA:176,0
DA:177,0
DA:178,0
DA:179,0
DA:183,0
DA:184,0
DA:185,0
DA:186,0
DA:187,0
DA:188,0
DA:189,0
DA:193,0
DA:194,0
DA:195,0
DA:196,0
DA:197,0
DA:199,0
LF:97
LH:0
end_of_record
SF:crates/conjure_core/src/rules/partial_eval.rs
FN:14,conjure_core::rules::partial_eval::CONJURE_GEN_RULE_PARTIAL_EVALUATOR::__typecheck::{closure#0}::{closure#0}
FN:395,conjure_core::rules::partial_eval::check_pairwise_or_tautologies
FN:15,conjure_core::rules::partial_eval::partial_evaluator
FN:395,conjure_core::rules::partial_eval::check_pairwise_or_tautologies
FN:15,conjure_core::rules::partial_eval::partial_evaluator
FN:14,conjure_core::rules::partial_eval::CONJURE_GEN_RULE_PARTIAL_EVALUATOR::__typecheck::{closure#0}::{closure#0}
FNDA:0,conjure_core::rules::partial_eval::CONJURE_GEN_RULE_PARTIAL_EVALUATOR::__typecheck::{closure#0}::{closure#0}
FNDA:0,conjure_core::rules::partial_eval::check_pairwise_or_tautologies
FNDA:0,conjure_core::rules::partial_eval::partial_evaluator
FNDA:0,conjure_core::rules::partial_eval::check_pairwise_or_tautologies
FNDA:0,conjure_core::rules::partial_eval::partial_evaluator
FNDA:0,conjure_core::rules::partial_eval::CONJURE_GEN_RULE_PARTIAL_EVALUATOR::__typecheck::{closure#0}::{closure#0}
FNF:6
FNH:0
BRF:0
BRH:0
DA:15,0
DA:22,0
DA:23,0
DA:24,0
DA:25,0
DA:26,0
DA:27,0
DA:28,0
DA:29,0
DA:30,0
DA:31,0
DA:32,0
DA:33,0
DA:34,0
DA:35,0
DA:36,0
DA:37,0
DA:39,0
DA:40,0
DA:41,0
DA:42,0
DA:43,0
DA:44,0
DA:45,0
DA:46,0
DA:47,0
DA:48,0
DA:49,0
DA:50,0
DA:52,0
DA:53,0
DA:54,0
DA:56,0
DA:57,0
DA:59,0
DA:60,0
DA:61,0
DA:62,0
DA:66,0
DA:67,0
DA:68,0
DA:69,0
DA:70,0
DA:71,0
DA:72,0
DA:73,0
DA:74,0
DA:75,0
DA:76,0
DA:79,0
DA:80,0
DA:81,0
DA:82,0
DA:83,0
DA:84,0
DA:85,0
DA:86,0
DA:89,0
DA:90,0
DA:91,0
DA:92,0
DA:93,0
DA:95,0
DA:97,0
DA:99,0
DA:102,0
DA:106,0
DA:107,0
DA:108,0
DA:110,0
DA:111,0
DA:112,0
DA:113,0
DA:114,0
DA:115,0
DA:116,0
DA:117,0
DA:118,0
DA:119,0
DA:121,0
DA:124,0
DA:126,0
DA:127,0
DA:128,0
DA:131,0
DA:132,0
DA:133,0
DA:135,0
DA:136,0
DA:138,0
DA:139,0
DA:140,0
DA:141,0
DA:145,0
DA:146,0
DA:147,0
DA:150,0
DA:151,0
DA:152,0
DA:153,0
DA:154,0
DA:155,0
DA:156,0
DA:157,0
DA:158,0
DA:159,0
DA:161,0
DA:164,0
DA:166,0
DA:167,0
DA:168,0
DA:171,0
DA:172,0
DA:173,0
DA:175,0
DA:176,0
DA:178,0
DA:179,0
DA:180,0
DA:181,0
DA:184,0
DA:185,0
DA:186,0
DA:187,0
DA:190,0
DA:191,0
DA:192,0
DA:193,0
DA:194,0
DA:195,0
DA:196,0
DA:197,0
DA:198,0
DA:199,0
DA:200,0
DA:201,0
DA:202,0
DA:203,0
DA:204,0
DA:205,0
DA:209,0
DA:210,0
DA:211,0
DA:212,0
DA:213,0
DA:214,0
DA:215,0
DA:216,0
DA:217,0
DA:218,0
DA:219,0
DA:220,0
DA:221,0
DA:222,0
DA:223,0
DA:224,0
DA:225,0
DA:227,0
DA:228,0
DA:229,0
DA:231,0
DA:232,0
DA:233,0
DA:234,0
DA:235,0
DA:236,0
DA:237,0
DA:238,0
DA:239,0
DA:240,0
DA:241,0
DA:242,0
DA:243,0
DA:244,0
DA:247,0
DA:248,0
DA:250,0
DA:251,0
DA:252,0
DA:253,0
DA:258,0
DA:259,0
DA:260,0
DA:262,0
DA:264,0
DA:265,0
DA:266,0
DA:268,0
DA:269,0
DA:270,0
DA:271,0
DA:272,0
DA:273,0
DA:274,0
DA:275,0
DA:277,0
DA:278,0
DA:279,0
DA:280,0
DA:281,0
DA:286,0
DA:287,0
DA:288,0
DA:289,0
DA:290,0
DA:291,0
DA:293,0
DA:297,0
DA:298,0
DA:300,0
DA:301,0
DA:302,0
DA:303,0
DA:306,0
DA:307,0
DA:308,0
DA:310,0
DA:313,0
DA:315,0
DA:316,0
DA:317,0
DA:318,0
DA:319,0
DA:320,0
DA:321,0
DA:322,0
DA:323,0
DA:324,0
DA:325,0
DA:326,0
DA:327,0
DA:329,0
DA:330,0
DA:331,0
DA:332,0
DA:333,0
DA:334,0
DA:335,0
DA:336,0
DA:337,0
DA:338,0
DA:339,0
DA:342,0
DA:345,0
DA:346,0
DA:347,0
DA:348,0
DA:349,0
DA:350,0
DA:354,0
DA:356,0
DA:357,0
DA:358,0
DA:359,0
DA:360,0
DA:361,0
DA:362,0
DA:366,0
DA:367,0
DA:368,0
DA:369,0
DA:370,0
DA:371,0
DA:372,0
DA:373,0
DA:374,0
DA:375,0
DA:376,0
DA:377,0
DA:378,0
DA:379,0
DA:380,0
DA:381,0
DA:382,0
DA:384,0
DA:395,0
DA:396,0
DA:397,0
DA:398,0
DA:399,0
DA:400,0
DA:401,0
DA:402,0
DA:403,0
DA:405,0
DA:406,0
DA:410,0
DA:411,0
DA:412,0
DA:413,0
DA:414,0
DA:415,0
DA:419,0
DA:420,0
DA:421,0
DA:422,0
DA:426,0
DA:427,0
DA:428,0
DA:429,0
DA:432,0
DA:433,0
LF:302
LH:0
end_of_record
SF:conjure_oxide/src/utils/json.rs
FN:53,conjure_oxide::utils::json::sort_json_object::{closure#0}
FN:32,conjure_oxide::utils::json::sort_json_variables
FN:7,conjure_oxide::utils::json::json_value_cmp
FN:62,conjure_oxide::utils::json::sort_json_object::{closure#1}
FN:62,conjure_oxide::utils::json::sort_json_object::{closure#1}
FN:68,conjure_oxide::utils::json::sort_json_object::{closure#2}
FN:7,conjure_oxide::utils::json::json_value_cmp
FN:48,conjure_oxide::utils::json::sort_json_object
FN:48,conjure_oxide::utils::json::sort_json_object
FN:68,conjure_oxide::utils::json::sort_json_object::{closure#2}
FN:53,conjure_oxide::utils::json::sort_json_object::{closure#0}
FN:32,conjure_oxide::utils::json::sort_json_variables
FNDA:0,conjure_oxide::utils::json::sort_json_object::{closure#0}
FNDA:0,conjure_oxide::utils::json::sort_json_variables
FNDA:0,conjure_oxide::utils::json::json_value_cmp
FNDA:0,conjure_oxide::utils::json::sort_json_object::{closure#1}
FNDA:0,conjure_oxide::utils::json::sort_json_object::{closure#1}
FNDA:0,conjure_oxide::utils::json::sort_json_object::{closure#2}
FNDA:0,conjure_oxide::utils::json::json_value_cmp
FNDA:0,conjure_oxide::utils::json::sort_json_object
FNDA:0,conjure_oxide::utils::json::sort_json_object
FNDA:0,conjure_oxide::utils::json::sort_json_object::{closure#2}
FNDA:0,conjure_oxide::utils::json::sort_json_object::{closure#0}
FNDA:0,conjure_oxide::utils::json::sort_json_variables
FNF:12
FNH:0
BRF:0
BRH:0
DA:7,0
DA:8,0
DA:9,0
DA:10,0
DA:11,0
DA:12,0
DA:13,0
DA:14,0
DA:15,0
DA:17,0
DA:18,0
DA:19,0
DA:20,0
DA:21,0
DA:22,0
DA:24,0
DA:26,0
DA:28,0
DA:32,0
DA:33,0
DA:34,0
DA:35,0
DA:36,0
DA:37,0
DA:39,0
DA:41,0
DA:48,0
DA:49,0
DA:50,0
DA:51,0
DA:52,0
DA:53,0
DA:54,0
DA:55,0
DA:57,0
DA:59,0
DA:60,0
DA:61,0
DA:62,0
DA:63,0
DA:65,0
DA:66,0
DA:67,0
DA:68,0
DA:69,0
DA:70,0
DA:71,0
DA:72,0
DA:73,0
DA:75,0
DA:77,0
DA:79,0
LF:52
LH:0
end_of_record
SF:crates/conjure_core/src/ast/matrix.rs
FN:69,conjure_core::ast::matrix::flatten_1::{closure#0}
FN:118,conjure_core::ast::matrix::index_domains
FN:87,conjure_core::ast::matrix::flatten_enumerate
FN:96,conjure_core::ast::matrix::flatten_enumerate::{closure#0}
FN:44,conjure_core::ast::matrix::enumerate_indices::{closure#0}
FN:68,conjure_core::ast::matrix::flatten_1
FN:44,conjure_core::ast::matrix::enumerate_indices::{closure#0}
FN:41,conjure_core::ast::matrix::enumerate_indices
FN:41,conjure_core::ast::matrix::enumerate_indices
FN:118,conjure_core::ast::matrix::index_domains
FN:60,conjure_core::ast::matrix::flatten
FN:68,conjure_core::ast::matrix::flatten_1
FN:124,conjure_core::ast::matrix::index_domains::{closure#0}
FN:69,conjure_core::ast::matrix::flatten_1::{closure#0}
FN:87,conjure_core::ast::matrix::flatten_enumerate
FN:60,conjure_core::ast::matrix::flatten
FN:96,conjure_core::ast::matrix::flatten_enumerate::{closure#0}
FN:124,conjure_core::ast::matrix::index_domains::{closure#0}
FNDA:0,conjure_core::ast::matrix::flatten_1::{closure#0}
FNDA:0,conjure_core::ast::matrix::index_domains
FNDA:0,conjure_core::ast::matrix::flatten_enumerate
FNDA:0,conjure_core::ast::matrix::flatten_enumerate::{closure#0}
FNDA:0,conjure_core::ast::matrix::enumerate_indices::{closure#0}
FNDA:0,conjure_core::ast::matrix::flatten_1
FNDA:0,conjure_core::ast::matrix::enumerate_indices::{closure#0}
FNDA:0,conjure_core::ast::matrix::enumerate_indices
FNDA:0,conjure_core::ast::matrix::enumerate_indices
FNDA:0,conjure_core::ast::matrix::index_domains
FNDA:0,conjure_core::ast::matrix::flatten
FNDA:0,conjure_core::ast::matrix::flatten_1
FNDA:0,conjure_core::ast::matrix::index_domains::{closure#0}
FNDA:0,conjure_core::ast::matrix::flatten_1::{closure#0}
FNDA:0,conjure_core::ast::matrix::flatten_enumerate
FNDA:0,conjure_core::ast::matrix::flatten
FNDA:0,conjure_core::ast::matrix::flatten_enumerate::{closure#0}
FNDA:0,conjure_core::ast::matrix::index_domains::{closure#0}
FNF:18
FNH:0
BRF:0
BRH:0
DA:41,0
DA:42,0
DA:43,0
DA:44,0
DA:45,0
DA:46,0
DA:47,0
DA:48,0
DA:49,0
DA:60,0
DA:61,0
DA:62,0
DA:65,0
DA:66,0
DA:68,0
DA:69,0
DA:70,0
DA:71,0
DA:73,0
DA:75,0
DA:76,0
DA:87,0
DA:88,0
DA:89,0
DA:90,0
DA:91,0
DA:94,0
DA:95,0
DA:96,0
DA:97,0
DA:98,0
DA:99,0
DA:100,0
DA:101,0
DA:102,0
DA:104,0
DA:105,0
DA:106,0
DA:107,0
DA:108,0
DA:109,0
DA:118,0
DA:119,0
DA:120,0
DA:123,0
DA:124,0
DA:125,0
DA:126,0
DA:127,0
DA:130,0
DA:131,0
DA:132,0
DA:133,0
DA:134,0
DA:135,0
DA:136,0
DA:139,0
DA:140,0
DA:141,0
LF:59
LH:0
end_of_record
SF:crates/conjure_core/src/ast/pretty.rs
FN:56,conjure_core::ast::pretty::pretty_vec::<conjure_core::ast::atom::Atom>::{closure#0}
FN:56,conjure_core::ast::pretty::pretty_vec::<conjure_core::ast::expressions::Expression>::{closure#0}
FN:56,conjure_core::ast::pretty::pretty_vec::<&conjure_core::ast::domains::Domain>::{closure#0}
FN:56,conjure_core::ast::pretty::pretty_vec::<&conjure_core::ast::domains::Domain>::{closure#0}
FN:55,conjure_core::ast::pretty::pretty_vec::<conjure_core::ast::expressions::Expression>
FN:37,conjure_core::ast::pretty::pretty_expressions_as_conjunction
FN:55,conjure_core::ast::pretty::pretty_vec::<conjure_core::ast::atom::Atom>
FN:25,conjure_core::ast::pretty::pretty_expressions_as_top_level::{closure#0}
FN:55,conjure_core::ast::pretty::pretty_vec::<conjure_core::ast::atom::Atom>
FN:56,conjure_core::ast::pretty::pretty_vec::<conjure_core::ast::atom::Atom>::{closure#0}
FN:55,conjure_core::ast::pretty::pretty_vec::<conjure_core::ast::literals::Literal>
FN:24,conjure_core::ast::pretty::pretty_expressions_as_top_level
FN:37,conjure_core::ast::pretty::pretty_expressions_as_conjunction
FN:55,conjure_core::ast::pretty::pretty_vec::<conjure_core::ast::literals::Literal>
FN:56,conjure_core::ast::pretty::pretty_vec::<conjure_core::ast::expressions::Expression>::{closure#0}
FN:72,conjure_core::ast::pretty::pretty_variable_declaration
FN:38,conjure_core::ast::pretty::pretty_expressions_as_conjunction::{closure#0}
FN:56,conjure_core::ast::pretty::pretty_vec::<conjure_core::ast::literals::Literal>::{closure#0}
FN:103,conjure_core::ast::pretty::pretty_domain_letting_declaration
FN:88,conjure_core::ast::pretty::pretty_value_letting_declaration
FN:38,conjure_core::ast::pretty::pretty_expressions_as_conjunction::{closure#0}
FN:25,conjure_core::ast::pretty::pretty_expressions_as_top_level::{closure#0}
FN:55,conjure_core::ast::pretty::pretty_vec::<&conjure_core::ast::domains::Domain>
FN:55,conjure_core::ast::pretty::pretty_vec::<conjure_core::ast::expressions::Expression>
FN:72,conjure_core::ast::pretty::pretty_variable_declaration
FN:103,conjure_core::ast::pretty::pretty_domain_letting_declaration
FN:55,conjure_core::ast::pretty::pretty_vec::<&conjure_core::ast::domains::Domain>
FN:24,conjure_core::ast::pretty::pretty_expressions_as_top_level
FN:88,conjure_core::ast::pretty::pretty_value_letting_declaration
FN:56,conjure_core::ast::pretty::pretty_vec::<conjure_core::ast::literals::Literal>::{closure#0}
FNDA:0,conjure_core::ast::pretty::pretty_vec::<conjure_core::ast::atom::Atom>::{closure#0}
FNDA:0,conjure_core::ast::pretty::pretty_vec::<conjure_core::ast::expressions::Expression>::{closure#0}
FNDA:0,conjure_core::ast::pretty::pretty_vec::<&conjure_core::ast::domains::Domain>::{closure#0}
FNDA:0,conjure_core::ast::pretty::pretty_vec::<&conjure_core::ast::domains::Domain>::{closure#0}
FNDA:0,conjure_core::ast::pretty::pretty_vec::<conjure_core::ast::expressions::Expression>
FNDA:0,conjure_core::ast::pretty::pretty_expressions_as_conjunction
FNDA:0,conjure_core::ast::pretty::pretty_vec::<conjure_core::ast::atom::Atom>
FNDA:0,conjure_core::ast::pretty::pretty_expressions_as_top_level::{closure#0}
FNDA:0,conjure_core::ast::pretty::pretty_vec::<conjure_core::ast::atom::Atom>
FNDA:0,conjure_core::ast::pretty::pretty_vec::<conjure_core::ast::atom::Atom>::{closure#0}
FNDA:0,conjure_core::ast::pretty::pretty_vec::<conjure_core::ast::literals::Literal>
FNDA:0,conjure_core::ast::pretty::pretty_expressions_as_top_level
FNDA:0,conjure_core::ast::pretty::pretty_expressions_as_conjunction
FNDA:0,conjure_core::ast::pretty::pretty_vec::<conjure_core::ast::literals::Literal>
FNDA:0,conjure_core::ast::pretty::pretty_vec::<conjure_core::ast::expressions::Expression>::{closure#0}
FNDA:0,conjure_core::ast::pretty::pretty_variable_declaration
FNDA:0,conjure_core::ast::pretty::pretty_expressions_as_conjunction::{closure#0}
FNDA:0,conjure_core::ast::pretty::pretty_vec::<conjure_core::ast::literals::Literal>::{closure#0}
FNDA:0,conjure_core::ast::pretty::pretty_domain_letting_declaration
FNDA:0,conjure_core::ast::pretty::pretty_value_letting_declaration
FNDA:0,conjure_core::ast::pretty::pretty_expressions_as_conjunction::{closure#0}
FNDA:0,conjure_core::ast::pretty::pretty_expressions_as_top_level::{closure#0}
FNDA:0,conjure_core::ast::pretty::pretty_vec::<&conjure_core::ast::domains::Domain>
FNDA:0,conjure_core::ast::pretty::pretty_vec::<conjure_core::ast::expressions::Expression>
FNDA:0,conjure_core::ast::pretty::pretty_variable_declaration
FNDA:0,conjure_core::ast::pretty::pretty_domain_letting_declaration
FNDA:0,conjure_core::ast::pretty::pretty_vec::<&conjure_core::ast::domains::Domain>
FNDA:0,conjure_core::ast::pretty::pretty_expressions_as_top_level
FNDA:0,conjure_core::ast::pretty::pretty_value_letting_declaration
FNDA:0,conjure_core::ast::pretty::pretty_vec::<conjure_core::ast::literals::Literal>::{closure#0}
FNF:30
FNH:0
BRF:0
BRH:0
DA:24,0
DA:25,0
DA:26,0
DA:37,0
DA:38,0
DA:39,0
DA:40,0
DA:41,0
DA:42,0
DA:43,0
DA:44,0
DA:55,0
DA:56,0
DA:57,0
DA:58,0
DA:59,0
DA:60,0
DA:61,0
DA:72,0
DA:73,0
DA:74,0
DA:75,0
DA:76,0
DA:77,0
DA:88,0
DA:89,0
DA:90,0
DA:91,0
DA:92,0
DA:103,0
DA:104,0
DA:105,0
DA:106,0
DA:107,0
DA:108,0
DA:109,0
DA:110,0
LF:37
LH:0
end_of_record
SF:crates/conjure_core/src/rule_engine/resolve_rules.rs
FN:93,conjure_core::rule_engine::resolve_rules::rule_sets_by_names
FN:151,conjure_core::rule_engine::resolve_rules::get_rules_grouped::{closure#1}
FN:77,conjure_core::rule_engine::resolve_rules::get_rule_set
FN:33,<conjure_core::rule_engine::resolve_rules::RuleData as core::cmp::PartialEq>::eq
FN:115,conjure_core::rule_engine::resolve_rules::get_rules
FN:115,conjure_core::rule_engine::resolve_rules::get_rules
FN:19,<conjure_core::rule_engine::resolve_rules::RuleData as core::fmt::Display>::fmt
FN:165,conjure_core::rule_engine::resolve_rules::resolve_rule_sets
FN:42,<conjure_core::rule_engine::resolve_rules::RuleData as core::cmp::PartialOrd>::partial_cmp
FN:63,<conjure_core::rule_engine::resolve_rules::ResolveRulesError as core::fmt::Display>::fmt
FN:151,conjure_core::rule_engine::resolve_rules::get_rules_grouped::{closure#1}
FN:48,<conjure_core::rule_engine::resolve_rules::RuleData as core::cmp::Ord>::cmp
FN:165,conjure_core::rule_engine::resolve_rules::resolve_rule_sets
FN:77,conjure_core::rule_engine::resolve_rules::get_rule_set
FN:142,conjure_core::rule_engine::resolve_rules::get_rules_grouped
FN:63,<conjure_core::rule_engine::resolve_rules::ResolveRulesError as core::fmt::Display>::fmt
FN:19,<conjure_core::rule_engine::resolve_rules::RuleData as core::fmt::Display>::fmt
FN:148,conjure_core::rule_engine::resolve_rules::get_rules_grouped::{closure#0}
FN:142,conjure_core::rule_engine::resolve_rules::get_rules_grouped
FN:48,<conjure_core::rule_engine::resolve_rules::RuleData as core::cmp::Ord>::cmp
FN:148,conjure_core::rule_engine::resolve_rules::get_rules_grouped::{closure#0}
FN:93,conjure_core::rule_engine::resolve_rules::rule_sets_by_names
FN:42,<conjure_core::rule_engine::resolve_rules::RuleData as core::cmp::PartialOrd>::partial_cmp
FN:33,<conjure_core::rule_engine::resolve_rules::RuleData as core::cmp::PartialEq>::eq
FNDA:0,conjure_core::rule_engine::resolve_rules::rule_sets_by_names
FNDA:0,conjure_core::rule_engine::resolve_rules::get_rules_grouped::{closure#1}
FNDA:0,conjure_core::rule_engine::resolve_rules::get_rule_set
FNDA:0,<conjure_core::rule_engine::resolve_rules::RuleData as core::cmp::PartialEq>::eq
FNDA:0,conjure_core::rule_engine::resolve_rules::get_rules
FNDA:0,conjure_core::rule_engine::resolve_rules::get_rules
FNDA:0,<conjure_core::rule_engine::resolve_rules::RuleData as core::fmt::Display>::fmt
FNDA:0,conjure_core::rule_engine::resolve_rules::resolve_rule_sets
FNDA:0,<conjure_core::rule_engine::resolve_rules::RuleData as core::cmp::PartialOrd>::partial_cmp
FNDA:0,<conjure_core::rule_engine::resolve_rules::ResolveRulesError as core::fmt::Display>::fmt
FNDA:0,conjure_core::rule_engine::resolve_rules::get_rules_grouped::{closure#1}
FNDA:0,<conjure_core::rule_engine::resolve_rules::RuleData as core::cmp::Ord>::cmp
FNDA:0,conjure_core::rule_engine::resolve_rules::resolve_rule_sets
FNDA:0,conjure_core::rule_engine::resolve_rules::get_rule_set
FNDA:0,conjure_core::rule_engine::resolve_rules::get_rules_grouped
FNDA:0,<conjure_core::rule_engine::resolve_rules::ResolveRulesError as core::fmt::Display>::fmt
FNDA:0,<conjure_core::rule_engine::resolve_rules::RuleData as core::fmt::Display>::fmt
FNDA:0,conjure_core::rule_engine::resolve_rules::get_rules_grouped::{closure#0}
FNDA:0,conjure_core::rule_engine::resolve_rules::get_rules_grouped
FNDA:0,<conjure_core::rule_engine::resolve_rules::RuleData as core::cmp::Ord>::cmp
FNDA:0,conjure_core::rule_engine::resolve_rules::get_rules_grouped::{closure#0}
FNDA:0,conjure_core::rule_engine::resolve_rules::rule_sets_by_names
FNDA:0,<conjure_core::rule_engine::resolve_rules::RuleData as core::cmp::PartialOrd>::partial_cmp
FNDA:0,<conjure_core::rule_engine::resolve_rules::RuleData as core::cmp::PartialEq>::eq
FNF:24
FNH:0
BRF:0
BRH:0
DA:19,0
DA:20,0
DA:21,0
DA:22,0
DA:23,0
DA:24,0
DA:25,0
DA:33,0
DA:34,0
DA:35,0
DA:42,0
DA:43,0
DA:44,0
DA:48,0
DA:49,0
DA:50,0
DA:51,0
DA:53,0
DA:63,0
DA:64,0
DA:65,0
DA:66,0
DA:67,0
DA:77,0
DA:78,0
DA:79,0
DA:80,0
DA:82,0
DA:93,0
DA:94,0
DA:95,0
DA:96,0
DA:98,0
DA:99,0
DA:100,0
DA:101,0
DA:102,0
DA:105,0
DA:106,0
DA:115,0
DA:116,0
DA:117,0
DA:118,0
DA:119,0
DA:120,0
DA:122,0
DA:123,0
DA:124,0
DA:125,0
DA:126,0
DA:127,0
DA:128,0
DA:129,0
DA:132,0
DA:133,0
DA:142,0
DA:143,0
DA:144,0
DA:145,0
DA:146,0
DA:147,0
DA:148,0
DA:149,0
DA:150,0
DA:151,0
DA:152,0
DA:153,0
DA:154,0
DA:165,0
DA:166,0
DA:167,0
DA:168,0
DA:169,0
DA:170,0
DA:171,0
DA:173,0
DA:174,0
DA:175,0
DA:177,0
DA:178,0
DA:179,0
LF:81
LH:0
end_of_record
SF:crates/tree_morph/src/commands.rs
FN:95,<tree_morph::commands::Commands<lambda_calc::Expr, u32>>::apply
FN:65,<tree_morph::commands::Commands<shapes::Shape, ()>>::new
FN:65,<tree_morph::commands::Commands<rule_groups::Expr, ()>>::new
FN:85,<tree_morph::commands::Commands<enum_rules::Expr, enum_rules::Meta>>::mut_meta
FN:95,<tree_morph::commands::Commands<mixed_fn_rules::Expr, ()>>::apply
FN:65,<tree_morph::commands::Commands<_, _>>::new
FN:65,<tree_morph::commands::Commands<mixed_fn_rules::Expr, ()>>::new
FN:95,<tree_morph::commands::Commands<rule_groups::Expr, ()>>::apply
FN:85,<tree_morph::commands::Commands<lambda_calc::Expr, u32>>::mut_meta
FN:78,<tree_morph::commands::Commands<_, _>>::transform
FN:85,<tree_morph::commands::Commands<conjure_core::ast::expressions::Expression, conjure_core::ast::symbol_table::SymbolTable>>::mut_meta
FN:95,<tree_morph::commands::Commands<shapes::Shape, ()>>::apply
FN:95,<tree_morph::commands::Commands<conjure_core::ast::expressions::Expression, conjure_core::ast::symbol_table::SymbolTable>>::apply
FN:95,<tree_morph::commands::Commands<enum_rules::Expr, enum_rules::Meta>>::apply
FN:90,<tree_morph::commands::Commands<_, _>>::clear
FN:78,<tree_morph::commands::Commands<conjure_core::ast::expressions::Expression, conjure_core::ast::symbol_table::SymbolTable>>::transform
FN:65,<tree_morph::commands::Commands<lambda_calc::Expr, u32>>::new
FN:85,<tree_morph::commands::Commands<_, _>>::mut_meta
FN:65,<tree_morph::commands::Commands<conjure_core::ast::expressions::Expression, conjure_core::ast::symbol_table::SymbolTable>>::new
FN:95,<tree_morph::commands::Commands<_, _>>::apply
FN:65,<tree_morph::commands::Commands<enum_rules::Expr, enum_rules::Meta>>::new
FNDA:0,<tree_morph::commands::Commands<lambda_calc::Expr, u32>>::apply
FNDA:0,<tree_morph::commands::Commands<shapes::Shape, ()>>::new
FNDA:0,<tree_morph::commands::Commands<rule_groups::Expr, ()>>::new
FNDA:0,<tree_morph::commands::Commands<enum_rules::Expr, enum_rules::Meta>>::mut_meta
FNDA:0,<tree_morph::commands::Commands<mixed_fn_rules::Expr, ()>>::apply
FNDA:0,<tree_morph::commands::Commands<_, _>>::new
FNDA:0,<tree_morph::commands::Commands<mixed_fn_rules::Expr, ()>>::new
FNDA:0,<tree_morph::commands::Commands<rule_groups::Expr, ()>>::apply
FNDA:0,<tree_morph::commands::Commands<lambda_calc::Expr, u32>>::mut_meta
FNDA:0,<tree_morph::commands::Commands<_, _>>::transform
FNDA:0,<tree_morph::commands::Commands<conjure_core::ast::expressions::Expression, conjure_core::ast::symbol_table::SymbolTable>>::mut_meta
FNDA:0,<tree_morph::commands::Commands<shapes::Shape, ()>>::apply
FNDA:0,<tree_morph::commands::Commands<conjure_core::ast::expressions::Expression, conjure_core::ast::symbol_table::SymbolTable>>::apply
FNDA:0,<tree_morph::commands::Commands<enum_rules::Expr, enum_rules::Meta>>::apply
FNDA:0,<tree_morph::commands::Commands<_, _>>::clear
FNDA:0,<tree_morph::commands::Commands<conjure_core::ast::expressions::Expression, conjure_core::ast::symbol_table::SymbolTable>>::transform
FNDA:0,<tree_morph::commands::Commands<lambda_calc::Expr, u32>>::new
FNDA:0,<tree_morph::commands::Commands<_, _>>::mut_meta
FNDA:0,<tree_morph::commands::Commands<conjure_core::ast::expressions::Expression, conjure_core::ast::symbol_table::SymbolTable>>::new
FNDA:0,<tree_morph::commands::Commands<_, _>>::apply
FNDA:0,<tree_morph::commands::Commands<enum_rules::Expr, enum_rules::Meta>>::new
FNF:21
FNH:0
BRF:0
BRH:0
DA:65,0
DA:66,0
DA:67,0
DA:68,0
DA:69,0
DA:78,0
DA:79,0
DA:80,0
DA:85,0
DA:86,0
DA:87,0
DA:90,0
DA:91,0
DA:92,0
DA:95,0
DA:96,0
DA:97,0
DA:98,0
DA:99,0
DA:102,0
DA:103,0
LF:21
LH:0
end_of_record
SF:crates/conjure_core/src/ast/variables.rs
FN:45,<conjure_core::ast::variables::DecisionVariable>::new
FN:54,<conjure_core::ast::variables::DecisionVariable as conjure_core::ast::types::Typeable>::return_type
FN:45,<conjure_core::ast::variables::DecisionVariable>::new
FN:60,<conjure_core::ast::variables::DecisionVariable as core::fmt::Display>::fmt
FN:60,<conjure_core::ast::variables::DecisionVariable as core::fmt::Display>::fmt
FN:32,<conjure_core::ast::variables::DecisionVariable as core::hash::Hash>::hash::<_>
FN:54,<conjure_core::ast::variables::DecisionVariable as conjure_core::ast::types::Typeable>::return_type
FN:32,<conjure_core::ast::variables::DecisionVariable as core::hash::Hash>::hash::<_>
FNDA:0,<conjure_core::ast::variables::DecisionVariable>::new
FNDA:0,<conjure_core::ast::variables::DecisionVariable as conjure_core::ast::types::Typeable>::return_type
FNDA:0,<conjure_core::ast::variables::DecisionVariable>::new
FNDA:0,<conjure_core::ast::variables::DecisionVariable as core::fmt::Display>::fmt
FNDA:0,<conjure_core::ast::variables::DecisionVariable as core::fmt::Display>::fmt
FNDA:0,<conjure_core::ast::variables::DecisionVariable as core::hash::Hash>::hash::<_>
FNDA:0,<conjure_core::ast::variables::DecisionVariable as conjure_core::ast::types::Typeable>::return_type
FNDA:0,<conjure_core::ast::variables::DecisionVariable as core::hash::Hash>::hash::<_>
FNF:8
FNH:0
BRF:0
BRH:0
DA:32,0
DA:45,0
DA:46,0
DA:47,0
DA:48,0
DA:49,0
DA:50,0
DA:54,0
DA:55,0
DA:60,0
DA:61,0
DA:62,0
LF:12
LH:0
end_of_record
SF:solvers/minion/src/error.rs
FN:47,<minion_rs::error::RuntimeError as core::convert::From<u32>>::from
FN:47,<minion_rs::error::RuntimeError as core::convert::From<u32>>::from
FNDA:0,<minion_rs::error::RuntimeError as core::convert::From<u32>>::from
FNDA:0,<minion_rs::error::RuntimeError as core::convert::From<u32>>::from
FNF:2
FNH:0
BRF:0
BRH:0
DA:47,0
DA:48,0
DA:50,0
DA:51,0
DA:53,0
LF:5
LH:0
end_of_record
SF:crates/conjure_core/src/ast/symbol_table.rs
FN:472,<conjure_core::ast::symbol_table::SymbolTable as uniplate::traits::Biplate<conjure_core::ast::comprehension::Comprehension>>::biplate::{closure#0}
FN:119,<conjure_core::ast::symbol_table::SymbolTable>::lookup_local
FN:216,<conjure_core::ast::symbol_table::SymbolTable>::gensym
FN:197,<conjure_core::ast::symbol_table::SymbolTable>::extend
FN:333,<conjure_core::ast::symbol_table::SymbolTable as core::iter::traits::collect::IntoIterator>::into_iter
FN:184,<conjure_core::ast::symbol_table::SymbolTable>::resolve_domain
FN:80,<<conjure_core::ast::symbol_table::SymbolTable as serde::de::Deserialize>::deserialize::__Visitor as serde::de::Visitor>::visit_seq::<&mut serde::de::value::SeqDeserializer<alloc::vec::into_iter::IntoIter<serde::__private::de::content::Content>, serde_json::error::Error>>::{closure#1}
FN:160,<conjure_core::ast::symbol_table::SymbolTable>::return_type_local::{closure#0}
FN:159,<conjure_core::ast::symbol_table::SymbolTable>::return_type_local
FN:265,<conjure_core::ast::symbol_table::SymbolTable>::representations_for
FN:439,<conjure_core::ast::symbol_table::SymbolTable as uniplate::traits::Biplate<conjure_core::ast::expressions::Expression>>::biplate::{closure#1}
FN:102,<conjure_core::ast::symbol_table::SymbolTable>::with_parent
FN:296,<conjure_core::ast::symbol_table::SymbolTable>::get_or_add_representation::{closure#0}::{closure#0}
FN:407,<conjure_core::ast::symbol_table::SymbolTable as core::clone::Clone>::clone::{closure#0}
FN:433,<conjure_core::ast::symbol_table::SymbolTable as uniplate::traits::Biplate<conjure_core::ast::expressions::Expression>>::biplate::{closure#0}
FN:286,<conjure_core::ast::symbol_table::SymbolTable>::get_or_add_representation
FN:107,<conjure_core::ast::symbol_table::SymbolTable>::new_inner::{closure#0}
FN:439,<conjure_core::ast::symbol_table::SymbolTable as uniplate::traits::Biplate<conjure_core::ast::expressions::Expression>>::biplate::{closure#1}
FN:460,<conjure_core::ast::symbol_table::SymbolTable as uniplate::traits::Biplate<conjure_core::ast::comprehension::Comprehension>>::biplate
FN:255,<conjure_core::ast::symbol_table::SymbolTable>::get_representation::{closure#0}
FN:197,<conjure_core::ast::symbol_table::SymbolTable>::extend
FN:185,<conjure_core::ast::symbol_table::SymbolTable>::resolve_domain::{closure#0}
FN:130,<conjure_core::ast::symbol_table::SymbolTable>::lookup::{closure#0}::{closure#0}
FN:350,<conjure_core::ast::symbol_table::LocalIntoIter as core::iter::traits::iterator::Iterator>::next
FN:148,<conjure_core::ast::symbol_table::SymbolTable>::update_insert
FN:137,<conjure_core::ast::symbol_table::SymbolTable>::insert
FN:255,<conjure_core::ast::symbol_table::SymbolTable>::get_representation::{closure#0}
FN:154,<conjure_core::ast::symbol_table::SymbolTable>::return_type
FN:255,<conjure_core::ast::symbol_table::SymbolTable>::get_representation::{closure#0}::{closure#0}
FN:317,<conjure_core::ast::symbol_table::SymbolTable>::get_or_add_representation::{closure#1}::{closure#0}
FN:415,<conjure_core::ast::symbol_table::SymbolTable as core::default::Default>::default
FN:130,<conjure_core::ast::symbol_table::SymbolTable>::lookup::{closure#0}::{closure#0}
FN:387,<conjure_core::ast::symbol_table::SymbolTable as conjure_core::ast::serde::HasId>::id
FN:97,<conjure_core::ast::symbol_table::SymbolTable>::new
FN:296,<conjure_core::ast::symbol_table::SymbolTable>::get_or_add_representation::{closure#0}::{closure#0}
FN:127,<conjure_core::ast::symbol_table::SymbolTable>::lookup::{closure#0}
FN:159,<conjure_core::ast::symbol_table::SymbolTable>::return_type_local
FN:155,<conjure_core::ast::symbol_table::SymbolTable>::return_type::{closure#0}
FN:333,<conjure_core::ast::symbol_table::SymbolTable as core::iter::traits::collect::IntoIterator>::into_iter
FN:167,<conjure_core::ast::symbol_table::SymbolTable>::domain
FN:225,<conjure_core::ast::symbol_table::SymbolTable>::parent_mut_unchecked
FN:393,<conjure_core::ast::symbol_table::SymbolTable as conjure_core::ast::serde::DefaultWithId>::default_with_id
FN:415,<conjure_core::ast::symbol_table::SymbolTable as core::default::Default>::default
FN:484,<conjure_core::ast::symbol_table::SymbolTable as uniplate::traits::Biplate<conjure_core::ast::submodel::SubModel>>::biplate
FN:367,<conjure_core::ast::symbol_table::IntoIter as core::iter::traits::iterator::Iterator>::next
FN:433,<conjure_core::ast::symbol_table::SymbolTable as uniplate::traits::Biplate<conjure_core::ast::expressions::Expression>>::biplate::{closure#0}
FN:296,<conjure_core::ast::symbol_table::SymbolTable>::get_or_add_representation::{closure#0}
FN:429,<conjure_core::ast::symbol_table::SymbolTable as uniplate::traits::Biplate<conjure_core::ast::expressions::Expression>>::biplate
FN:404,<conjure_core::ast::symbol_table::SymbolTable as core::clone::Clone>::clone
FN:234,<conjure_core::ast::symbol_table::SymbolTable>::get_representation
FN:216,<conjure_core::ast::symbol_table::SymbolTable>::gensym
FN:127,<conjure_core::ast::symbol_table::SymbolTable>::lookup::{closure#0}
FN:255,<conjure_core::ast::symbol_table::SymbolTable>::get_representation::{closure#0}::{closure#0}
FN:154,<conjure_core::ast::symbol_table::SymbolTable>::return_type
FN:148,<conjure_core::ast::symbol_table::SymbolTable>::update_insert
FN:350,<conjure_core::ast::symbol_table::LocalIntoIter as core::iter::traits::iterator::Iterator>::next
FN:80,<<conjure_core::ast::symbol_table::SymbolTable as serde::de::Deserialize>::deserialize::__Visitor as serde::de::Visitor>::visit_seq::<_>::{closure#1}
FN:299,<conjure_core::ast::symbol_table::SymbolTable>::get_or_add_representation::{closure#1}
FN:189,<conjure_core::ast::symbol_table::SymbolTable>::into_iter_local
FN:126,<conjure_core::ast::symbol_table::SymbolTable>::lookup
FN:265,<conjure_core::ast::symbol_table::SymbolTable>::representations_for
FN:296,<conjure_core::ast::symbol_table::SymbolTable>::get_or_add_representation::{closure#0}
FN:407,<conjure_core::ast::symbol_table::SymbolTable as core::clone::Clone>::clone::{closure#0}
FN:80,<<conjure_core::ast::symbol_table::SymbolTable as serde::de::Deserialize>::deserialize::__Visitor as serde::de::Visitor>::visit_seq::<&mut serde::de::value::SeqDeserializer<alloc::vec::into_iter::IntoIter<serde::__private::de::content::Content>, serde_json::error::Error>>::{closure#0}
FN:80,<<conjure_core::ast::symbol_table::SymbolTable as serde::de::Deserialize>::deserialize::__Visitor as serde::de::Visitor>::visit_seq::<serde_json::de::SeqAccess<serde_json::read::StrRead>>::{closure#1}
FN:80,<<conjure_core::ast::symbol_table::SymbolTable as serde::de::Deserialize>::deserialize::__Visitor as serde::de::Visitor>::visit_seq::<serde_json::de::SeqAccess<serde_json::read::StrRead>>::{closure#0}
FN:185,<conjure_core::ast::symbol_table::SymbolTable>::resolve_domain::{closure#0}
FN:404,<conjure_core::ast::symbol_table::SymbolTable as core::clone::Clone>::clone
FN:225,<conjure_core::ast::symbol_table::SymbolTable>::parent_mut_unchecked
FN:106,<conjure_core::ast::symbol_table::SymbolTable>::new_inner
FN:317,<conjure_core::ast::symbol_table::SymbolTable>::get_or_add_representation::{closure#1}::{closure#0}
FN:80,<<conjure_core::ast::symbol_table::SymbolTable as serde::de::Deserialize>::deserialize::__Visitor as serde::de::Visitor>::visit_seq::<_>::{closure#0}
FN:184,<conjure_core::ast::symbol_table::SymbolTable>::resolve_domain
FN:421,<conjure_core::ast::symbol_table::SymbolTable as uniplate::traits::Uniplate>::uniplate
FN:489,<conjure_core::ast::symbol_table::SymbolTable as uniplate::traits::Biplate<conjure_core::ast::submodel::SubModel>>::biplate::{closure#0}
FN:160,<conjure_core::ast::symbol_table::SymbolTable>::return_type_local::{closure#0}
FN:167,<conjure_core::ast::symbol_table::SymbolTable>::domain
FN:106,<conjure_core::ast::symbol_table::SymbolTable>::new_inner
FN:429,<conjure_core::ast::symbol_table::SymbolTable as uniplate::traits::Biplate<conjure_core::ast::expressions::Expression>>::biplate
FN:484,<conjure_core::ast::symbol_table::SymbolTable as uniplate::traits::Biplate<conjure_core::ast::submodel::SubModel>>::biplate
FN:137,<conjure_core::ast::symbol_table::SymbolTable>::insert
FN:80,<<conjure_core::ast::symbol_table::SymbolTable as serde::de::Deserialize>::deserialize::__Visitor as serde::de::Visitor>::visit_seq::<_>::{closure#1}
FN:489,<conjure_core::ast::symbol_table::SymbolTable as uniplate::traits::Biplate<conjure_core::ast::submodel::SubModel>>::biplate::{closure#0}
FN:267,<conjure_core::ast::symbol_table::SymbolTable>::representations_for::{closure#0}
FN:234,<conjure_core::ast::symbol_table::SymbolTable>::get_representation
FN:97,<conjure_core::ast::symbol_table::SymbolTable>::new
FN:367,<conjure_core::ast::symbol_table::IntoIter as core::iter::traits::iterator::Iterator>::next
FN:299,<conjure_core::ast::symbol_table::SymbolTable>::get_or_add_representation::{closure#1}
FN:267,<conjure_core::ast::symbol_table::SymbolTable>::representations_for::{closure#0}
FN:424,<conjure_core::ast::symbol_table::SymbolTable as uniplate::traits::Uniplate>::uniplate::{closure#0}
FN:155,<conjure_core::ast::symbol_table::SymbolTable>::return_type::{closure#0}
FN:424,<conjure_core::ast::symbol_table::SymbolTable as uniplate::traits::Uniplate>::uniplate::{closure#0}
FN:286,<conjure_core::ast::symbol_table::SymbolTable>::get_or_add_representation
FN:460,<conjure_core::ast::symbol_table::SymbolTable as uniplate::traits::Biplate<conjure_core::ast::comprehension::Comprehension>>::biplate
FN:107,<conjure_core::ast::symbol_table::SymbolTable>::new_inner::{closure#0}
FN:80,<<conjure_core::ast::symbol_table::SymbolTable as serde::de::Deserialize>::deserialize::__Visitor as serde::de::Visitor>::visit_seq::<_>::{closure#0}
FN:119,<conjure_core::ast::symbol_table::SymbolTable>::lookup_local
FN:189,<conjure_core::ast::symbol_table::SymbolTable>::into_iter_local
FN:387,<conjure_core::ast::symbol_table::SymbolTable as conjure_core::ast::serde::HasId>::id
FN:393,<conjure_core::ast::symbol_table::SymbolTable as conjure_core::ast::serde::DefaultWithId>::default_with_id
FN:126,<conjure_core::ast::symbol_table::SymbolTable>::lookup
FN:421,<conjure_core::ast::symbol_table::SymbolTable as uniplate::traits::Uniplate>::uniplate
FN:102,<conjure_core::ast::symbol_table::SymbolTable>::with_parent
FN:472,<conjure_core::ast::symbol_table::SymbolTable as uniplate::traits::Biplate<conjure_core::ast::comprehension::Comprehension>>::biplate::{closure#0}
FNDA:0,<conjure_core::ast::symbol_table::SymbolTable as uniplate::traits::Biplate<conjure_core::ast::comprehension::Comprehension>>::biplate::{closure#0}
FNDA:0,<conjure_core::ast::symbol_table::SymbolTable>::lookup_local
FNDA:0,<conjure_core::ast::symbol_table::SymbolTable>::gensym
FNDA:0,<conjure_core::ast::symbol_table::SymbolTable>::extend
FNDA:0,<conjure_core::ast::symbol_table::SymbolTable as core::iter::traits::collect::IntoIterator>::into_iter
FNDA:0,<conjure_core::ast::symbol_table::SymbolTable>::resolve_domain
FNDA:0,<<conjure_core::ast::symbol_table::SymbolTable as serde::de::Deserialize>::deserialize::__Visitor as serde::de::Visitor>::visit_seq::<&mut serde::de::value::SeqDeserializer<alloc::vec::into_iter::IntoIter<serde::__private::de::content::Content>, serde_json::error::Error>>::{closure#1}
FNDA:0,<conjure_core::ast::symbol_table::SymbolTable>::return_type_local::{closure#0}
FNDA:0,<conjure_core::ast::symbol_table::SymbolTable>::return_type_local
FNDA:0,<conjure_core::ast::symbol_table::SymbolTable>::representations_for
FNDA:0,<conjure_core::ast::symbol_table::SymbolTable as uniplate::traits::Biplate<conjure_core::ast::expressions::Expression>>::biplate::{closure#1}
FNDA:0,<conjure_core::ast::symbol_table::SymbolTable>::with_parent
FNDA:0,<conjure_core::ast::symbol_table::SymbolTable>::get_or_add_representation::{closure#0}::{closure#0}
FNDA:0,<conjure_core::ast::symbol_table::SymbolTable as core::clone::Clone>::clone::{closure#0}
FNDA:0,<conjure_core::ast::symbol_table::SymbolTable as uniplate::traits::Biplate<conjure_core::ast::expressions::Expression>>::biplate::{closure#0}
FNDA:0,<conjure_core::ast::symbol_table::SymbolTable>::get_or_add_representation
FNDA:0,<conjure_core::ast::symbol_table::SymbolTable>::new_inner::{closure#0}
FNDA:0,<conjure_core::ast::symbol_table::SymbolTable as uniplate::traits::Biplate<conjure_core::ast::expressions::Expression>>::biplate::{closure#1}
FNDA:0,<conjure_core::ast::symbol_table::SymbolTable as uniplate::traits::Biplate<conjure_core::ast::comprehension::Comprehension>>::biplate
FNDA:0,<conjure_core::ast::symbol_table::SymbolTable>::get_representation::{closure#0}
FNDA:0,<conjure_core::ast::symbol_table::SymbolTable>::extend
FNDA:0,<conjure_core::ast::symbol_table::SymbolTable>::resolve_domain::{closure#0}
FNDA:0,<conjure_core::ast::symbol_table::SymbolTable>::lookup::{closure#0}::{closure#0}
FNDA:0,<conjure_core::ast::symbol_table::LocalIntoIter as core::iter::traits::iterator::Iterator>::next
FNDA:0,<conjure_core::ast::symbol_table::SymbolTable>::update_insert
FNDA:0,<conjure_core::ast::symbol_table::SymbolTable>::insert
FNDA:0,<conjure_core::ast::symbol_table::SymbolTable>::get_representation::{closure#0}
FNDA:0,<conjure_core::ast::symbol_table::SymbolTable>::return_type
FNDA:0,<conjure_core::ast::symbol_table::SymbolTable>::get_representation::{closure#0}::{closure#0}
FNDA:0,<conjure_core::ast::symbol_table::SymbolTable>::get_or_add_representation::{closure#1}::{closure#0}
FNDA:0,<conjure_core::ast::symbol_table::SymbolTable as core::default::Default>::default
FNDA:0,<conjure_core::ast::symbol_table::SymbolTable>::lookup::{closure#0}::{closure#0}
FNDA:0,<conjure_core::ast::symbol_table::SymbolTable as conjure_core::ast::serde::HasId>::id
FNDA:0,<conjure_core::ast::symbol_table::SymbolTable>::new
FNDA:0,<conjure_core::ast::symbol_table::SymbolTable>::get_or_add_representation::{closure#0}::{closure#0}
FNDA:0,<conjure_core::ast::symbol_table::SymbolTable>::lookup::{closure#0}
FNDA:0,<conjure_core::ast::symbol_table::SymbolTable>::return_type_local
FNDA:0,<conjure_core::ast::symbol_table::SymbolTable>::return_type::{closure#0}
FNDA:0,<conjure_core::ast::symbol_table::SymbolTable as core::iter::traits::collect::IntoIterator>::into_iter
FNDA:0,<conjure_core::ast::symbol_table::SymbolTable>::domain
FNDA:0,<conjure_core::ast::symbol_table::SymbolTable>::parent_mut_unchecked
FNDA:0,<conjure_core::ast::symbol_table::SymbolTable as conjure_core::ast::serde::DefaultWithId>::default_with_id
FNDA:0,<conjure_core::ast::symbol_table::SymbolTable as core::default::Default>::default
FNDA:0,<conjure_core::ast::symbol_table::SymbolTable as uniplate::traits::Biplate<conjure_core::ast::submodel::SubModel>>::biplate
FNDA:0,<conjure_core::ast::symbol_table::IntoIter as core::iter::traits::iterator::Iterator>::next
FNDA:0,<conjure_core::ast::symbol_table::SymbolTable as uniplate::traits::Biplate<conjure_core::ast::expressions::Expression>>::biplate::{closure#0}
FNDA:0,<conjure_core::ast::symbol_table::SymbolTable>::get_or_add_representation::{closure#0}
FNDA:0,<conjure_core::ast::symbol_table::SymbolTable as uniplate::traits::Biplate<conjure_core::ast::expressions::Expression>>::biplate
FNDA:0,<conjure_core::ast::symbol_table::SymbolTable as core::clone::Clone>::clone
FNDA:0,<conjure_core::ast::symbol_table::SymbolTable>::get_representation
FNDA:0,<conjure_core::ast::symbol_table::SymbolTable>::gensym
FNDA:0,<conjure_core::ast::symbol_table::SymbolTable>::lookup::{closure#0}
FNDA:0,<conjure_core::ast::symbol_table::SymbolTable>::get_representation::{closure#0}::{closure#0}
FNDA:0,<conjure_core::ast::symbol_table::SymbolTable>::return_type
FNDA:0,<conjure_core::ast::symbol_table::SymbolTable>::update_insert
FNDA:0,<conjure_core::ast::symbol_table::LocalIntoIter as core::iter::traits::iterator::Iterator>::next
FNDA:0,<<conjure_core::ast::symbol_table::SymbolTable as serde::de::Deserialize>::deserialize::__Visitor as serde::de::Visitor>::visit_seq::<_>::{closure#1}
FNDA:0,<conjure_core::ast::symbol_table::SymbolTable>::get_or_add_representation::{closure#1}
FNDA:0,<conjure_core::ast::symbol_table::SymbolTable>::into_iter_local
FNDA:0,<conjure_core::ast::symbol_table::SymbolTable>::lookup
FNDA:0,<conjure_core::ast::symbol_table::SymbolTable>::representations_for
FNDA:0,<conjure_core::ast::symbol_table::SymbolTable>::get_or_add_representation::{closure#0}
FNDA:0,<conjure_core::ast::symbol_table::SymbolTable as core::clone::Clone>::clone::{closure#0}
FNDA:0,<<conjure_core::ast::symbol_table::SymbolTable as serde::de::Deserialize>::deserialize::__Visitor as serde::de::Visitor>::visit_seq::<&mut serde::de::value::SeqDeserializer<alloc::vec::into_iter::IntoIter<serde::__private::de::content::Content>, serde_json::error::Error>>::{closure#0}
FNDA:0,<<conjure_core::ast::symbol_table::SymbolTable as serde::de::Deserialize>::deserialize::__Visitor as serde::de::Visitor>::visit_seq::<serde_json::de::SeqAccess<serde_json::read::StrRead>>::{closure#1}
FNDA:0,<<conjure_core::ast::symbol_table::SymbolTable as serde::de::Deserialize>::deserialize::__Visitor as serde::de::Visitor>::visit_seq::<serde_json::de::SeqAccess<serde_json::read::StrRead>>::{closure#0}
FNDA:0,<conjure_core::ast::symbol_table::SymbolTable>::resolve_domain::{closure#0}
FNDA:0,<conjure_core::ast::symbol_table::SymbolTable as core::clone::Clone>::clone
FNDA:0,<conjure_core::ast::symbol_table::SymbolTable>::parent_mut_unchecked
FNDA:0,<conjure_core::ast::symbol_table::SymbolTable>::new_inner
FNDA:0,<conjure_core::ast::symbol_table::SymbolTable>::get_or_add_representation::{closure#1}::{closure#0}
FNDA:0,<<conjure_core::ast::symbol_table::SymbolTable as serde::de::Deserialize>::deserialize::__Visitor as serde::de::Visitor>::visit_seq::<_>::{closure#0}
FNDA:0,<conjure_core::ast::symbol_table::SymbolTable>::resolve_domain
FNDA:0,<conjure_core::ast::symbol_table::SymbolTable as uniplate::traits::Uniplate>::uniplate
FNDA:0,<conjure_core::ast::symbol_table::SymbolTable as uniplate::traits::Biplate<conjure_core::ast::submodel::SubModel>>::biplate::{closure#0}
FNDA:0,<conjure_core::ast::symbol_table::SymbolTable>::return_type_local::{closure#0}
FNDA:0,<conjure_core::ast::symbol_table::SymbolTable>::domain
FNDA:0,<conjure_core::ast::symbol_table::SymbolTable>::new_inner
FNDA:0,<conjure_core::ast::symbol_table::SymbolTable as uniplate::traits::Biplate<conjure_core::ast::expressions::Expression>>::biplate
FNDA:0,<conjure_core::ast::symbol_table::SymbolTable as uniplate::traits::Biplate<conjure_core::ast::submodel::SubModel>>::biplate
FNDA:0,<conjure_core::ast::symbol_table::SymbolTable>::insert
FNDA:0,<<conjure_core::ast::symbol_table::SymbolTable as serde::de::Deserialize>::deserialize::__Visitor as serde::de::Visitor>::visit_seq::<_>::{closure#1}
FNDA:0,<conjure_core::ast::symbol_table::SymbolTable as uniplate::traits::Biplate<conjure_core::ast::submodel::SubModel>>::biplate::{closure#0}
FNDA:0,<conjure_core::ast::symbol_table::SymbolTable>::representations_for::{closure#0}
FNDA:0,<conjure_core::ast::symbol_table::SymbolTable>::get_representation
FNDA:0,<conjure_core::ast::symbol_table::SymbolTable>::new
FNDA:0,<conjure_core::ast::symbol_table::IntoIter as core::iter::traits::iterator::Iterator>::next
FNDA:0,<conjure_core::ast::symbol_table::SymbolTable>::get_or_add_representation::{closure#1}
FNDA:0,<conjure_core::ast::symbol_table::SymbolTable>::representations_for::{closure#0}
FNDA:0,<conjure_core::ast::symbol_table::SymbolTable as uniplate::traits::Uniplate>::uniplate::{closure#0}
FNDA:0,<conjure_core::ast::symbol_table::SymbolTable>::return_type::{closure#0}
FNDA:0,<conjure_core::ast::symbol_table::SymbolTable as uniplate::traits::Uniplate>::uniplate::{closure#0}
FNDA:0,<conjure_core::ast::symbol_table::SymbolTable>::get_or_add_representation
FNDA:0,<conjure_core::ast::symbol_table::SymbolTable as uniplate::traits::Biplate<conjure_core::ast::comprehension::Comprehension>>::biplate
FNDA:0,<conjure_core::ast::symbol_table::SymbolTable>::new_inner::{closure#0}
FNDA:0,<<conjure_core::ast::symbol_table::SymbolTable as serde::de::Deserialize>::deserialize::__Visitor as serde::de::Visitor>::visit_seq::<_>::{closure#0}
FNDA:0,<conjure_core::ast::symbol_table::SymbolTable>::lookup_local
FNDA:0,<conjure_core::ast::symbol_table::SymbolTable>::into_iter_local
FNDA:0,<conjure_core::ast::symbol_table::SymbolTable as conjure_core::ast::serde::HasId>::id
FNDA:0,<conjure_core::ast::symbol_table::SymbolTable as conjure_core::ast::serde::DefaultWithId>::default_with_id
FNDA:0,<conjure_core::ast::symbol_table::SymbolTable>::lookup
FNDA:0,<conjure_core::ast::symbol_table::SymbolTable as uniplate::traits::Uniplate>::uniplate
FNDA:0,<conjure_core::ast::symbol_table::SymbolTable>::with_parent
FNDA:0,<conjure_core::ast::symbol_table::SymbolTable as uniplate::traits::Biplate<conjure_core::ast::comprehension::Comprehension>>::biplate::{closure#0}
FNF:104
FNH:0
BRF:0
BRH:0
DA:80,0
DA:97,0
DA:98,0
DA:99,0
DA:102,0
DA:103,0
DA:104,0
DA:106,0
DA:107,0
DA:108,0
DA:109,0
DA:110,0
DA:111,0
DA:112,0
DA:113,0
DA:114,0
DA:119,0
DA:120,0
DA:121,0
DA:126,0
DA:127,0
DA:128,0
DA:129,0
DA:130,0
DA:131,0
DA:132,0
DA:137,0
DA:138,0
DA:139,0
DA:140,0
DA:141,0
DA:143,0
DA:145,0
DA:148,0
DA:149,0
DA:150,0
DA:151,0
DA:154,0
DA:155,0
DA:156,0
DA:159,0
DA:160,0
DA:161,0
DA:167,0
DA:172,0
DA:173,0
DA:174,0
DA:176,0
DA:177,0
DA:179,0
DA:184,0
DA:185,0
DA:186,0
DA:189,0
DA:190,0
DA:191,0
DA:192,0
DA:193,0
DA:197,0
DA:198,0
DA:199,0
DA:200,0
DA:202,0
DA:203,0
DA:204,0
DA:205,0
DA:206,0
DA:207,0
DA:208,0
DA:210,0
DA:212,0
DA:213,0
DA:216,0
DA:217,0
DA:218,0
DA:219,0
DA:220,0
DA:225,0
DA:226,0
DA:227,0
DA:234,0
DA:235,0
DA:236,0
DA:237,0
DA:238,0
DA:250,0
DA:251,0
DA:253,0
DA:254,0
DA:255,0
DA:256,0
DA:257,0
DA:258,0
DA:265,0
DA:266,0
DA:267,0
DA:268,0
DA:286,0
DA:287,0
DA:288,0
DA:289,0
DA:290,0
DA:291,0
DA:292,0
DA:294,0
DA:295,0
DA:296,0
DA:297,0
DA:298,0
DA:299,0
DA:300,0
DA:301,0
DA:305,0
DA:307,0
DA:309,0
DA:311,0
DA:312,0
DA:313,0
DA:314,0
DA:315,0
DA:316,0
DA:317,0
DA:318,0
DA:319,0
DA:320,0
DA:321,0
DA:322,0
DA:323,0
DA:324,0
DA:333,0
DA:334,0
DA:335,0
DA:336,0
DA:337,0
DA:338,0
DA:350,0
DA:351,0
DA:352,0
DA:367,0
DA:368,0
DA:373,0
DA:374,0
DA:375,0
DA:376,0
DA:377,0
DA:378,0
DA:379,0
DA:382,0
DA:383,0
DA:387,0
DA:388,0
DA:389,0
DA:393,0
DA:394,0
DA:395,0
DA:396,0
DA:397,0
DA:398,0
DA:399,0
DA:400,0
DA:404,0
DA:405,0
DA:406,0
DA:407,0
DA:408,0
DA:409,0
DA:410,0
DA:411,0
DA:415,0
DA:416,0
DA:417,0
DA:421,0
DA:422,0
DA:423,0
DA:424,0
DA:425,0
DA:429,0
DA:430,0
DA:431,0
DA:432,0
DA:433,0
DA:434,0
DA:435,0
DA:436,0
DA:437,0
DA:438,0
DA:439,0
DA:440,0
DA:441,0
DA:444,0
DA:445,0
DA:446,0
DA:447,0
DA:448,0
DA:449,0
DA:450,0
DA:452,0
DA:453,0
DA:454,0
DA:455,0
DA:456,0
DA:460,0
DA:461,0
DA:462,0
DA:463,0
DA:464,0
DA:465,0
DA:466,0
DA:467,0
DA:468,0
DA:469,0
DA:470,0
DA:471,0
DA:472,0
DA:473,0
DA:474,0
DA:475,0
DA:476,0
DA:477,0
DA:478,0
DA:479,0
DA:484,0
DA:485,0
DA:486,0
DA:487,0
DA:488,0
DA:489,0
DA:490,0
DA:491,0
DA:492,0
DA:493,0
DA:494,0
DA:495,0
LF:233
LH:0
end_of_record
SF:crates/conjure_core/src/ast/name.rs
FN:33,<conjure_core::ast::name::Name as core::fmt::Display>::fmt
FN:33,<conjure_core::ast::name::Name as core::fmt::Display>::fmt
FN:61,<conjure_core::ast::name::Name as core::convert::From<i32>>::from
FN:55,<conjure_core::ast::name::Name as core::convert::From<&str>>::from
FN:61,<conjure_core::ast::name::Name as core::convert::From<i32>>::from
FN:49,<conjure_core::ast::name::Name as core::convert::From<alloc::string::String>>::from
FN:55,<conjure_core::ast::name::Name as core::convert::From<&str>>::from
FN:49,<conjure_core::ast::name::Name as core::convert::From<alloc::string::String>>::from
FNDA:0,<conjure_core::ast::name::Name as core::fmt::Display>::fmt
FNDA:0,<conjure_core::ast::name::Name as core::fmt::Display>::fmt
FNDA:0,<conjure_core::ast::name::Name as core::convert::From<i32>>::from
FNDA:0,<conjure_core::ast::name::Name as core::convert::From<&str>>::from
FNDA:0,<conjure_core::ast::name::Name as core::convert::From<i32>>::from
FNDA:0,<conjure_core::ast::name::Name as core::convert::From<alloc::string::String>>::from
FNDA:0,<conjure_core::ast::name::Name as core::convert::From<&str>>::from
FNDA:0,<conjure_core::ast::name::Name as core::convert::From<alloc::string::String>>::from
FNF:8
FNH:0
BRF:0
BRH:0
DA:33,0
DA:34,0
DA:35,0
DA:36,0
DA:37,0
DA:38,0
DA:40,0
DA:41,0
DA:42,0
DA:45,0
DA:49,0
DA:50,0
DA:51,0
DA:55,0
DA:56,0
DA:57,0
DA:61,0
DA:62,0
DA:63,0
LF:19
LH:0
end_of_record
SF:crates/conjure_core/src/rules/matrix/bubble.rs
FN:70,conjure_core::rules::matrix::bubble::slice_to_bubble::{closure#0}::{closure#0}
FN:30,conjure_core::rules::matrix::bubble::index_to_bubble::{closure#0}
FN:50,conjure_core::rules::matrix::bubble::slice_to_bubble
FN:67,conjure_core::rules::matrix::bubble::slice_to_bubble::{closure#0}
FN:67,conjure_core::rules::matrix::bubble::slice_to_bubble::{closure#0}
FN:49,conjure_core::rules::matrix::bubble::CONJURE_GEN_RULE_SLICE_TO_BUBBLE::__typecheck::{closure#0}::{closure#0}
FN:50,conjure_core::rules::matrix::bubble::slice_to_bubble
FN:13,conjure_core::rules::matrix::bubble::CONJURE_GEN_RULE_INDEX_TO_BUBBLE::__typecheck::{closure#0}::{closure#0}
FN:30,conjure_core::rules::matrix::bubble::index_to_bubble::{closure#0}
FN:14,conjure_core::rules::matrix::bubble::index_to_bubble
FN:14,conjure_core::rules::matrix::bubble::index_to_bubble
FN:13,conjure_core::rules::matrix::bubble::CONJURE_GEN_RULE_INDEX_TO_BUBBLE::__typecheck::{closure#0}::{closure#0}
FN:49,conjure_core::rules::matrix::bubble::CONJURE_GEN_RULE_SLICE_TO_BUBBLE::__typecheck::{closure#0}::{closure#0}
FN:70,conjure_core::rules::matrix::bubble::slice_to_bubble::{closure#0}::{closure#0}
FNDA:0,conjure_core::rules::matrix::bubble::slice_to_bubble::{closure#0}::{closure#0}
FNDA:0,conjure_core::rules::matrix::bubble::index_to_bubble::{closure#0}
FNDA:0,conjure_core::rules::matrix::bubble::slice_to_bubble
FNDA:0,conjure_core::rules::matrix::bubble::slice_to_bubble::{closure#0}
FNDA:0,conjure_core::rules::matrix::bubble::slice_to_bubble::{closure#0}
FNDA:0,conjure_core::rules::matrix::bubble::CONJURE_GEN_RULE_SLICE_TO_BUBBLE::__typecheck::{closure#0}::{closure#0}
FNDA:0,conjure_core::rules::matrix::bubble::slice_to_bubble
FNDA:0,conjure_core::rules::matrix::bubble::CONJURE_GEN_RULE_INDEX_TO_BUBBLE::__typecheck::{closure#0}::{closure#0}
FNDA:0,conjure_core::rules::matrix::bubble::index_to_bubble::{closure#0}
FNDA:0,conjure_core::rules::matrix::bubble::index_to_bubble
FNDA:0,conjure_core::rules::matrix::bubble::index_to_bubble
FNDA:0,conjure_core::rules::matrix::bubble::CONJURE_GEN_RULE_INDEX_TO_BUBBLE::__typecheck::{closure#0}::{closure#0}
FNDA:0,conjure_core::rules::matrix::bubble::CONJURE_GEN_RULE_SLICE_TO_BUBBLE::__typecheck::{closure#0}::{closure#0}
FNDA:0,conjure_core::rules::matrix::bubble::slice_to_bubble::{closure#0}::{closure#0}
FNF:14
FNH:0
BRF:0
BRH:0
DA:14,0
DA:15,0
DA:16,0
DA:19,0
DA:20,0
DA:21,0
DA:23,0
DA:27,0
DA:29,0
DA:30,0
DA:31,0
DA:32,0
DA:33,0
DA:34,0
DA:35,0
DA:36,0
DA:37,0
DA:38,0
DA:39,0
DA:40,0
DA:41,0
DA:42,0
DA:43,0
DA:44,0
DA:45,0
DA:46,0
DA:50,0
DA:51,0
DA:52,0
DA:55,0
DA:56,0
DA:57,0
DA:59,0
DA:63,0
DA:66,0
DA:67,0
DA:68,0
DA:69,0
DA:70,0
DA:71,0
DA:72,0
DA:73,0
DA:74,0
DA:75,0
DA:76,0
DA:77,0
DA:78,0
DA:79,0
DA:80,0
DA:81,0
DA:82,0
DA:83,0
DA:84,0
DA:85,0
LF:54
LH:0
end_of_record
SF:crates/conjure_core/src/solver/model_modifier.rs
FN:27,<_ as conjure_core::solver::model_modifier::ModelModifier>::add_variable
FN:23,<_ as conjure_core::solver::model_modifier::ModelModifier>::add_constraint
FN:27,<_ as conjure_core::solver::model_modifier::ModelModifier>::add_variable
FN:23,<_ as conjure_core::solver::model_modifier::ModelModifier>::add_constraint
FNDA:0,<_ as conjure_core::solver::model_modifier::ModelModifier>::add_variable
FNDA:0,<_ as conjure_core::solver::model_modifier::ModelModifier>::add_constraint
FNDA:0,<_ as conjure_core::solver::model_modifier::ModelModifier>::add_variable
FNDA:0,<_ as conjure_core::solver::model_modifier::ModelModifier>::add_constraint
FNF:4
FNH:0
BRF:0
BRH:0
DA:23,0
DA:24,0
DA:25,0
DA:27,0
DA:28,0
DA:29,0
LF:6
LH:0
end_of_record
SF:solvers/minion/src/ast.rs
FN:228,<minion_rs::ast::SymbolTable>::contains
FN:19,<minion_rs::ast::Model>::new
FN:214,<minion_rs::ast::SymbolTable>::get_vartype
FN:19,<minion_rs::ast::Model>::new
FN:166,<minion_rs::ast::SymbolTable>::new
FN:224,<minion_rs::ast::SymbolTable>::get_search_variable_order
FN:179,<minion_rs::ast::SymbolTable>::add_var
FN:219,<minion_rs::ast::SymbolTable>::get_variable_order
FN:224,<minion_rs::ast::SymbolTable>::get_search_variable_order
FN:198,<minion_rs::ast::SymbolTable>::add_aux_var
FN:219,<minion_rs::ast::SymbolTable>::get_variable_order
FN:228,<minion_rs::ast::SymbolTable>::contains
FN:166,<minion_rs::ast::SymbolTable>::new
FN:28,<minion_rs::ast::Model as core::default::Default>::default
FN:179,<minion_rs::ast::SymbolTable>::add_var
FN:28,<minion_rs::ast::Model as core::default::Default>::default
FN:214,<minion_rs::ast::SymbolTable>::get_vartype
FN:198,<minion_rs::ast::SymbolTable>::add_aux_var
FNDA:0,<minion_rs::ast::SymbolTable>::contains
FNDA:0,<minion_rs::ast::Model>::new
FNDA:0,<minion_rs::ast::SymbolTable>::get_vartype
FNDA:0,<minion_rs::ast::Model>::new
FNDA:0,<minion_rs::ast::SymbolTable>::new
FNDA:0,<minion_rs::ast::SymbolTable>::get_search_variable_order
FNDA:0,<minion_rs::ast::SymbolTable>::add_var
FNDA:0,<minion_rs::ast::SymbolTable>::get_variable_order
FNDA:0,<minion_rs::ast::SymbolTable>::get_search_variable_order
FNDA:0,<minion_rs::ast::SymbolTable>::add_aux_var
FNDA:0,<minion_rs::ast::SymbolTable>::get_variable_order
FNDA:0,<minion_rs::ast::SymbolTable>::contains
FNDA:0,<minion_rs::ast::SymbolTable>::new
FNDA:0,<minion_rs::ast::Model as core::default::Default>::default
FNDA:0,<minion_rs::ast::SymbolTable>::add_var
FNDA:0,<minion_rs::ast::Model as core::default::Default>::default
FNDA:0,<minion_rs::ast::SymbolTable>::get_vartype
FNDA:0,<minion_rs::ast::SymbolTable>::add_aux_var
FNF:18
FNH:0
BRF:0
BRH:0
DA:19,0
DA:20,0
DA:21,0
DA:22,0
DA:23,0
DA:24,0
DA:28,0
DA:29,0
DA:30,0
DA:166,0
DA:167,0
DA:168,0
DA:169,0
DA:170,0
DA:171,0
DA:172,0
DA:179,0
DA:180,0
DA:181,0
DA:182,0
DA:183,0
DA:184,0
DA:185,0
DA:186,0
DA:187,0
DA:188,0
DA:189,0
DA:198,0
DA:199,0
DA:200,0
DA:201,0
DA:202,0
DA:203,0
DA:204,0
DA:205,0
DA:206,0
DA:207,0
DA:214,0
DA:215,0
DA:216,0
DA:219,0
DA:220,0
DA:221,0
DA:224,0
DA:225,0
DA:226,0
DA:228,0
DA:229,0
DA:230,0
LF:49
LH:0
end_of_record
SF:crates/conjure_core/src/rule_engine/rewriter_common.rs
FN:35,conjure_core::rule_engine::rewriter_common::log_rule_application
FN:142,<conjure_core::rule_engine::rewriter_common::RewriteError as core::convert::From<conjure_core::rule_engine::resolve_rules::ResolveRulesError>>::from
FN:142,<conjure_core::rule_engine::rewriter_common::RewriteError as core::convert::From<conjure_core::rule_engine::resolve_rules::ResolveRulesError>>::from
FN:35,conjure_core::rule_engine::rewriter_common::log_rule_application
FNDA:0,conjure_core::rule_engine::rewriter_common::log_rule_application
FNDA:0,<conjure_core::rule_engine::rewriter_common::RewriteError as core::convert::From<conjure_core::rule_engine::resolve_rules::ResolveRulesError>>::from
FNDA:0,<conjure_core::rule_engine::rewriter_common::RewriteError as core::convert::From<conjure_core::rule_engine::resolve_rules::ResolveRulesError>>::from
FNDA:0,conjure_core::rule_engine::rewriter_common::log_rule_application
FNF:4
FNH:0
BRF:0
BRH:0
DA:35,0
DA:36,0
DA:37,0
DA:38,0
DA:39,0
DA:40,0
DA:41,0
DA:42,0
DA:43,0
DA:44,0
DA:45,0
DA:46,0
DA:47,0
DA:48,0
DA:50,0
DA:58,0
DA:59,0
DA:61,0
DA:63,0
DA:64,0
DA:65,0
DA:67,0
DA:68,0
DA:69,0
DA:74,0
DA:75,0
DA:77,0
DA:78,0
DA:79,0
DA:80,0
DA:81,0
DA:82,0
DA:83,0
DA:84,0
DA:85,0
DA:87,0
DA:91,0
DA:93,0
DA:102,0
DA:104,0
DA:105,0
DA:106,0
DA:107,0
DA:108,0
DA:109,0
DA:110,0
DA:111,0
DA:112,0
DA:113,0
DA:117,0
DA:118,0
DA:119,0
DA:120,0
DA:121,0
DA:122,0
DA:123,0
DA:124,0
DA:125,0
DA:126,0
DA:127,0
DA:128,0
DA:129,0
DA:130,0
DA:131,0
DA:132,0
DA:142,0
DA:143,0
DA:144,0
LF:68
LH:0
end_of_record
SF:crates/conjure_core/src/rules/matrix/matrix_to_list.rs
FN:36,conjure_core::rules::matrix::matrix_to_list::matrix_to_list
FN:35,conjure_core::rules::matrix::matrix_to_list::CONJURE_GEN_RULE_MATRIX_TO_LIST::__typecheck::{closure#0}::{closure#0}
FN:36,conjure_core::rules::matrix::matrix_to_list::matrix_to_list
FN:35,conjure_core::rules::matrix::matrix_to_list::CONJURE_GEN_RULE_MATRIX_TO_LIST::__typecheck::{closure#0}::{closure#0}
FNDA:0,conjure_core::rules::matrix::matrix_to_list::matrix_to_list
FNDA:0,conjure_core::rules::matrix::matrix_to_list::CONJURE_GEN_RULE_MATRIX_TO_LIST::__typecheck::{closure#0}::{closure#0}
FNDA:0,conjure_core::rules::matrix::matrix_to_list::matrix_to_list
FNDA:0,conjure_core::rules::matrix::matrix_to_list::CONJURE_GEN_RULE_MATRIX_TO_LIST::__typecheck::{closure#0}::{closure#0}
FNF:4
FNH:0
BRF:0
BRH:0
DA:36,0
DA:43,0
DA:44,0
DA:51,0
DA:52,0
DA:53,0
DA:54,0
DA:55,0
DA:56,0
DA:58,0
DA:59,0
DA:60,0
DA:61,0
DA:64,0
DA:65,0
DA:66,0
DA:69,0
DA:70,0
DA:71,0
DA:75,0
DA:76,0
DA:77,0
DA:80,0
DA:81,0
DA:82,0
DA:85,0
DA:86,0
DA:87,0
DA:88,0
DA:90,0
DA:92,0
LF:31
LH:0
end_of_record
SF:crates/conjure_core/src/rule_engine/rule.rs
FN:208,<conjure_core::rule_engine::rule::Rule as tree_morph::rule::Rule<conjure_core::ast::expressions::Expression, conjure_core::ast::symbol_table::SymbolTable>>::apply
FN:110,<conjure_core::rule_engine::rule::Reduction>::added_symbols
FN:95,<conjure_core::rule_engine::rule::Reduction>::with_top
FN:104,<conjure_core::rule_engine::rule::Reduction>::apply
FN:170,<conjure_core::rule_engine::rule::Rule>::new
FN:132,<conjure_core::rule_engine::rule::Reduction>::changed_symbols
FN:222,<&conjure_core::rule_engine::rule::Rule as tree_morph::rule::Rule<conjure_core::ast::expressions::Expression, conjure_core::ast::symbol_table::SymbolTable>>::apply
FN:110,<conjure_core::rule_engine::rule::Reduction>::added_symbols
FN:202,<conjure_core::rule_engine::rule::Rule as core::hash::Hash>::hash::<std::hash::random::DefaultHasher>
FN:229,<&conjure_core::rule_engine::rule::Rule as tree_morph::rule::Rule<conjure_core::ast::expressions::Expression, conjure_core::ast::symbol_table::SymbolTable>>::apply::{closure#0}
FN:182,<conjure_core::rule_engine::rule::Rule>::apply
FN:182,<conjure_core::rule_engine::rule::Rule>::apply
FN:114,<conjure_core::rule_engine::rule::Reduction>::added_symbols::{closure#0}
FN:208,<conjure_core::rule_engine::rule::Rule as tree_morph::rule::Rule<conjure_core::ast::expressions::Expression, conjure_core::ast::symbol_table::SymbolTable>>::apply
FN:68,<conjure_core::rule_engine::rule::Reduction>::new
FN:68,<conjure_core::rule_engine::rule::Reduction>::new
FN:86,<conjure_core::rule_engine::rule::Reduction>::with_symbols
FN:188,<conjure_core::rule_engine::rule::Rule as core::fmt::Display>::fmt
FN:216,<conjure_core::rule_engine::rule::Rule as tree_morph::rule::Rule<conjure_core::ast::expressions::Expression, conjure_core::ast::symbol_table::SymbolTable>>::apply::{closure#1}
FN:216,<conjure_core::rule_engine::rule::Rule as tree_morph::rule::Rule<conjure_core::ast::expressions::Expression, conjure_core::ast::symbol_table::SymbolTable>>::apply::{closure#1}
FN:202,<conjure_core::rule_engine::rule::Rule as core::hash::Hash>::hash::<_>
FN:194,<conjure_core::rule_engine::rule::Rule as core::cmp::PartialEq>::eq
FN:231,<&conjure_core::rule_engine::rule::Rule as tree_morph::rule::Rule<conjure_core::ast::expressions::Expression, conjure_core::ast::symbol_table::SymbolTable>>::apply::{closure#1}
FN:188,<conjure_core::rule_engine::rule::Rule as core::fmt::Display>::fmt
FN:120,<conjure_core::rule_engine::rule::Reduction>::added_symbols::{closure#1}
FN:77,<conjure_core::rule_engine::rule::Reduction>::pure
FN:215,<conjure_core::rule_engine::rule::Rule as tree_morph::rule::Rule<conjure_core::ast::expressions::Expression, conjure_core::ast::symbol_table::SymbolTable>>::apply::{closure#0}
[...]
FNDA:0,<conjure_core::ast::model::Model as uniplate::traits::Biplate<conjure_core::ast::submodel::SubModel>>::biplate::{closure#0}
FNDA:0,<conjure_core::ast::model::Model as uniplate::traits::Biplate<conjure_core::ast::expressions::Expression>>::biplate
FNDA:0,<conjure_core::ast::model::Model>::as_submodel
FNDA:0,<conjure_core::ast::model::Model as core::fmt::Display>::fmt
FNDA:0,<conjure_core::ast::model::Model>::from_submodel
FNDA:0,<conjure_core::ast::model::SerdeModel as core::convert::From<conjure_core::ast::model::Model>>::from
FNDA:0,<conjure_core::ast::model::Model>::as_submodel_mut
FNDA:0,<conjure_core::ast::model::Model as core::fmt::Display>::fmt
FNDA:0,<conjure_core::ast::model::Model as core::default::Default>::default
FNDA:0,<conjure_core::ast::model::Model>::from_submodel
FNDA:0,<conjure_core::ast::model::Model as uniplate::traits::Biplate<conjure_core::ast::submodel::SubModel>>::biplate
FNDA:0,<conjure_core::ast::model::Model as uniplate::traits::Uniplate>::uniplate
FNDA:0,<conjure_core::ast::model::Model>::replace_submodel
FNDA:0,<conjure_core::ast::model::Model>::as_submodel
FNDA:0,<conjure_core::ast::model::SerdeModel as core::convert::From<conjure_core::ast::model::Model>>::from
FNDA:0,<conjure_core::ast::model::Model as uniplate::traits::Biplate<conjure_core::ast::expressions::Expression>>::biplate::{closure#0}
FNDA:0,<conjure_core::ast::model::Model as uniplate::traits::Biplate<conjure_core::ast::submodel::SubModel>>::biplate
FNDA:0,<conjure_core::ast::model::Model>::replace_submodel
FNDA:0,<conjure_core::ast::model::SerdeModel as core::fmt::Display>::fmt
FNDA:0,<conjure_core::ast::model::Model as uniplate::traits::Biplate<conjure_core::ast::expressions::Expression>>::biplate
FNDA:0,<conjure_core::ast::model::Model as conjure_core::ast::types::Typeable>::return_type
FNDA:0,<conjure_core::ast::model::Model as uniplate::traits::Uniplate>::uniplate::{closure#0}
FNDA:0,<conjure_core::ast::model::SerdeModel>::initialise
FNDA:0,<conjure_core::ast::model::Model as conjure_core::ast::types::Typeable>::return_type
FNDA:0,<conjure_core::ast::model::Model>::as_submodel_mut
FNDA:0,<conjure_core::ast::model::Model as uniplate::traits::Uniplate>::uniplate::{closure#0}
FNDA:0,<conjure_core::ast::model::SerdeModel>::initialise
FNDA:0,<conjure_core::ast::model::Model as uniplate::traits::Uniplate>::uniplate
FNDA:0,<conjure_core::ast::model::SerdeModel as core::fmt::Display>::fmt
FNDA:0,<conjure_core::ast::model::Model as uniplate::traits::Biplate<conjure_core::ast::submodel::SubModel>>::biplate::{closure#0}
FNDA:0,<conjure_core::ast::model::Model as uniplate::traits::Biplate<conjure_core::ast::expressions::Expression>>::biplate::{closure#0}
FNDA:0,<conjure_core::ast::model::Model>::new
FNDA:0,<conjure_core::ast::model::Model>::new
FNDA:0,<conjure_core::ast::model::Model as core::default::Default>::default
FNF:34
FNH:0
BRF:0
BRH:0
DA:37,0
DA:38,0
DA:39,0
DA:40,0
DA:41,0
DA:42,0
DA:45,0
DA:46,0
DA:47,0
DA:48,0
DA:49,0
DA:50,0
DA:51,0
DA:52,0
DA:55,0
DA:56,0
DA:57,0
DA:60,0
DA:61,0
DA:62,0
DA:65,0
DA:66,0
DA:67,0
DA:71,0
DA:72,0
DA:73,0
DA:74,0
DA:75,0
DA:76,0
DA:77,0
DA:78,0
DA:82,0
DA:83,0
DA:84,0
DA:90,0
DA:91,0
DA:92,0
DA:93,0
DA:94,0
DA:98,0
DA:99,0
DA:100,0
DA:101,0
DA:104,0
DA:105,0
DA:106,0
DA:108,0
DA:109,0
DA:110,0
DA:111,0
DA:112,0
DA:113,0
DA:114,0
DA:115,0
DA:116,0
DA:117,0
DA:118,0
DA:119,0
DA:120,0
DA:122,0
DA:123,0
DA:124,0
DA:125,0
DA:128,0
DA:129,0
DA:130,0
DA:131,0
DA:134,0
DA:136,0
DA:137,0
DA:138,0
DA:139,0
DA:143,0
DA:144,0
DA:145,0
DA:146,0
DA:147,0
DA:148,0
DA:149,0
DA:152,0
DA:153,0
DA:154,0
DA:155,0
DA:156,0
DA:157,0
DA:158,0
DA:162,0
DA:163,0
DA:164,0
DA:182,0
DA:183,0
DA:184,0
DA:185,0
DA:186,0
DA:187,0
DA:188,0
DA:189,0
DA:190,0
DA:191,0
DA:194,0
DA:195,0
DA:196,0
DA:197,0
DA:198,0
DA:199,0
DA:200,0
DA:201,0
DA:205,0
DA:206,0
DA:207,0
DA:210,0
DA:211,0
DA:212,0
DA:213,0
DA:214,0
DA:217,0
DA:218,0
DA:219,0
DA:220,0
DA:221,0
DA:222,0
DA:223,0
DA:227,0
DA:228,0
DA:229,0
DA:230,0
DA:231,0
DA:232,0
DA:233,0
DA:237,0
DA:238,0
DA:239,0
LF:132
LH:0
end_of_record
SF:crates/conjure_core/src/stats/mod.rs
FN:24,<conjure_core::stats::Stats>::add_solver_run
FN:24,<conjure_core::stats::Stats>::add_solver_run
FN:28,<conjure_core::stats::Stats>::add_rewriter_run
FN:28,<conjure_core::stats::Stats>::add_rewriter_run
FN:20,<conjure_core::stats::Stats>::new
FN:20,<conjure_core::stats::Stats>::new
FNDA:0,<conjure_core::stats::Stats>::add_solver_run
FNDA:0,<conjure_core::stats::Stats>::add_solver_run
FNDA:0,<conjure_core::stats::Stats>::add_rewriter_run
FNDA:0,<conjure_core::stats::Stats>::add_rewriter_run
FNDA:0,<conjure_core::stats::Stats>::new
FNDA:0,<conjure_core::stats::Stats>::new
FNF:6
FNH:0
BRF:0
BRH:0
DA:20,0
DA:21,0
DA:22,0
DA:24,0
DA:25,0
DA:26,0
DA:28,0
DA:29,0
DA:30,0
LF:9
LH:0
end_of_record
SF:crates/conjure_core/src/metadata.rs
FN:31,<conjure_core::metadata::Metadata as core::fmt::Display>::fmt
FN:22,<conjure_core::metadata::Metadata>::clone_dirty
FN:22,<conjure_core::metadata::Metadata>::clone_dirty
FN:15,<conjure_core::metadata::Metadata>::new
FN:31,<conjure_core::metadata::Metadata as core::fmt::Display>::fmt
FN:15,<conjure_core::metadata::Metadata>::new
FNDA:0,<conjure_core::metadata::Metadata as core::fmt::Display>::fmt
FNDA:0,<conjure_core::metadata::Metadata>::clone_dirty
FNDA:0,<conjure_core::metadata::Metadata>::clone_dirty
FNDA:0,<conjure_core::metadata::Metadata>::new
FNDA:0,<conjure_core::metadata::Metadata as core::fmt::Display>::fmt
FNDA:0,<conjure_core::metadata::Metadata>::new
FNF:6
FNH:0
BRF:0
BRH:0
DA:15,0
DA:16,0
DA:17,0
DA:18,0
DA:19,0
DA:20,0
DA:22,0
DA:23,0
DA:24,0
DA:25,0
DA:26,0
DA:27,0
DA:31,0
DA:32,0
DA:33,0
LF:15
LH:0
end_of_record
SF:conjure_oxide/src/utils/testing.rs
FN:105,conjure_oxide::utils::testing::minion_solutions_from_json
FN:174,conjure_oxide::utils::testing::read_rule_trace
FN:89,conjure_oxide::utils::testing::read_model_json
FN:255,conjure_oxide::utils::testing::normalize_solutions_for_comparison::{closure#1}::{closure#0}
FN:231,conjure_oxide::utils::testing::normalize_solutions_for_comparison::{closure#0}
FN:251,conjure_oxide::utils::testing::normalize_solutions_for_comparison::{closure#1}
FN:46,conjure_oxide::utils::testing::serialise_model
FN:207,conjure_oxide::utils::testing::read_human_rule_trace
FN:144,conjure_oxide::utils::testing::save_minion_solutions_json
FN:207,conjure_oxide::utils::testing::read_human_rule_trace
FN:222,conjure_oxide::utils::testing::normalize_solutions_for_comparison
FN:174,conjure_oxide::utils::testing::read_rule_trace
FN:105,conjure_oxide::utils::testing::minion_solutions_from_json
FN:255,conjure_oxide::utils::testing::normalize_solutions_for_comparison::{closure#1}::{closure#0}
FN:89,conjure_oxide::utils::testing::read_model_json
FN:158,conjure_oxide::utils::testing::read_minion_solutions_json
FN:158,conjure_oxide::utils::testing::read_minion_solutions_json
FN:144,conjure_oxide::utils::testing::save_minion_solutions_json
FN:59,conjure_oxide::utils::testing::save_model_json
FN:25,conjure_oxide::utils::testing::assert_eq_any_order::<_>
FN:222,conjure_oxide::utils::testing::normalize_solutions_for_comparison
FN:46,conjure_oxide::utils::testing::serialise_model
FN:71,conjure_oxide::utils::testing::save_stats_json
FN:231,conjure_oxide::utils::testing::normalize_solutions_for_comparison::{closure#0}
FN:251,conjure_oxide::utils::testing::normalize_solutions_for_comparison::{closure#1}
FN:25,conjure_oxide::utils::testing::assert_eq_any_order::<_>
FN:59,conjure_oxide::utils::testing::save_model_json
FN:71,conjure_oxide::utils::testing::save_stats_json
FNDA:0,conjure_oxide::utils::testing::minion_solutions_from_json
FNDA:0,conjure_oxide::utils::testing::read_rule_trace
FNDA:0,conjure_oxide::utils::testing::read_model_json
FNDA:0,conjure_oxide::utils::testing::normalize_solutions_for_comparison::{closure#1}::{closure#0}
FNDA:0,conjure_oxide::utils::testing::normalize_solutions_for_comparison::{closure#0}
FNDA:0,conjure_oxide::utils::testing::normalize_solutions_for_comparison::{closure#1}
FNDA:0,conjure_oxide::utils::testing::serialise_model
FNDA:0,conjure_oxide::utils::testing::read_human_rule_trace
FNDA:0,conjure_oxide::utils::testing::save_minion_solutions_json
FNDA:0,conjure_oxide::utils::testing::read_human_rule_trace
FNDA:0,conjure_oxide::utils::testing::normalize_solutions_for_comparison
FNDA:0,conjure_oxide::utils::testing::read_rule_trace
FNDA:0,conjure_oxide::utils::testing::minion_solutions_from_json
FNDA:0,conjure_oxide::utils::testing::normalize_solutions_for_comparison::{closure#1}::{closure#0}
FNDA:0,conjure_oxide::utils::testing::read_model_json
FNDA:0,conjure_oxide::utils::testing::read_minion_solutions_json
FNDA:0,conjure_oxide::utils::testing::read_minion_solutions_json
FNDA:0,conjure_oxide::utils::testing::save_minion_solutions_json
FNDA:0,conjure_oxide::utils::testing::save_model_json
FNDA:0,conjure_oxide::utils::testing::assert_eq_any_order::<_>
FNDA:0,conjure_oxide::utils::testing::normalize_solutions_for_comparison
FNDA:0,conjure_oxide::utils::testing::serialise_model
FNDA:0,conjure_oxide::utils::testing::save_stats_json
FNDA:0,conjure_oxide::utils::testing::normalize_solutions_for_comparison::{closure#0}
FNDA:0,conjure_oxide::utils::testing::normalize_solutions_for_comparison::{closure#1}
FNDA:0,conjure_oxide::utils::testing::assert_eq_any_order::<_>
FNDA:0,conjure_oxide::utils::testing::save_model_json
FNDA:0,conjure_oxide::utils::testing::save_stats_json
FNF:28
FNH:0
BRF:0
BRH:0
DA:25,0
DA:26,0
DA:28,0
DA:29,0
DA:30,0
DA:31,0
DA:32,0
DA:34,0
DA:35,0
DA:36,0
DA:37,0
DA:38,0
DA:40,0
DA:41,0
DA:42,0
DA:44,0
DA:46,0
DA:47,0
DA:48,0
DA:49,0
DA:50,0
DA:51,0
DA:54,0
DA:56,0
DA:57,0
DA:59,0
DA:60,0
DA:61,0
DA:62,0
DA:63,0
DA:64,0
DA:65,0
DA:66,0
DA:67,0
DA:68,0
DA:69,0
DA:71,0
DA:72,0
DA:73,0
DA:74,0
DA:75,0
DA:76,0
DA:77,0
DA:78,0
DA:81,0
DA:83,0
DA:84,0
DA:86,0
DA:87,0
DA:89,0
DA:90,0
DA:91,0
DA:92,0
DA:93,0
DA:94,0
DA:95,0
DA:96,0
DA:97,0
DA:98,0
DA:99,0
DA:100,0
DA:102,0
DA:103,0
DA:105,0
DA:106,0
DA:107,0
DA:108,0
DA:110,0
DA:111,0
DA:112,0
DA:114,0
DA:116,0
DA:117,0
DA:118,0
DA:119,0
DA:120,0
DA:122,0
DA:123,0
DA:124,0
DA:125,0
DA:126,0
DA:127,0
DA:128,0
DA:130,0
DA:131,0
DA:134,0
DA:137,0
DA:140,0
DA:141,0
DA:144,0
DA:145,0
DA:146,0
DA:147,0
DA:148,0
DA:149,0
DA:150,0
DA:152,0
DA:153,0
DA:155,0
DA:156,0
DA:158,0
DA:159,0
DA:160,0
DA:161,0
DA:162,0
DA:163,0
DA:164,0
DA:166,0
DA:167,0
DA:169,0
DA:170,0
DA:174,0
DA:175,0
DA:176,0
DA:177,0
DA:178,0
DA:179,0
DA:180,0
DA:181,0
DA:182,0
DA:183,0
DA:184,0
DA:185,0
DA:186,0
DA:187,0
DA:188,0
DA:189,0
DA:190,0
DA:191,0
DA:192,0
DA:193,0
DA:196,0
DA:197,0
DA:198,0
DA:199,0
DA:200,0
DA:201,0
DA:203,0
DA:204,0
DA:207,0
DA:208,0
DA:209,0
DA:210,0
DA:211,0
DA:212,0
DA:213,0
DA:214,0
DA:215,0
DA:216,0
DA:217,0
DA:218,0
DA:219,0
DA:222,0
DA:223,0
DA:224,0
DA:225,0
DA:227,0
DA:229,0
DA:230,0
DA:231,0
DA:232,0
DA:233,0
DA:234,0
DA:235,0
DA:236,0
DA:238,0
DA:239,0
DA:240,0
DA:241,0
DA:242,0
DA:243,0
DA:244,0
DA:245,0
DA:246,0
DA:247,0
DA:248,0
DA:249,0
DA:250,0
DA:251,0
DA:252,0
DA:253,0
DA:254,0
DA:255,0
DA:256,0
DA:257,0
DA:258,0
DA:259,0
DA:260,0
DA:261,0
DA:262,0
DA:264,0
DA:265,0
DA:266,0
DA:267,0
DA:268,0
DA:269,0
DA:271,0
DA:274,0
DA:275,0
DA:276,0
DA:280,0
DA:281,0
DA:282,0
LF:203
LH:0
end_of_record
SF:crates/tree_morph/tests/enum_rules.rs
FN:69,enum_rules::add_zero
FN:101,enum_rules::eval_add
FN:40,<enum_rules::MyRule as tree_morph::rule::Rule<enum_rules::Expr, enum_rules::Meta>>::apply
FN:53,enum_rules::single_var
FN:85,enum_rules::mul_one
FN:41,<enum_rules::MyRule as tree_morph::rule::Rule<enum_rules::Expr, enum_rules::Meta>>::apply::{closure#0}
FN:117,enum_rules::eval_nested
FN:24,enum_rules::rule_eval_mul
FN:14,enum_rules::rule_eval_add
FNDA:0,enum_rules::add_zero
FNDA:0,enum_rules::eval_add
FNDA:0,<enum_rules::MyRule as tree_morph::rule::Rule<enum_rules::Expr, enum_rules::Meta>>::apply
FNDA:0,enum_rules::single_var
FNDA:0,enum_rules::mul_one
FNDA:0,<enum_rules::MyRule as tree_morph::rule::Rule<enum_rules::Expr, enum_rules::Meta>>::apply::{closure#0}
FNDA:0,enum_rules::eval_nested
FNDA:0,enum_rules::rule_eval_mul
FNDA:0,enum_rules::rule_eval_add
FNF:9
FNH:0
BRF:0
BRH:0
DA:14,0
DA:15,0
DA:16,0
DA:17,0
DA:18,0
DA:20,0
DA:22,0
DA:24,0
DA:25,0
DA:26,0
DA:27,0
DA:28,0
DA:30,0
DA:32,0
DA:40,0
DA:41,0
DA:42,0
DA:43,0
DA:44,0
DA:46,0
DA:53,0
DA:54,0
DA:55,0
DA:56,0
DA:57,0
DA:58,0
DA:59,0
DA:60,0
DA:61,0
DA:62,0
DA:63,0
DA:64,0
DA:65,0
DA:66,0
DA:69,0
DA:70,0
DA:71,0
DA:72,0
DA:73,0
DA:74,0
DA:75,0
DA:76,0
DA:77,0
DA:78,0
DA:79,0
DA:80,0
DA:81,0
DA:82,0
DA:85,0
DA:86,0
DA:87,0
DA:88,0
DA:89,0
DA:90,0
DA:91,0
DA:92,0
DA:93,0
DA:94,0
DA:95,0
DA:96,0
DA:97,0
DA:98,0
DA:101,0
DA:102,0
DA:103,0
DA:104,0
DA:105,0
DA:106,0
DA:107,0
DA:108,0
DA:109,0
DA:110,0
DA:111,0
DA:112,0
DA:113,0
DA:114,0
DA:117,0
DA:118,0
DA:119,0
DA:120,0
DA:121,0
DA:122,0
DA:123,0
DA:124,0
DA:125,0
DA:126,0
DA:127,0
DA:128,0
DA:129,0
DA:130,0
DA:131,0
DA:132,0
DA:133,0
LF:93
LH:0
end_of_record
SF:crates/conjure_core/src/ast/domains.rs
FN:185,<conjure_core::ast::domains::Domain>::apply_i32
FN:297,conjure_core::ast::domains::tests::test_negative_product
FN:232,<conjure_core::ast::domains::Domain>::resolve
FN:202,<conjure_core::ast::domains::Domain>::is_finite
FN:90,<conjure_core::ast::domains::Domain>::contains::{closure#0}
FN:157,<conjure_core::ast::domains::Domain>::values
FN:258,<conjure_core::ast::domains::Domain as core::fmt::Display>::fmt
FN:80,<conjure_core::ast::domains::Domain>::contains
FN:258,<conjure_core::ast::domains::Domain as core::fmt::Display>::fmt
FN:232,<conjure_core::ast::domains::Domain>::resolve
FN:80,<conjure_core::ast::domains::Domain>::contains
FN:39,<conjure_core::ast::domains::Range<i32> as core::fmt::Display>::fmt
FN:176,<conjure_core::ast::domains::Domain>::length::{closure#0}
FN:136,<conjure_core::ast::domains::Domain>::values_i32
FN:288,<conjure_core::ast::domains::Domain as conjure_core::ast::types::Typeable>::return_type
FN:288,<conjure_core::ast::domains::Domain as conjure_core::ast::types::Typeable>::return_type
FN:162,<conjure_core::ast::domains::Domain>::values::{closure#0}
FN:321,conjure_core::ast::domains::tests::test_negative_div::{closure#0}
FN:264,<conjure_core::ast::domains::Domain as core::fmt::Display>::fmt::{closure#0}
FN:185,<conjure_core::ast::domains::Domain>::apply_i32
FN:162,<conjure_core::ast::domains::Domain>::values::{closure#0}
FN:211,<conjure_core::ast::domains::Domain>::is_finite::{closure#0}
FN:39,<conjure_core::ast::domains::Range<i32> as core::fmt::Display>::fmt
FN:90,<conjure_core::ast::domains::Domain>::contains::{closure#0}
FN:300,conjure_core::ast::domains::tests::test_negative_product::{closure#0}
FN:162,<conjure_core::ast::domains::Domain>::values::{closure#0}::{closure#0}
FN:202,<conjure_core::ast::domains::Domain>::is_finite
FN:141,<conjure_core::ast::domains::Domain>::values_i32::{closure#0}
FN:211,<conjure_core::ast::domains::Domain>::is_finite::{closure#0}
FN:175,<conjure_core::ast::domains::Domain>::length
FN:175,<conjure_core::ast::domains::Domain>::length
FN:136,<conjure_core::ast::domains::Domain>::values_i32
FN:157,<conjure_core::ast::domains::Domain>::values
FN:264,<conjure_core::ast::domains::Domain as core::fmt::Display>::fmt::{closure#0}
FN:28,<conjure_core::ast::domains::Range<i32>>::contains
FN:317,conjure_core::ast::domains::tests::test_negative_div
FN:176,<conjure_core::ast::domains::Domain>::length::{closure#0}
FN:28,<conjure_core::ast::domains::Range<i32>>::contains
FN:162,<conjure_core::ast::domains::Domain>::values::{closure#0}::{closure#0}
FN:141,<conjure_core::ast::domains::Domain>::values_i32::{closure#0}
FNDA:0,<conjure_core::ast::domains::Domain>::apply_i32
FNDA:0,conjure_core::ast::domains::tests::test_negative_product
FNDA:0,<conjure_core::ast::domains::Domain>::resolve
FNDA:0,<conjure_core::ast::domains::Domain>::is_finite
FNDA:0,<conjure_core::ast::domains::Domain>::contains::{closure#0}
FNDA:0,<conjure_core::ast::domains::Domain>::values
FNDA:0,<conjure_core::ast::domains::Domain as core::fmt::Display>::fmt
FNDA:0,<conjure_core::ast::domains::Domain>::contains
FNDA:0,<conjure_core::ast::domains::Domain as core::fmt::Display>::fmt
FNDA:0,<conjure_core::ast::domains::Domain>::resolve
FNDA:0,<conjure_core::ast::domains::Domain>::contains
FNDA:0,<conjure_core::ast::domains::Range<i32> as core::fmt::Display>::fmt
FNDA:0,<conjure_core::ast::domains::Domain>::length::{closure#0}
FNDA:0,<conjure_core::ast::domains::Domain>::values_i32
FNDA:0,<conjure_core::ast::domains::Domain as conjure_core::ast::types::Typeable>::return_type
FNDA:0,<conjure_core::ast::domains::Domain as conjure_core::ast::types::Typeable>::return_type
FNDA:0,<conjure_core::ast::domains::Domain>::values::{closure#0}
FNDA:0,conjure_core::ast::domains::tests::test_negative_div::{closure#0}
FNDA:0,<conjure_core::ast::domains::Domain as core::fmt::Display>::fmt::{closure#0}
FNDA:0,<conjure_core::ast::domains::Domain>::apply_i32
FNDA:0,<conjure_core::ast::domains::Domain>::values::{closure#0}
FNDA:0,<conjure_core::ast::domains::Domain>::is_finite::{closure#0}
FNDA:0,<conjure_core::ast::domains::Range<i32> as core::fmt::Display>::fmt
FNDA:0,<conjure_core::ast::domains::Domain>::contains::{closure#0}
FNDA:0,conjure_core::ast::domains::tests::test_negative_product::{closure#0}
FNDA:0,<conjure_core::ast::domains::Domain>::values::{closure#0}::{closure#0}
FNDA:0,<conjure_core::ast::domains::Domain>::is_finite
FNDA:0,<conjure_core::ast::domains::Domain>::values_i32::{closure#0}
FNDA:0,<conjure_core::ast::domains::Domain>::is_finite::{closure#0}
FNDA:0,<conjure_core::ast::domains::Domain>::length
FNDA:0,<conjure_core::ast::domains::Domain>::length
FNDA:0,<conjure_core::ast::domains::Domain>::values_i32
FNDA:0,<conjure_core::ast::domains::Domain>::values
FNDA:0,<conjure_core::ast::domains::Domain as core::fmt::Display>::fmt::{closure#0}
FNDA:0,<conjure_core::ast::domains::Range<i32>>::contains
FNDA:0,conjure_core::ast::domains::tests::test_negative_div
FNDA:0,<conjure_core::ast::domains::Domain>::length::{closure#0}
FNDA:0,<conjure_core::ast::domains::Range<i32>>::contains
FNDA:0,<conjure_core::ast::domains::Domain>::values::{closure#0}::{closure#0}
FNDA:0,<conjure_core::ast::domains::Domain>::values_i32::{closure#0}
FNF:40
FNH:0
BRF:0
BRH:0
DA:28,0
DA:29,0
DA:30,0
DA:31,0
DA:32,0
DA:33,0
DA:35,0
DA:39,0
DA:40,0
DA:41,0
DA:42,0
DA:43,0
DA:44,0
DA:46,0
DA:80,0
DA:81,0
DA:82,0
DA:83,0
DA:84,0
DA:85,0
DA:86,0
DA:87,0
DA:88,0
DA:89,0
DA:90,0
DA:92,0
DA:93,0
DA:94,0
DA:95,0
DA:98,0
DA:99,0
DA:100,0
DA:101,0
DA:102,0
DA:103,0
DA:104,0
DA:105,0
DA:107,0
DA:108,0
DA:112,0
DA:113,0
DA:115,0
DA:118,0
DA:119,0
DA:120,0
DA:121,0
DA:124,0
DA:126,0
DA:128,0
DA:130,0
DA:132,0
DA:136,0
DA:137,0
DA:138,0
DA:139,0
DA:140,0
DA:141,0
DA:142,0
DA:143,0
DA:144,0
DA:145,0
DA:146,0
DA:147,0
DA:148,0
DA:149,0
DA:150,0
DA:151,0
DA:153,0
DA:157,0
DA:158,0
DA:159,0
DA:160,0
DA:161,0
DA:162,0
DA:166,0
DA:167,0
DA:168,0
DA:170,0
DA:175,0
DA:176,0
DA:177,0
DA:185,0
DA:186,0
DA:188,0
DA:189,0
DA:190,0
DA:191,0
DA:192,0
DA:194,0
DA:195,0
DA:196,0
DA:197,0
DA:202,0
DA:203,0
DA:204,0
DA:205,0
DA:206,0
DA:207,0
DA:208,0
DA:209,0
DA:210,0
DA:211,0
DA:213,0
DA:214,0
DA:215,0
DA:216,0
DA:217,0
DA:219,0
DA:220,0
DA:232,0
DA:233,0
DA:234,0
DA:235,0
DA:236,0
DA:237,0
DA:238,0
DA:239,0
DA:240,0
DA:241,0
DA:242,0
DA:243,0
DA:244,0
DA:245,0
DA:246,0
DA:247,0
DA:248,0
DA:249,0
DA:250,0
DA:253,0
DA:254,0
DA:258,0
DA:259,0
DA:261,0
DA:263,0
DA:264,0
DA:265,0
DA:266,0
DA:267,0
DA:269,0
DA:272,0
DA:273,0
DA:274,0
DA:276,0
DA:277,0
DA:278,0
DA:279,0
DA:280,0
DA:281,0
DA:284,0
DA:288,0
DA:289,0
DA:297,0
DA:298,0
DA:299,0
DA:300,0
DA:301,0
DA:302,0
DA:303,0
DA:304,0
DA:305,0
DA:306,0
DA:307,0
DA:308,0
DA:309,0
DA:310,0
DA:311,0
DA:312,0
DA:313,0
DA:314,0
DA:317,0
DA:318,0
DA:319,0
DA:320,0
DA:321,0
DA:322,0
DA:323,0
DA:324,0
DA:325,0
DA:326,0
DA:327,0
DA:328,0
DA:329,0
DA:330,0
DA:331,0
DA:332,0
DA:333,0
DA:334,0
DA:335,0
DA:336,0
LF:189
LH:0
end_of_record
